This is LuaHBTeX, Version 1.24.0 (TeX Live 2026/Arch Linux)  (format=lualatex 2026.6.2)  22 JUN 2026 17:57
 system commands enabled.
 file:line:error style messages enabled.
**main.tex
(./main.tex
LaTeX2e <2025-11-01>
L3 programming layer <2026-01-19>
Lua module: luaotfload 2024-12-03 v3.29 Lua based OpenType font support
Lua module: lualibs 2023-07-13 v2.76 ConTeXt Lua standard libraries.
Lua module: lualibs-extended 2023-07-13 v2.76 ConTeXt Lua libraries -- extended collection.
luaotfload | conf : Root cache directory is "/home/angel/.texlive/texmf-var/luatex-cache/generic/names".
luaotfload | init : Loading fontloader "fontloader-2023-12-28.lua" from kpse-resolved path "/usr/share/texmf-dist/tex/luatex/luaotfload/fontloader-2023-12-28.lua".
Lua-only attribute luaotfload@noligature = 1
luaotfload | init : Context OpenType loader version 3.134
Inserting `luaotfload.node_processor' in `pre_linebreak_filter'.
Inserting `luaotfload.node_processor' in `hpack_filter'.
Inserting `luaotfload.glyph_stream' in `glyph_stream_provider'.
Inserting `luaotfload.define_font' in `define_font'.
Lua-only attribute luaotfload_color_attribute = 2
luaotfload | conf : Root cache directory is "/home/angel/.texlive/texmf-var/luatex-cache/generic/names".
Inserting `luaotfload.harf.strip_prefix' in `find_opentype_file'.
Inserting `luaotfload.harf.strip_prefix' in `find_truetype_file'.
Removing  `luaotfload.glyph_stream' from `glyph_stream_provider'.
Inserting `luaotfload.harf.glyphstream' in `glyph_stream_provider'.
Inserting `luaotfload.harf.finalize_vlist' in `post_linebreak_filter'.
Inserting `luaotfload.harf.finalize_hlist' in `hpack_filter'.
Inserting `luaotfload.cleanup_files' in `wrapup_run'.
Inserting `luaotfload.harf.finalize_unicode' in `finish_pdffile'.
Inserting `luaotfload.glyphinfo' in `glyph_info'.
Lua-only attribute luaotfload.letterspace_done = 3
Inserting `luaotfload.aux.set_sscale_dimens' in `luaotfload.patch_font'.
Inserting `luaotfload.aux.set_font_index' in `luaotfload.patch_font'.
Inserting `luaotfload.aux.patch_cambria_domh' in `luaotfload.patch_font'.
Inserting `luaotfload.aux.fixup_fontdata' in `luaotfload.patch_font_unsafe'.
Inserting `luaotfload.aux.set_capheight' in `luaotfload.patch_font'.
Inserting `luaotfload.aux.set_xheight' in `luaotfload.patch_font'.
Inserting `luaotfload.rewrite_fontname' in `luaotfload.patch_font'.
Inserting `tracingstacklevels' in `input_level_string'. (/usr/share/texmf-dist/tex/latex/base/report.cls
Document Class: report 2025/01/22 v1.4n Standard LaTeX document class
(/usr/share/texmf-dist/tex/latex/base/size10.clo
File: size10.clo 2025/01/22 v1.4n Standard LaTeX file (size option)
luaotfload | db : Font names database loaded from /home/angel/.texlive/texmf-var/luatex-cache/generic/names/luaotfload-names.luc.gz)
\c@part=\count273
\c@chapter=\count274
\c@section=\count275
\c@subsection=\count276
\c@subsubsection=\count277
\c@paragraph=\count278
\c@subparagraph=\count279
\c@figure=\count280
\c@table=\count281
\abovecaptionskip=\skip49
\belowcaptionskip=\skip50
\bibindent=\dimen147
) (/home/angel/dev/latex/template/preamble.tex (/usr/share/texmf-dist/tex/latex/geometry/geometry.sty
Package: geometry 2020/01/02 v5.9 Page Geometry
 (/usr/share/texmf-dist/tex/latex/graphics/keyval.sty
Package: keyval 2022/05/29 v1.15 key=value parser (DPC)
\KV@toks@=\toks17
) (/usr/share/texmf-dist/tex/generic/iftex/ifvtex.sty
Package: ifvtex 2019/10/25 v1.7 ifvtex legacy package. Use iftex instead.
 (/usr/share/texmf-dist/tex/generic/iftex/iftex.sty
Package: iftex 2024/12/12 v1.0g TeX engine tests
))
\Gm@cnth=\count282
\Gm@cntv=\count283
\c@Gm@tempcnt=\count284
\Gm@bindingoffset=\dimen148
\Gm@wd@mp=\dimen149
\Gm@odd@mp=\dimen150
\Gm@even@mp=\dimen151
\Gm@layoutwidth=\dimen152
\Gm@layoutheight=\dimen153
\Gm@layouthoffset=\dimen154
\Gm@layoutvoffset=\dimen155
\Gm@dimlist=\toks18
) (/usr/share/texmf-dist/tex/latex/amsmath/amsmath.sty
Package: amsmath 2025/07/09 v2.17z AMS math features
\@mathmargin=\skip51

For additional information on amsmath, use the `?' option.
(/usr/share/texmf-dist/tex/latex/amsmath/amstext.sty
Package: amstext 2024/11/17 v2.01 AMS text
 (/usr/share/texmf-dist/tex/latex/amsmath/amsgen.sty
File: amsgen.sty 1999/11/30 v2.0 generic functions
\@emptytoks=\toks19
\ex@=\dimen156
)) (/usr/share/texmf-dist/tex/latex/amsmath/amsbsy.sty
Package: amsbsy 1999/11/29 v1.2d Bold Symbols
\pmbraise@=\dimen157
) (/usr/share/texmf-dist/tex/latex/amsmath/amsopn.sty
Package: amsopn 2022/04/08 v2.04 operator names
)
\inf@bad=\count285
LaTeX Info: Redefining \frac on input line 235.
\uproot@=\count286
\leftroot@=\count287
LaTeX Info: Redefining \overline on input line 398.
LaTeX Info: Redefining \colon on input line 409.
\classnum@=\count288
\DOTSCASE@=\count289
LaTeX Info: Redefining \ldots on input line 495.
LaTeX Info: Redefining \dots on input line 498.
LaTeX Info: Redefining \cdots on input line 619.
\Mathstrutbox@=\box53
\strutbox@=\box54
LaTeX Info: Redefining \big on input line 721.
LaTeX Info: Redefining \Big on input line 722.
LaTeX Info: Redefining \bigg on input line 723.
LaTeX Info: Redefining \Bigg on input line 724.
\big@size=\dimen158
LaTeX Font Info:    Redeclaring font encoding OML on input line 742.
LaTeX Font Info:    Redeclaring font encoding OMS on input line 743.
\macc@depth=\count290
LaTeX Info: Redefining \bmod on input line 904.
LaTeX Info: Redefining \pmod on input line 909.
LaTeX Info: Redefining \smash on input line 939.
LaTeX Info: Redefining \relbar on input line 969.
LaTeX Info: Redefining \Relbar on input line 970.
\c@MaxMatrixCols=\count291
\dotsspace@=\muskip17
\c@parentequation=\count292
\dspbrk@lvl=\count293
\tag@help=\toks20
\row@=\count294
\column@=\count295
\maxfields@=\count296
\andhelp@=\toks21
\eqnshift@=\dimen159
\alignsep@=\dimen160
\tagshift@=\dimen161
\tagwidth@=\dimen162
\totwidth@=\dimen163
\lineht@=\dimen164
\@envbody=\toks22
\multlinegap=\skip52
\multlinetaggap=\skip53
\mathdisplay@stack=\toks23
LaTeX Info: Redefining \[ on input line 2950.
LaTeX Info: Redefining \] on input line 2951.
) (/usr/share/texmf-dist/tex/latex/amsfonts/amsfonts.sty
Package: amsfonts 2013/01/14 v3.01 Basic AMSFonts support
\symAMSa=\mathgroup4
\symAMSb=\mathgroup5
LaTeX Font Info:    Redeclaring math symbol \hbar on input line 98.
LaTeX Font Info:    Overwriting math alphabet `\mathfrak' in version `bold'
(Font)                  U/euf/m/n --> U/euf/b/n on input line 106.
) (/usr/share/texmf-dist/tex/latex/amscls/amsthm.sty
Package: amsthm 2020/05/29 v2.20.6
\thm@style=\toks24
\thm@bodyfont=\toks25
\thm@headfont=\toks26
\thm@notefont=\toks27
\thm@headpunct=\toks28
\thm@preskip=\skip54
\thm@postskip=\skip55
\thm@headsep=\skip56
\dth@everypar=\toks29
) (/usr/share/texmf-dist/tex/latex/amsfonts/amssymb.sty
Package: amssymb 2013/01/14 v3.01 AMS font symbols
) (/usr/share/texmf-dist/tex/latex/mathtools/mathtools.sty
Package: mathtools 2024/10/04 v1.31 mathematical typesetting tools
 (/usr/share/texmf-dist/tex/latex/tools/calc.sty
Package: calc 2025/03/01 v4.3b Infix arithmetic (KKT,FJ)
\calc@Acount=\count297
\calc@Bcount=\count298
\calc@Adimen=\dimen165
\calc@Bdimen=\dimen166
\calc@Askip=\skip57
\calc@Bskip=\skip58
LaTeX Info: Redefining \setlength on input line 86.
LaTeX Info: Redefining \addtolength on input line 87.
\calc@Ccount=\count299
\calc@Cskip=\skip59
) (/usr/share/texmf-dist/tex/latex/mathtools/mhsetup.sty
Package: mhsetup 2021/03/18 v1.4 programming setup (MH)
)
\g_MT_multlinerow_int=\count300
\l_MT_multwidth_dim=\dimen167
\origjot=\skip60
\l_MT_shortvdotswithinadjustabove_dim=\dimen168
\l_MT_shortvdotswithinadjustbelow_dim=\dimen169
\l_MT_above_intertext_sep=\dimen170
\l_MT_below_intertext_sep=\dimen171
\l_MT_above_shortintertext_sep=\dimen172
\l_MT_below_shortintertext_sep=\dimen173
\xmathstrut@box=\box55
\xmathstrut@dim=\dimen174
) (/usr/share/texmf-dist/tex/latex/jknapltx/mathrsfs.sty
Package: mathrsfs 1996/01/01 Math RSFS package v1.0 (jk)
\symrsfs=\mathgroup6
) (/usr/share/texmf-dist/tex/latex/wasysym/wasysym.sty
Package: wasysym 2020/01/19 v2.4 Wasy-2 symbol support package
\symwasy=\mathgroup7
LaTeX Font Info:    Overwriting symbol font `wasy' in version `bold'
(Font)                  U/wasy/m/n --> U/wasy/b/n on input line 93.
) (/usr/share/texmf-dist/tex/latex/svg/svg.sty
Package: svg 2020/11/26 v2.02k (include SVG pictures)
 (/usr/share/texmf-dist/tex/latex/koma-script/scrbase.sty
Package: scrbase 2026/02/02 v3.49.2 KOMA-Script package (KOMA-Script-independent basics and keyval usage)
 (/usr/share/texmf-dist/tex/latex/koma-script/scrlfile.sty
Package: scrlfile 2026/02/02 v3.49.2 KOMA-Script package (file load hooks)
 (/usr/share/texmf-dist/tex/latex/koma-script/scrlfile-hook.sty
Package: scrlfile-hook 2026/02/02 v3.49.2 KOMA-Script package (using LaTeX hooks)
 (/usr/share/texmf-dist/tex/latex/koma-script/scrlogo.sty
Package: scrlogo 2026/02/02 v3.49.2 KOMA-Script package (logo)
)))
Applying: [2021/05/01] Usage of raw or classic option list on input line 254.
Already applied: [0000/00/00] Usage of raw or classic option list on input line 370.
) (/usr/share/texmf-dist/tex/generic/pdftexcmds/pdftexcmds.sty
Package: pdftexcmds 2020-06-27 v0.33 Utility functions of pdfTeX for LuaTeX (HO)
 (/usr/share/texmf-dist/tex/generic/infwarerr/infwarerr.sty
Package: infwarerr 2019/12/03 v1.5 Providing info/warning/error messages (HO)
) (/usr/share/texmf-dist/tex/generic/ltxcmds/ltxcmds.sty
Package: ltxcmds 2023-12-04 v1.26 LaTeX kernel commands for general use (HO)
)
Package pdftexcmds Info: \pdf@primitive is available.
Package pdftexcmds Info: \pdf@ifprimitive is available.
Package pdftexcmds Info: \pdfdraftmode found.
\pdftexcmds@toks=\toks30
) (/usr/share/texmf-dist/tex/latex/trimspaces/trimspaces.sty
Package: trimspaces 2009/09/17 v1.1 Trim spaces around a token list
) (/usr/share/texmf-dist/tex/latex/graphics/graphicx.sty
Package: graphicx 2024/12/31 v1.2e Enhanced LaTeX Graphics (DPC,SPQR)
 (/usr/share/texmf-dist/tex/latex/graphics/graphics.sty
Package: graphics 2024/08/06 v1.4g Standard LaTeX Graphics (DPC,SPQR)
 (/usr/share/texmf-dist/tex/latex/graphics/trig.sty
Package: trig 2023/12/02 v1.11 sin cos tan (DPC)
) (/usr/share/texmf-dist/tex/latex/graphics-cfg/graphics.cfg
File: graphics.cfg 2016/06/04 v1.11 sample graphics configuration
)
Package graphics Info: Driver file: luatex.def on input line 106.
 (/usr/share/texmf-dist/tex/latex/graphics-def/luatex.def
File: luatex.def 2025/09/29 v1.2f Graphics/color driver for luatex
))
\Gin@req@height=\dimen175
\Gin@req@width=\dimen176
) (/usr/share/texmf-dist/tex/latex/tools/shellesc.sty
Package: shellesc 2023/07/08 v1.0d unified shell escape interface for LaTeX
Package shellesc Info: Unrestricted shell escape enabled on input line 75.
) (/usr/share/texmf-dist/tex/latex/ifplatform/ifplatform.sty
Package: ifplatform 2017/10/13 v0.4a Testing for the operating system
 (/usr/share/texmf-dist/tex/generic/catchfile/catchfile.sty
Package: catchfile 2019/12/09 v1.8 Catch the contents of a file (HO)
 (/usr/share/texmf-dist/tex/generic/etexcmds/etexcmds.sty
Package: etexcmds 2019/12/15 v1.7 Avoid name clashes with e-TeX commands (HO)
)) (/usr/share/texmf-dist/tex/generic/iftex/ifluatex.sty
Package: ifluatex 2019/10/25 v1.5 ifluatex legacy package. Use iftex instead.
)
runsystem(uname -s > "main.w18")...executed.
 (./main.w18)
runsystem(rm -- "main.w18")...executed.
)
\c@svg@param@lastpage=\count301
\svg@box=\box56
\c@svg@param@currpage=\count302
) (/usr/share/texmf-dist/tex/latex/xcolor/xcolor.sty
Package: xcolor 2024/09/29 v3.02 LaTeX color extensions (UK)
 (/usr/share/texmf-dist/tex/latex/graphics-cfg/color.cfg
File: color.cfg 2016/01/02 v1.6 sample color configuration
)
Package xcolor Info: Driver file: luatex.def on input line 274.
 (/usr/share/texmf-dist/tex/latex/graphics/mathcolor.ltx)
Package xcolor Info: Model `cmy' substituted by `cmy0' on input line 1349.
Package xcolor Info: Model `hsb' substituted by `rgb' on input line 1353.
Package xcolor Info: Model `RGB' extended on input line 1365.
Package xcolor Info: Model `HTML' substituted by `rgb' on input line 1367.
Package xcolor Info: Model `Hsb' substituted by `hsb' on input line 1368.
Package xcolor Info: Model `tHsb' substituted by `hsb' on input line 1369.
Package xcolor Info: Model `HSB' substituted by `hsb' on input line 1370.
Package xcolor Info: Model `Gray' substituted by `gray' on input line 1371.
Package xcolor Info: Model `wave' substituted by `hsb' on input line 1372.
) (/usr/share/texmf-dist/tex/latex/transparent/transparent.sty
Package: transparent 2025-06-23 v1.6 Transparency with color stacks

(/usr/share/texmf-dist/tex/latex/transparent/transparent-nometadata.sty
Package: transparent-nometadata 2025-06-23 v1.6 Transparency via pdfTeX's color stack (HO)
 (/usr/share/texmf-dist/tex/latex/auxhook/auxhook.sty
Package: auxhook 2019-12-17 v1.6 Hooks for auxiliary files (HO)
))) (/usr/share/texmf-dist/tex/latex/pgf/systemlayer/pgfsys.sty (/usr/share/texmf-dist/tex/latex/pgf/utilities/pgfrcs.sty (/usr/share/texmf-dist/tex/generic/pgf/utilities/pgfutil-common.tex
\pgfutil@everybye=\toks31
\pgfutil@tempdima=\dimen177
\pgfutil@tempdimb=\dimen178
) (/usr/share/texmf-dist/tex/generic/pgf/utilities/pgfutil-latex.def
\pgfutil@abb=\box57
) (/usr/share/texmf-dist/tex/generic/pgf/utilities/pgfrcs.code.tex (/usr/share/texmf-dist/tex/generic/pgf/pgf.revision.tex)
Package: pgfrcs 2025-08-29 v3.1.11a (3.1.11a)
)) (/usr/share/texmf-dist/tex/generic/pgf/systemlayer/pgfsys.code.tex
Package: pgfsys 2025-08-29 v3.1.11a (3.1.11a)
 (/usr/share/texmf-dist/tex/generic/pgf/utilities/pgfkeys.code.tex
\pgfkeys@pathtoks=\toks32
\pgfkeys@temptoks=\toks33
 (/usr/share/texmf-dist/tex/generic/pgf/utilities/pgfkeyslibraryfiltered.code.tex
\pgfkeys@tmptoks=\toks34
))
\pgf@x=\dimen179
\pgf@y=\dimen180
\pgf@xa=\dimen181
\pgf@ya=\dimen182
\pgf@xb=\dimen183
\pgf@yb=\dimen184
\pgf@xc=\dimen185
\pgf@yc=\dimen186
\pgf@xd=\dimen187
\pgf@yd=\dimen188
\w@pgf@writea=\write3
\r@pgf@reada=\read2
\c@pgf@counta=\count303
\c@pgf@countb=\count304
\c@pgf@countc=\count305
\c@pgf@countd=\count306
\t@pgf@toka=\toks35
\t@pgf@tokb=\toks36
\t@pgf@tokc=\toks37
\pgf@sys@id@count=\count307
 (/usr/share/texmf-dist/tex/generic/pgf/systemlayer/pgf.cfg
File: pgf.cfg 2025-08-29 v3.1.11a (3.1.11a)
)
Driver file for pgf: pgfsys-luatex.def
 (/usr/share/texmf-dist/tex/generic/pgf/systemlayer/pgfsys-luatex.def
File: pgfsys-luatex.def 2025-08-29 v3.1.11a (3.1.11a)
 (/usr/share/texmf-dist/tex/generic/pgf/systemlayer/pgfsys-common-pdf.def
File: pgfsys-common-pdf.def 2025-08-29 v3.1.11a (3.1.11a)
))) (/usr/share/texmf-dist/tex/generic/pgf/systemlayer/pgfsyssoftpath.code.tex
File: pgfsyssoftpath.code.tex 2025-08-29 v3.1.11a (3.1.11a)
\pgfsyssoftpath@smallbuffer@items=\count308
\pgfsyssoftpath@bigbuffer@items=\count309
) (/usr/share/texmf-dist/tex/generic/pgf/systemlayer/pgfsysprotocol.code.tex
File: pgfsysprotocol.code.tex 2025-08-29 v3.1.11a (3.1.11a)
)) (/usr/share/texmf-dist/tex/latex/lipsum/lipsum.sty (/usr/share/texmf-dist/tex/latex/l3packages/l3keys2e/l3keys2e.sty (/usr/share/texmf-dist/tex/latex/l3kernel/expl3.sty
Package: expl3 2026-01-19 L3 programming layer (loader) 
 (/usr/share/texmf-dist/tex/latex/l3backend/l3backend-luatex.def
File: l3backend-luatex.def 2025-10-09 L3 backend support: PDF output (LuaTeX)
\l__color_backend_stack_int=\count310
Inserting `l3color' in `luaotfload.parse_color'.))
Package: l3keys2e 2025-10-09 LaTeX2e option processing using LaTeX3 keys
)
Package: lipsum 2021-09-20 v2.7 150 paragraphs of Lorem Ipsum dummy text
\g__lipsum_par_int=\count311
\l__lipsum_a_int=\count312
\l__lipsum_b_int=\count313
 (/usr/share/texmf-dist/tex/latex/lipsum/lipsum.ltd.tex)) (/usr/share/texmf-dist/tex/latex/fontawesome5/fontawesome5.sty
Package: fontawesome5 2022/05/02 v5.15.4 Font Awesome 5
 (/usr/share/texmf-dist/tex/latex/l3packages/xparse/xparse.sty
Package: xparse 2025-10-09 L3 Experimental document command parser
) (/usr/share/texmf-dist/tex/latex/fontawesome5/fontawesome5-utex-helper.sty
Package: fontawesome5-utex-helper 2022/05/02 v5.15.4 uTeX helper for fontawesome5
 (/usr/share/texmf-dist/tex/luatex/luatexbase/luatexbase.sty
Package: luatexbase 2015/10/04 v1.3 luatexbase interface to LuaTeX 
 (/usr/share/texmf-dist/tex/luatex/ctablestack/ctablestack.sty
Package: ctablestack 2015/10/01 v1.0 Catcode table stable support
\@catcodetablestackcnt=\count314
)
\CatcodeTableOther=\catcodetable14
\CatcodeTableExpl=\catcodetable15
)
LaTeX Font Info:    Trying to load font information for TU+fontawesomefree on input line 69.
 (/usr/share/texmf-dist/tex/latex/fontawesome5/tufontawesomefree.fd)
LaTeX Font Info:    Trying to load font information for TU+fontawesomebrands on input line 70.
 (/usr/share/texmf-dist/tex/latex/fontawesome5/tufontawesomebrands.fd))) (/usr/share/texmf-dist/tex/latex/carlisle/slashed.sty
Package: slashed 1997/01/16 v0.01 Feynman Slashed Character Notation (DPC)
) (/usr/share/texmf-dist/tex/latex/booktabs/booktabs.sty
Package: booktabs 2020/01/12 v1.61803398 Publication quality tables
\heavyrulewidth=\dimen189
\lightrulewidth=\dimen190
\cmidrulewidth=\dimen191
\belowrulesep=\dimen192
\belowbottomsep=\dimen193
\aboverulesep=\dimen194
\abovetopsep=\dimen195
\cmidrulesep=\dimen196
\cmidrulekern=\dimen197
\defaultaddspace=\dimen198
\@cmidla=\count315
\@cmidlb=\count316
\@aboverulesep=\dimen199
\@belowrulesep=\dimen256
\@thisruleclass=\count317
\@lastruleclass=\count318
\@thisrulewidth=\dimen257
)
(/usr/share/texmf-dist/tex/latex/siunitx/siunitx.sty
Package: siunitx 2025-07-09 v3.4.14 A comprehensive (SI) units package
\l__siunitx_number_uncert_offset_int=\count319
\l__siunitx_number_exponent_fixed_int=\count320
\l__siunitx_number_min_decimal_int=\count321
\l__siunitx_number_min_integer_int=\count322
\l__siunitx_number_round_precision_int=\count323
\l__siunitx_number_lower_threshold_int=\count324
\l__siunitx_number_upper_threshold_int=\count325
\l__siunitx_number_group_first_int=\count326
\l__siunitx_number_group_size_int=\count327
\l__siunitx_number_group_minimum_int=\count328
\l__siunitx_angle_tmp_dim=\dimen258
\l__siunitx_angle_marker_box=\box58
\l__siunitx_angle_unit_box=\box59
\l__siunitx_compound_count_int=\count329
 (/usr/share/texmf-dist/tex/latex/translations/translations.sty
Package: translations 2022/02/05 v1.12 internationalization of LaTeX2e packages (CN)
 (/usr/share/texmf-dist/tex/latex/etoolbox/etoolbox.sty
Package: etoolbox 2025/10/02 v2.5m e-TeX tools for LaTeX (JAW)
\etb@tempcnta=\count330
))
\l__siunitx_table_tmp_box=\box60
\l__siunitx_table_tmp_dim=\dimen259
\l__siunitx_table_column_width_dim=\dimen260
\l__siunitx_table_integer_box=\box61
\l__siunitx_table_decimal_box=\box62
\l__siunitx_table_uncert_box=\box63
\l__siunitx_table_before_box=\box64
\l__siunitx_table_after_box=\box65
\l__siunitx_table_before_dim=\dimen261
\l__siunitx_table_carry_dim=\dimen262
\l__siunitx_unit_tmp_int=\count331
\l__siunitx_unit_position_int=\count332
\l__siunitx_unit_total_int=\count333
 (/usr/share/texmf-dist/tex/latex/tools/array.sty
Package: array 2025/09/25 v2.6n Tabular extension package (FMi)
\col@sep=\dimen263
\ar@mcellbox=\box66
\extrarowheight=\dimen264
\NC@list=\toks38
\extratabsurround=\skip61
\backup@length=\skip62
\ar@cellbox=\box67
)) (/usr/share/texmf-dist/tex/latex/titlesec/titlesec.sty
Package: titlesec 2025/01/04 v2.17 Sectioning titles
\ttl@box=\box68
\beforetitleunit=\skip63
\aftertitleunit=\skip64
\ttl@plus=\dimen265
\ttl@minus=\dimen266
\ttl@toksa=\toks39
\titlewidth=\dimen267
\titlewidthlast=\dimen268
\titlewidthfirst=\dimen269
) (/usr/share/texmf-dist/tex/latex/xfrac/xfrac.sty
Package: xfrac 2024-06-04 Split-level fractions
\l__xfrac_slash_box=\box69
\l__xfrac_tmp_box=\box70
\l__xfrac_denominator_bot_sep_dim=\dimen270
\l__xfrac_numerator_bot_sep_dim=\dimen271
\l__xfrac_numerator_top_sep_dim=\dimen272
\l__xfrac_slash_left_sep_dim=\dimen273
\l__xfrac_slash_right_sep_dim=\dimen274
\l__xfrac_slash_left_muskip=\muskip18
\l__xfrac_slash_right_muskip=\muskip19

LaTeX template Info: Declaring template type 'xfrac' taking 3 argument(s) on
(template)           line 100.


LaTeX template Info: Declaring instance 'cmr' of type xfrac on line 392.


LaTeX template Info: Declaring instance 'cmss' of type xfrac on line 392.


LaTeX template Info: Declaring instance 'cmtt' of type xfrac on line 392.

) (/usr/share/texmf-dist/tex/latex/changepage/changepage.sty
Package: changepage 2009/10/20 v1.0c check page and change page layout
\c@cp@cntr=\count334
\cp@tempcnt=\count335
) (/usr/share/texmf-dist/tex/latex/cancel/cancel.sty
Package: cancel 2013/04/12 v2.2 Cancel math terms
) (/usr/share/texmf-dist/tex/latex/circledtext/circledtext.sty
Package: circledtext 2025-08-27 v1.1.2 Typeset circled text with l3draw
 (/usr/share/texmf-dist/tex/latex/l3packages/xtemplate/xtemplate.sty
Package: xtemplate 2025-10-09 L3 Experimental prototype document functions
) (/usr/share/texmf-dist/tex/latex/l3experimental/l3draw/l3draw.sty
Package: l3draw 2025-10-09 L3 Experimental core drawing support
\l__draw_tmp_box=\box71
\g__draw_path_lastx_dim=\dimen275
\g__draw_path_lasty_dim=\dimen276
\g__draw_path_xmax_dim=\dimen277
\g__draw_path_xmin_dim=\dimen278
\g__draw_path_ymax_dim=\dimen279
\g__draw_path_ymin_dim=\dimen280
\l__draw_corner_xarc_dim=\dimen281
\l__draw_corner_yarc_dim=\dimen282
\l__draw_path_lastx_dim=\dimen283
\l__draw_path_lasty_dim=\dimen284
\l__draw_path_xmax_dim=\dimen285
\l__draw_path_xmin_dim=\dimen286
\l__draw_path_ymax_dim=\dimen287
\l__draw_path_ymin_dim=\dimen288
\l__draw_softpath_lastx_dim=\dimen289
\l__draw_softpath_lasty_dim=\dimen290
\l__draw_xvec_x_dim=\dimen291
\l__draw_xvec_y_dim=\dimen292
\l__draw_yvec_x_dim=\dimen293
\l__draw_yvec_y_dim=\dimen294
\l__draw_zvec_x_dim=\dimen295
\l__draw_zvec_y_dim=\dimen296
\g_draw_bb_xmax_dim=\dimen297
\g_draw_bb_xmin_dim=\dimen298
\g_draw_bb_ymax_dim=\dimen299
\g_draw_bb_ymin_dim=\dimen300
\l__draw_main_box=\box72
\l__draw_layer_main_box=\box73
\g_draw_id_int=\count336
\l__draw_baseline_dim=\dimen301
\l__draw_linewidth_dim=\dimen302
\l__draw_xmax_dim=\dimen303
\l__draw_xmin_dim=\dimen304
\l__draw_ymax_dim=\dimen305
\l__draw_ymin_dim=\dimen306
\g__draw_softpath_lastx_dim=\dimen307
\g__draw_softpath_lasty_dim=\dimen308
\l__draw_softpath_corneri_dim=\dimen309
\l__draw_softpath_cornerii_dim=\dimen310
\g__draw_linewidth_dim=\dimen311
\l_draw_default_linewidth_dim=\dimen312
\l__draw_xshift_dim=\dimen313
\l__draw_yshift_dim=\dimen314
)
\l__circledtext_basebox_box=\box74
\l__circledtext_char_box_size_dim=\dimen315
\l__circledtext_char_box_radius_dim=\dimen316
\l__circledtext_char_width_dim=\dimen317
\l__circledtext_char_height_dim=\dimen318
\l__circledtext_box_width_dim=\dimen319
\l__circledtext_box_height_dim=\dimen320
\l__circledtext_box_linewidth_dim=\dimen321
\l__circledtext_cross_linewidth_dim=\dimen322
\l__circledtext_char_dp_dim=\dimen323
\l__circledtext_str_box_coffin=\box75
\l__circledtext_box_coffin=\box76
\l__circledtext_char_coffin=\box77
\l__circledtext_tmpa_coffin=\box78
\l__circledtext_tmpb_coffin=\box79
\charboxwd=\dimen324
\charboxht=\dimen325
\l__circledtext_cross_color_ratio_int=\count337
\l__circledtext_charstroke_type_int=\count338

Missing character: There is no 好 (U+597D) in font [lmroman10-regular]:+tlig;!
) (/usr/share/texmf-dist/tex/latex/esdiff/esdiff.sty
Package: esdiff 
) (/usr/share/texmf-dist/tex/latex/bookmark/bookmark.sty
Package: bookmark 2023-12-10 v1.31 PDF bookmarks (HO)
 (/usr/share/texmf-dist/tex/latex/hyperref/hyperref.sty
Package: hyperref 2026-01-29 v7.01p Hypertext links for LaTeX
 (/usr/share/texmf-dist/tex/latex/kvsetkeys/kvsetkeys.sty
Package: kvsetkeys 2022-10-05 v1.19 Key value parser (HO)
) (/usr/share/texmf-dist/tex/generic/kvdefinekeys/kvdefinekeys.sty
Package: kvdefinekeys 2019-12-19 v1.6 Define keys (HO)
) (/usr/share/texmf-dist/tex/generic/pdfescape/pdfescape.sty
Package: pdfescape 2019/12/09 v1.15 Implements pdfTeX's escape features (HO)
) (/usr/share/texmf-dist/tex/latex/hycolor/hycolor.sty
Package: hycolor 2020-01-27 v1.10 Color options for hyperref/bookmark (HO)
) (/usr/share/texmf-dist/tex/latex/hyperref/nameref.sty
Package: nameref 2026-01-29 v2.58 Cross-referencing by name of section
 (/usr/share/texmf-dist/tex/latex/refcount/refcount.sty
Package: refcount 2019/12/15 v3.6 Data extraction from label references (HO)
) (/usr/share/texmf-dist/tex/generic/gettitlestring/gettitlestring.sty
Package: gettitlestring 2019/12/15 v1.6 Cleanup title references (HO)
 (/usr/share/texmf-dist/tex/latex/kvoptions/kvoptions.sty
Package: kvoptions 2022-06-15 v3.15 Key value format for package options (HO)
))
\c@section@level=\count339
) (/usr/share/texmf-dist/tex/generic/stringenc/stringenc.sty
Package: stringenc 2019/11/29 v1.12 Convert strings between diff. encodings (HO)
)
\@linkdim=\dimen326
\Hy@linkcounter=\count340
\Hy@pagecounter=\count341
 (/usr/share/texmf-dist/tex/latex/hyperref/pd1enc.def
File: pd1enc.def 2026-01-29 v7.01p Hyperref: PDFDocEncoding definition (HO)
) (/usr/share/texmf-dist/tex/generic/intcalc/intcalc.sty
Package: intcalc 2019/12/15 v1.3 Expandable calculations with integers (HO)
)
\Hy@SavedSpaceFactor=\count342
 (/usr/share/texmf-dist/tex/latex/hyperref/puenc.def
File: puenc.def 2026-01-29 v7.01p Hyperref: PDF Unicode definition (HO)
)
Package hyperref Info: Hyper figures OFF on input line 4201.
Package hyperref Info: Link nesting OFF on input line 4206.
Package hyperref Info: Hyper index ON on input line 4209.
Package hyperref Info: Plain pages OFF on input line 4216.
Package hyperref Info: Backreferencing OFF on input line 4221.
Package hyperref Info: Implicit mode ON; LaTeX internals redefined.
Package hyperref Info: Bookmarks ON on input line 4468.
\c@Hy@tempcnt=\count343
 (/usr/share/texmf-dist/tex/latex/url/url.sty
\Urlmuskip=\muskip20
Package: url 2013/09/16  ver 3.4  Verb mode for urls, etc.
)
LaTeX Info: Redefining \url on input line 4807.
\XeTeXLinkMargin=\dimen327
 (/usr/share/texmf-dist/tex/generic/bitset/bitset.sty
Package: bitset 2019/12/09 v1.3 Handle bit-vector datatype (HO)
 (/usr/share/texmf-dist/tex/generic/bigintcalc/bigintcalc.sty
Package: bigintcalc 2019/12/15 v1.5 Expandable calculations on big integers (HO)
))
\Fld@menulength=\count344
\Field@Width=\dimen328
\Fld@charsize=\dimen329
Package hyperref Info: Hyper figures OFF on input line 6084.
Package hyperref Info: Link nesting OFF on input line 6089.
Package hyperref Info: Hyper index ON on input line 6092.
Package hyperref Info: backreferencing OFF on input line 6099.
Package hyperref Info: Link coloring OFF on input line 6104.
Package hyperref Info: Link coloring with OCG OFF on input line 6109.
Package hyperref Info: PDF/A mode OFF on input line 6114.
\Hy@abspage=\count345
\c@Item=\count346
\c@Hfootnote=\count347
)
Package hyperref Info: Driver (autodetected): hluatex.
 (/usr/share/texmf-dist/tex/latex/hyperref/hluatex.def
File: hluatex.def 2026-01-29 v7.01p Hyperref driver for luaTeX
\Fld@listcount=\count348
\c@bookmark@seq@number=\count349
 (/usr/share/texmf-dist/tex/latex/rerunfilecheck/rerunfilecheck.sty
Package: rerunfilecheck 2025-06-21 v1.11 Rerun checks for auxiliary files (HO)
 (/usr/share/texmf-dist/tex/generic/uniquecounter/uniquecounter.sty
Package: uniquecounter 2019/12/15 v1.4 Provide unlimited unique counter (HO)
)
Package uniquecounter Info: New unique counter `rerunfilecheck' on input line 284.
)
\Hy@SectionHShift=\skip65
) (/usr/share/texmf-dist/tex/latex/bookmark/bkm-pdftex.def
File: bkm-pdftex.def 2023-12-10 v1.31 bookmark driver for pdfTeX and luaTeX (HO)
\BKM@id=\count350
)) (/usr/share/texmf-dist/tex/latex/enumitem/enumitem.sty
Package: enumitem 2025/02/06 v3.11 Customized lists
\labelindent=\skip66
\enit@outerparindent=\dimen330
\enit@toks=\toks40
\enit@inbox=\box80
\enit@count@id=\count351
\enitdp@description=\count352
) (/usr/share/texmf-dist/tex/latex/theoremref/theoremref.sty
Package: theoremref 2013/05/22 References with automatic theorem names
\thmref@num=\count353
) (/usr/share/texmf-dist/tex/latex/mdframed/mdframed.sty
Package: mdframed 2013/07/01 1.9b: mdframed
 (/usr/share/texmf-dist/tex/latex/zref/zref-abspage.sty
Package: zref-abspage 2025-06-08 v2.36 Module abspage for zref (HO)
 (/usr/share/texmf-dist/tex/latex/zref/zref-base.sty
Package: zref-base 2025-06-08 v2.36 Module base for zref (HO)
Package zref Info: New property list: main on input line 767.
Package zref Info: New property: default on input line 768.
Package zref Info: New property: page on input line 769.
)
\c@abspage=\count354
Package zref Info: New property: abspage on input line 67.
) (/usr/share/texmf-dist/tex/latex/needspace/needspace.sty
Package: needspace 2025/03/13 v1.3e reserve vertical space
)
\mdf@templength=\skip67
\c@mdf@globalstyle@cnt=\count355
\mdf@skipabove@length=\skip68
\mdf@skipbelow@length=\skip69
\mdf@leftmargin@length=\skip70
\mdf@rightmargin@length=\skip71
\mdf@innerleftmargin@length=\skip72
\mdf@innerrightmargin@length=\skip73
\mdf@innertopmargin@length=\skip74
\mdf@innerbottommargin@length=\skip75
\mdf@splittopskip@length=\skip76
\mdf@splitbottomskip@length=\skip77
\mdf@outermargin@length=\skip78
\mdf@innermargin@length=\skip79
\mdf@linewidth@length=\skip80
\mdf@innerlinewidth@length=\skip81
\mdf@middlelinewidth@length=\skip82
\mdf@outerlinewidth@length=\skip83
\mdf@roundcorner@length=\skip84
\mdf@footenotedistance@length=\skip85
\mdf@userdefinedwidth@length=\skip86
\mdf@needspace@length=\skip87
\mdf@frametitleaboveskip@length=\skip88
\mdf@frametitlebelowskip@length=\skip89
\mdf@frametitlerulewidth@length=\skip90
\mdf@frametitleleftmargin@length=\skip91
\mdf@frametitlerightmargin@length=\skip92
\mdf@shadowsize@length=\skip93
\mdf@extratopheight@length=\skip94
\mdf@subtitleabovelinewidth@length=\skip95
\mdf@subtitlebelowlinewidth@length=\skip96
\mdf@subtitleaboveskip@length=\skip97
\mdf@subtitlebelowskip@length=\skip98
\mdf@subtitleinneraboveskip@length=\skip99
\mdf@subtitleinnerbelowskip@length=\skip100
\mdf@subsubtitleabovelinewidth@length=\skip101
\mdf@subsubtitlebelowlinewidth@length=\skip102
\mdf@subsubtitleaboveskip@length=\skip103
\mdf@subsubtitlebelowskip@length=\skip104
\mdf@subsubtitleinneraboveskip@length=\skip105
\mdf@subsubtitleinnerbelowskip@length=\skip106
 (/usr/share/texmf-dist/tex/latex/mdframed/md-frame-0.mdf
File: md-frame-0.mdf 2013/07/01\ 1.9b: md-frame-0
)
\mdf@frametitlebox=\box81
\mdf@footnotebox=\box82
\mdf@splitbox@one=\box83
\mdf@splitbox@two=\box84
\mdf@splitbox@save=\box85
\mdfsplitboxwidth=\skip107
\mdfsplitboxtotalwidth=\skip108
\mdfsplitboxheight=\skip109
\mdfsplitboxdepth=\skip110
\mdfsplitboxtotalheight=\skip111
\mdfframetitleboxwidth=\skip112
\mdfframetitleboxtotalwidth=\skip113
\mdfframetitleboxheight=\skip114
\mdfframetitleboxdepth=\skip115
\mdfframetitleboxtotalheight=\skip116
\mdffootnoteboxwidth=\skip117
\mdffootnoteboxtotalwidth=\skip118
\mdffootnoteboxheight=\skip119
\mdffootnoteboxdepth=\skip120
\mdffootnoteboxtotalheight=\skip121
\mdftotallinewidth=\skip122
\mdfboundingboxwidth=\skip123
\mdfboundingboxtotalwidth=\skip124
\mdfboundingboxheight=\skip125
\mdfboundingboxdepth=\skip126
\mdfboundingboxtotalheight=\skip127
\mdf@freevspace@length=\skip128
\mdf@horizontalwidthofbox@length=\skip129
\mdf@verticalmarginwhole@length=\skip130
\mdf@horizontalspaceofbox=\skip131
\mdfsubtitleheight=\skip132
\mdfsubsubtitleheight=\skip133
\c@mdfcountframes=\count356

****** mdframed patching \endmdf@trivlist

****** -- success******

\mdf@envdepth=\count357
\c@mdf@env@i=\count358
\c@mdf@env@ii=\count359
\c@mdf@zref@counter=\count360
Package zref Info: New property: mdf@pagevalue on input line 895.
) (/usr/share/texmf-dist/tex/latex/pgf/utilities/pgfpages.sty
Package: pgfpages 2011/01/05 ver 0.02
 (/usr/share/texmf-dist/tex/latex/pgf/basiclayer/pgfcore.sty (/usr/share/texmf-dist/tex/generic/pgf/basiclayer/pgfcore.code.tex
Package: pgfcore 2025-08-29 v3.1.11a (3.1.11a)
 (/usr/share/texmf-dist/tex/generic/pgf/math/pgfmath.code.tex (/usr/share/texmf-dist/tex/generic/pgf/math/pgfmathutil.code.tex)
(/usr/share/texmf-dist/tex/generic/pgf/math/pgfmathparser.code.tex
\pgfmath@dimen=\dimen331
\pgfmath@count=\count361
\pgfmath@box=\box86
\pgfmath@toks=\toks41
\pgfmath@stack@operand=\toks42
\pgfmath@stack@operation=\toks43
) (/usr/share/texmf-dist/tex/generic/pgf/math/pgfmathfunctions.code.tex) (/usr/share/texmf-dist/tex/generic/pgf/math/pgfmathfunctions.basic.code.tex) (/usr/share/texmf-dist/tex/generic/pgf/math/pgfmathfunctions.trigonometric.code.tex) (/usr/share/texmf-dist/tex/generic/pgf/math/pgfmathfunctions.random.code.tex) (/usr/share/texmf-dist/tex/generic/pgf/math/pgfmathfunctions.comparison.code.tex) (/usr/share/texmf-dist/tex/generic/pgf/math/pgfmathfunctions.base.code.tex) (/usr/share/texmf-dist/tex/generic/pgf/math/pgfmathfunctions.round.code.tex) (/usr/share/texmf-dist/tex/generic/pgf/math/pgfmathfunctions.misc.code.tex) (/usr/share/texmf-dist/tex/generic/pgf/math/pgfmathfunctions.integerarithmetics.code.tex) (/usr/share/texmf-dist/tex/generic/pgf/math/pgfmathcalc.code.tex) (/usr/share/texmf-dist/tex/generic/pgf/math/pgfmathfloat.code.tex
\c@pgfmathroundto@lastzeros=\count362
)) (/usr/share/texmf-dist/tex/generic/pgf/math/pgfint.code.tex) (/usr/share/texmf-dist/tex/generic/pgf/basiclayer/pgfcorepoints.code.tex
File: pgfcorepoints.code.tex 2025-08-29 v3.1.11a (3.1.11a)
\pgf@picminx=\dimen332
\pgf@picmaxx=\dimen333
\pgf@picminy=\dimen334
\pgf@picmaxy=\dimen335
\pgf@pathminx=\dimen336
\pgf@pathmaxx=\dimen337
\pgf@pathminy=\dimen338
\pgf@pathmaxy=\dimen339
\pgf@xx=\dimen340
\pgf@xy=\dimen341
\pgf@yx=\dimen342
\pgf@yy=\dimen343
\pgf@zx=\dimen344
\pgf@zy=\dimen345
) (/usr/share/texmf-dist/tex/generic/pgf/basiclayer/pgfcorepathconstruct.code.tex
File: pgfcorepathconstruct.code.tex 2025-08-29 v3.1.11a (3.1.11a)
\pgf@path@lastx=\dimen346
\pgf@path@lasty=\dimen347
) (/usr/share/texmf-dist/tex/generic/pgf/basiclayer/pgfcorepathusage.code.tex
File: pgfcorepathusage.code.tex 2025-08-29 v3.1.11a (3.1.11a)
\pgf@shorten@end@additional=\dimen348
\pgf@shorten@start@additional=\dimen349
) (/usr/share/texmf-dist/tex/generic/pgf/basiclayer/pgfcorescopes.code.tex
File: pgfcorescopes.code.tex 2025-08-29 v3.1.11a (3.1.11a)
\pgfpic=\box87
\pgf@hbox=\box88
\pgf@layerbox@main=\box89
\pgf@picture@serial@count=\count363
) (/usr/share/texmf-dist/tex/generic/pgf/basiclayer/pgfcoregraphicstate.code.tex
File: pgfcoregraphicstate.code.tex 2025-08-29 v3.1.11a (3.1.11a)
\pgflinewidth=\dimen350
) (/usr/share/texmf-dist/tex/generic/pgf/basiclayer/pgfcoretransformations.code.tex
File: pgfcoretransformations.code.tex 2025-08-29 v3.1.11a (3.1.11a)
\pgf@pt@x=\dimen351
\pgf@pt@y=\dimen352
\pgf@pt@temp=\dimen353
) (/usr/share/texmf-dist/tex/generic/pgf/basiclayer/pgfcorequick.code.tex
File: pgfcorequick.code.tex 2025-08-29 v3.1.11a (3.1.11a)
) (/usr/share/texmf-dist/tex/generic/pgf/basiclayer/pgfcoreobjects.code.tex
File: pgfcoreobjects.code.tex 2025-08-29 v3.1.11a (3.1.11a)
) (/usr/share/texmf-dist/tex/generic/pgf/basiclayer/pgfcorepathprocessing.code.tex
File: pgfcorepathprocessing.code.tex 2025-08-29 v3.1.11a (3.1.11a)
) (/usr/share/texmf-dist/tex/generic/pgf/basiclayer/pgfcorearrows.code.tex
File: pgfcorearrows.code.tex 2025-08-29 v3.1.11a (3.1.11a)
\pgfarrowsep=\dimen354
) (/usr/share/texmf-dist/tex/generic/pgf/basiclayer/pgfcoreshade.code.tex
File: pgfcoreshade.code.tex 2025-08-29 v3.1.11a (3.1.11a)
\pgf@max=\dimen355
\pgf@sys@shading@range@num=\count364
\pgf@shadingcount=\count365
) (/usr/share/texmf-dist/tex/generic/pgf/basiclayer/pgfcoreimage.code.tex
File: pgfcoreimage.code.tex 2025-08-29 v3.1.11a (3.1.11a)
) (/usr/share/texmf-dist/tex/generic/pgf/basiclayer/pgfcoreexternal.code.tex
File: pgfcoreexternal.code.tex 2025-08-29 v3.1.11a (3.1.11a)
\pgfexternal@startupbox=\box90
)
(/usr/share/texmf-dist/tex/generic/pgf/basiclayer/pgfcorelayers.code.tex
File: pgfcorelayers.code.tex 2025-08-29 v3.1.11a (3.1.11a)
) (/usr/share/texmf-dist/tex/generic/pgf/basiclayer/pgfcoretransparency.code.tex
File: pgfcoretransparency.code.tex 2025-08-29 v3.1.11a (3.1.11a)
) (/usr/share/texmf-dist/tex/generic/pgf/basiclayer/pgfcorepatterns.code.tex
File: pgfcorepatterns.code.tex 2025-08-29 v3.1.11a (3.1.11a)
) (/usr/share/texmf-dist/tex/generic/pgf/basiclayer/pgfcorerdf.code.tex
File: pgfcorerdf.code.tex 2025-08-29 v3.1.11a (3.1.11a)
)))
\pgf@logicalpages=\count366
\pgf@firstshipout=\count367
\pgf@lastshipout=\count368
\pgf@currentshipout=\count369
\pgf@cpn=\count370
\pgf@shipoutnextto=\count371
\pgfphysicalheight=\dimen356
\pgfphysicalwidth=\dimen357
\pgfpages@shipoutbox=\box91
) (/usr/share/texmf-dist/tex/latex/pgfplots/pgfplots.sty (/usr/share/texmf-dist/tex/generic/pgfplots/pgfplots.revision.tex)
Package: pgfplots 2025/08/14 v1.18.2 Data Visualization (1.18.2)
 (/usr/share/texmf-dist/tex/latex/pgf/frontendlayer/tikz.sty (/usr/share/texmf-dist/tex/latex/pgf/basiclayer/pgf.sty
Package: pgf 2025-08-29 v3.1.11a (3.1.11a)
 (/usr/share/texmf-dist/tex/generic/pgf/modules/pgfmoduleshapes.code.tex
File: pgfmoduleshapes.code.tex 2025-08-29 v3.1.11a (3.1.11a)
\pgfnodeparttextbox=\box92
) (/usr/share/texmf-dist/tex/generic/pgf/modules/pgfmoduleplot.code.tex
File: pgfmoduleplot.code.tex 2025-08-29 v3.1.11a (3.1.11a)
) (/usr/share/texmf-dist/tex/latex/pgf/compatibility/pgfcomp-version-0-65.sty
Package: pgfcomp-version-0-65 2025-08-29 v3.1.11a (3.1.11a)
\pgf@nodesepstart=\dimen358
\pgf@nodesepend=\dimen359
) (/usr/share/texmf-dist/tex/latex/pgf/compatibility/pgfcomp-version-1-18.sty
Package: pgfcomp-version-1-18 2025-08-29 v3.1.11a (3.1.11a)
)) (/usr/share/texmf-dist/tex/latex/pgf/utilities/pgffor.sty (/usr/share/texmf-dist/tex/latex/pgf/utilities/pgfkeys.sty (/usr/share/texmf-dist/tex/generic/pgf/utilities/pgfkeys.code.tex)) (/usr/share/texmf-dist/tex/latex/pgf/math/pgfmath.sty (/usr/share/texmf-dist/tex/generic/pgf/math/pgfmath.code.tex)) (/usr/share/texmf-dist/tex/generic/pgf/utilities/pgffor.code.tex
Package: pgffor 2025-08-29 v3.1.11a (3.1.11a)
\pgffor@iter=\dimen360
\pgffor@skip=\dimen361
\pgffor@stack=\toks44
\pgffor@toks=\toks45
)) (/usr/share/texmf-dist/tex/generic/pgf/frontendlayer/tikz/tikz.code.tex
Package: tikz 2025-08-29 v3.1.11a (3.1.11a)
 (/usr/share/texmf-dist/tex/generic/pgf/libraries/pgflibraryplothandlers.code.tex
File: pgflibraryplothandlers.code.tex 2025-08-29 v3.1.11a (3.1.11a)
\pgf@plot@mark@count=\count372
\pgfplotmarksize=\dimen362
)
\tikz@lastx=\dimen363
\tikz@lasty=\dimen364
\tikz@lastxsaved=\dimen365
\tikz@lastysaved=\dimen366
\tikz@lastmovetox=\dimen367
\tikz@lastmovetoy=\dimen368
\tikzleveldistance=\dimen369
\tikzsiblingdistance=\dimen370
\tikz@figbox=\box93
\tikz@figbox@bg=\box94
\tikz@tempbox=\box95
\tikz@tempbox@bg=\box96
\tikztreelevel=\count373
\tikznumberofchildren=\count374
\tikznumberofcurrentchild=\count375
\tikz@fig@count=\count376
 (/usr/share/texmf-dist/tex/generic/pgf/modules/pgfmodulematrix.code.tex
File: pgfmodulematrix.code.tex 2025-08-29 v3.1.11a (3.1.11a)
\pgfmatrixcurrentrow=\count377
\pgfmatrixcurrentcolumn=\count378
\pgf@matrix@numberofcolumns=\count379
)
\tikz@expandcount=\count380
 (/usr/share/texmf-dist/tex/generic/pgf/frontendlayer/tikz/libraries/tikzlibrarytopaths.code.tex
File: tikzlibrarytopaths.code.tex 2025-08-29 v3.1.11a (3.1.11a)
))) (/usr/share/texmf-dist/tex/generic/pgfplots/pgfplots.code.tex (/usr/share/texmf-dist/tex/generic/pgfplots/pgfplotscore.code.tex
Package pgfplots info on input line 124: Initializing with LUA version Lua 5.3
\pgfplots@luabackend@table=\catcodetable16
\t@pgfplots@toka=\toks46
\t@pgfplots@tokb=\toks47
\t@pgfplots@tokc=\toks48
\pgfplots@tmpa=\dimen371
\c@pgfplots@coordindex=\count381
\c@pgfplots@scanlineindex=\count382
 (/usr/share/texmf-dist/tex/generic/pgfplots/sys/pgfplotssysgeneric.code.tex)) (/usr/share/texmf-dist/tex/generic/pgfplots/libs/pgfplotslibrary.code.tex) (/usr/share/texmf-dist/tex/generic/pgfplots/oldpgfcompatib/pgfplotsoldpgfsupp_loader.code.tex (/usr/share/texmf-dist/tex/generic/pgf/libraries/pgflibraryfpu.code.tex)
(/usr/share/texmf-dist/tex/generic/pgfplots/oldpgfcompatib/pgfplotsoldpgfsupp_pgfutil-common-lists.tex) (/usr/share/texmf-dist/tex/generic/pgf/libraries/luamath/pgflibraryluamath.code.tex)
Package pgfplots info on input line 292: luamath library shipped with pgf 3.1.11a is up-to-date
) (/usr/share/texmf-dist/tex/generic/pgfplots/util/pgfplotsutil.code.tex
Package pgfplots info on input line 82: Found new luatex: initializing lua commands instead of write18 (shell-escape)
 (/usr/share/texmf-dist/tex/generic/pgfplots/liststructure/pgfplotsliststructure.code.tex) (/usr/share/texmf-dist/tex/generic/pgfplots/liststructure/pgfplotsliststructureext.code.tex) (/usr/share/texmf-dist/tex/generic/pgfplots/liststructure/pgfplotsarray.code.tex
\c@pgfplotsarray@tmp=\count383
) (/usr/share/texmf-dist/tex/generic/pgfplots/liststructure/pgfplotsmatrix.code.tex) (/usr/share/texmf-dist/tex/generic/pgfplots/numtable/pgfplotstableshared.code.tex
\c@pgfplotstable@counta=\count384
\t@pgfplotstable@a=\toks49
) (/usr/share/texmf-dist/tex/generic/pgfplots/liststructure/pgfplotsdeque.code.tex) (/usr/share/texmf-dist/tex/generic/pgfplots/util/pgfplotsbinary.code.tex (/usr/share/texmf-dist/tex/generic/pgfplots/util/pgfplotsbinary.data.code.tex)) (/usr/share/texmf-dist/tex/generic/pgfplots/util/pgfplotsutil.verb.code.tex) (/usr/share/texmf-dist/tex/generic/pgfplots/libs/pgflibrarypgfplots.surfshading.code.tex
\c@pgfplotslibrarysurf@no=\count385
 (/usr/share/texmf-dist/tex/generic/pgfplots/sys/pgflibrarypgfplots.surfshading.pgfsys-luatex.def))) (/usr/share/texmf-dist/tex/generic/pgfplots/util/pgfplotscolormap.code.tex (/usr/share/texmf-dist/tex/generic/pgfplots/util/pgfplotscolor.code.tex)) (/usr/share/texmf-dist/tex/generic/pgfplots/pgfplotsstackedplots.code.tex) (/usr/share/texmf-dist/tex/generic/pgfplots/pgfplotsplothandlers.code.tex (/usr/share/texmf-dist/tex/generic/pgfplots/pgfplotsmeshplothandler.code.tex (/usr/share/texmf-dist/tex/generic/pgfplots/pgfplotsmeshplotimage.code.tex))) (/usr/share/texmf-dist/tex/generic/pgfplots/pgfplots.scaling.code.tex) (/usr/share/texmf-dist/tex/generic/pgfplots/pgfplotscoordprocessing.code.tex) (/usr/share/texmf-dist/tex/generic/pgfplots/pgfplots.errorbars.code.tex) (/usr/share/texmf-dist/tex/generic/pgfplots/pgfplots.markers.code.tex)
(/usr/share/texmf-dist/tex/generic/pgfplots/pgfplotsticks.code.tex) (/usr/share/texmf-dist/tex/generic/pgfplots/pgfplots.paths.code.tex) (/usr/share/texmf-dist/tex/generic/pgf/frontendlayer/tikz/libraries/tikzlibrarydecorations.code.tex (/usr/share/texmf-dist/tex/generic/pgf/modules/pgfmoduledecorations.code.tex
\pgfdecoratedcompleteddistance=\dimen372
\pgfdecoratedremainingdistance=\dimen373
\pgfdecoratedinputsegmentcompleteddistance=\dimen374
\pgfdecoratedinputsegmentremainingdistance=\dimen375
\pgf@decorate@distancetomove=\dimen376
\pgf@decorate@repeatstate=\count386
\pgfdecorationsegmentamplitude=\dimen377
\pgfdecorationsegmentlength=\dimen378
)
\tikz@lib@dec@box=\box97
) (/usr/share/texmf-dist/tex/generic/pgf/frontendlayer/tikz/libraries/tikzlibrarydecorations.pathmorphing.code.tex (/usr/share/texmf-dist/tex/generic/pgf/libraries/decorations/pgflibrarydecorations.pathmorphing.code.tex)) (/usr/share/texmf-dist/tex/generic/pgf/frontendlayer/tikz/libraries/tikzlibrarydecorations.pathreplacing.code.tex (/usr/share/texmf-dist/tex/generic/pgf/libraries/decorations/pgflibrarydecorations.pathreplacing.code.tex)) (/usr/share/texmf-dist/tex/generic/pgfplots/libs/tikzlibrarypgfplots.contourlua.code.tex)
\pgfplots@numplots=\count387
\pgfplots@xmin@reg=\dimen379
\pgfplots@xmax@reg=\dimen380
\pgfplots@ymin@reg=\dimen381
\pgfplots@ymax@reg=\dimen382
\pgfplots@zmin@reg=\dimen383
\pgfplots@zmax@reg=\dimen384
) (/usr/share/texmf-dist/tex/generic/pgf/frontendlayer/tikz/libraries/tikzlibraryplotmarks.code.tex
File: tikzlibraryplotmarks.code.tex 2025-08-29 v3.1.11a (3.1.11a)
 (/usr/share/texmf-dist/tex/generic/pgf/libraries/pgflibraryplotmarks.code.tex
File: pgflibraryplotmarks.code.tex 2025-08-29 v3.1.11a (3.1.11a)
))) (/usr/share/texmf-dist/tex/latex/fancyhdr/fancyhdr.sty
Package: fancyhdr 2025/02/07 v5.2 Extensive control of page headers and footers
\f@nch@headwidth=\skip134
\f@nch@offset@elh=\skip135
\f@nch@offset@erh=\skip136
\f@nch@offset@olh=\skip137
\f@nch@offset@orh=\skip138
\f@nch@offset@elf=\skip139
\f@nch@offset@erf=\skip140
\f@nch@offset@olf=\skip141
\f@nch@offset@orf=\skip142
\f@nch@height=\skip143
\f@nch@footalignment=\skip144
\f@nch@widthL=\skip145
\f@nch@widthC=\skip146
\f@nch@widthR=\skip147
\@temptokenb=\toks50
) (/usr/share/texmf-dist/tex/latex/psnfss/pifont.sty
Package: pifont 2020/03/25 PSNFSS-v9.3 Pi font support (SPQR) 
LaTeX Font Info:    Trying to load font information for U+pzd on input line 63.
 (/usr/share/texmf-dist/tex/latex/psnfss/upzd.fd
File: upzd.fd 2001/06/04 font definitions for U/pzd.
)
LaTeX Font Info:    Trying to load font information for U+psy on input line 64.
 (/usr/share/texmf-dist/tex/latex/psnfss/upsy.fd
File: upsy.fd 2001/06/04 font definitions for U/psy.
)) (/usr/share/texmf-dist/tex/latex/tocloft/tocloft.sty
Package: tocloft 2017/08/31 v2.3i parameterised ToC, etc., typesetting
Package tocloft Info: The document has chapter divisions on input line 51.
\cftparskip=\skip148
\cftbeforetoctitleskip=\skip149
\cftaftertoctitleskip=\skip150
\cftbeforepartskip=\skip151
\cftpartnumwidth=\skip152
\cftpartindent=\skip153
\cftbeforechapskip=\skip154
\cftchapindent=\skip155
\cftchapnumwidth=\skip156
\cftbeforesecskip=\skip157
\cftsecindent=\skip158
\cftsecnumwidth=\skip159
\cftbeforesubsecskip=\skip160
\cftsubsecindent=\skip161
\cftsubsecnumwidth=\skip162
\cftbeforesubsubsecskip=\skip163
\cftsubsubsecindent=\skip164
\cftsubsubsecnumwidth=\skip165
\cftbeforeparaskip=\skip166
\cftparaindent=\skip167
\cftparanumwidth=\skip168
\cftbeforesubparaskip=\skip169
\cftsubparaindent=\skip170
\cftsubparanumwidth=\skip171
\cftbeforeloftitleskip=\skip172
\cftafterloftitleskip=\skip173
\cftbeforefigskip=\skip174
\cftfigindent=\skip175
\cftfignumwidth=\skip176
\c@lofdepth=\count388
\c@lotdepth=\count389
\cftbeforelottitleskip=\skip177
\cftafterlottitleskip=\skip178
\cftbeforetabskip=\skip179
\cfttabindent=\skip180
\cfttabnumwidth=\skip181
) (/usr/share/texmf-dist/tex/latex/multirow/multirow.sty
Package: multirow 2024/11/12 v2.9 Span multiple rows of a table
\multirow@colwidth=\skip182
\multirow@cntb=\count390
\multirow@dima=\skip183
\bigstrutjot=\dimen385
) (/usr/share/texmf-dist/tex/latex/blkarray/blkarray.sty
Package: blkarray 2015/02/27 v0.07 Block array (dpc)
\c@BAenumi=\count391
\BA@col=\count392
\BA@block@cnt=\count393
\BA@final@box=\box98
\BA@first@box=\box99
\BA@colsep=\dimen386
\BA@ftn=\toks51
\BAextrarowheight=\dimen387
\BAextraheightafterhline=\dimen388
\BAarrayrulewidth=\dimen389
\BAdoublerulesep=\dimen390
\BAfootskip=\dimen391
\BA@dashbox=\box100
\BA@ddashbox=\box101
) (/usr/share/texmf-dist/tex/latex/tools/dcolumn.sty
Package: dcolumn 2025/10/21 v1.06 decimal alignment package (DPC)
) (/usr/share/texmf-dist/tex/latex/minted/minted.sty
Package: minted 2026/03/03 v3.8.0 Yet another Pygments shim for LaTeX
 (/usr/share/texmf-dist/tex/latex/fvextra/fvextra.sty
Package: fvextra 2026/02/25 v1.14.0 fvextra - extensions and patches for fancyvrb
 (/usr/share/texmf-dist/tex/latex/fancyvrb/fancyvrb.sty
Package: fancyvrb 2025/07/28 4.6 verbatim text (tvz,hv)
\FV@CodeLineNo=\count394
\FV@InFile=\read3
\FV@TabBox=\box102
\c@FancyVerbLine=\count395
\FV@StepNumber=\count396
\FV@OutFile=\write4
) (/usr/share/texmf-dist/tex/latex/upquote/upquote.sty
Package: upquote 2012/04/19 v1.3 upright-quote and grave-accent glyphs in verbatim
 (/usr/share/texmf-dist/tex/latex/base/textcomp.sty
Package: textcomp 2024/04/24 v2.1b Standard LaTeX package
)) (/usr/share/texmf-dist/tex/latex/lineno/lineno.sty
Package: lineno 2026/02/16 line numbers on paragraphs v5.7
\linenopenalty=\count397
\output=\toks52
\linenoprevgraf=\count398
\linenumbersep=\dimen392
\linenumberwidth=\dimen393
\c@linenumber=\count399
\c@pagewiselinenumber=\count400
\c@LN@truepage=\count401
\c@internallinenumber=\count402
\c@internallinenumbers=\count403
\quotelinenumbersep=\dimen394
\bframerule=\dimen395
\bframesep=\dimen396
\bframebox=\box103
\@LN@amsmath@ams@eqpen=\count404
)
\c@FancyVerbWriteLine=\count405
\c@FancyVerbBufferLine=\count406
\c@FV@TrueTabGroupLevel=\count407
\c@FV@TrueTabCounter=\count408
\FV@TabBox@Group=\box104
\FV@bgcolorstructbox=\box105
\FV@TmpLength=\skip184
\c@FV@HighlightLinesStart=\count409
\c@FV@HighlightLinesStop=\count410
\FV@LoopCount=\count411
\FV@NCharsBox=\box106
\FV@BreakIndent=\dimen397
\FV@BreakIndentNChars=\count412
\FV@BreakSymbolSepLeft=\dimen398
\FV@BreakSymbolSepLeftNChars=\count413
\FV@BreakSymbolSepRight=\dimen399
\FV@BreakSymbolSepRightNChars=\count414
\FV@BreakSymbolIndentLeft=\dimen400
\FV@BreakSymbolIndentLeftNChars=\count415
\FV@BreakSymbolIndentRight=\dimen401
\FV@BreakSymbolIndentRightNChars=\count416
\c@FancyVerbLineBreakLast=\count417
\FV@LineBox=\box107
\FV@LineIndentBox=\box108
\c@FV@BreakBufferDepth=\count418
\FV@LineWidth=\dimen402
) (/usr/share/texmf-dist/tex/latex/latex2pydata/latex2pydata.sty
Package: latex2pydata 2026/02/25 v0.7.0 latex2pydata - write data to file in Python literal format
) (/usr/share/texmf-dist/tex/latex/pgfopts/pgfopts.sty
Package: pgfopts 2014/07/10 v2.1a LaTeX package options with pgfkeys
\pgfopts@list@add@a@toks=\toks53
\pgfopts@list@add@b@toks=\toks54
) (/usr/share/texmf-dist/tex/latex/float/float.sty
Package: float 2001/11/08 v1.3d Float enhancements (AL)
\c@float@type=\count419
\float@exts=\toks55
\float@box=\box109
\@float@everytoks=\toks56
\@floatcapt=\box110
)
\c@minted@FancyVerbLineTemp=\count420
\@float@every@listing=\toks57
\c@listing=\count421
) (/usr/share/texmf-dist/tex/latex/tools/tabularx.sty
Package: tabularx 2023/12/11 v2.12a `tabularx' package (DPC)
\TX@col@width=\dimen403
\TX@old@table=\dimen404
\TX@old@col=\dimen405
\TX@target=\dimen406
\TX@delta=\dimen407
\TX@cols=\count422
\TX@ftn=\toks58
)
(/usr/share/texmf-dist/tex/latex/tabulary/tabulary.sty
Package: tabulary 2024/06/04 v0.11 tabulary package (DPC)
\TY@count=\count423
\TY@linewidth=\dimen408
\tymin=\dimen409
\tymax=\dimen410
\TY@tablewidth=\dimen411
) (/usr/share/texmf-dist/tex/latex/footmisc/footmisc.sty
Package: footmisc 2025/05/09 v7.0b a miscellany of footnote facilities
\FN@temptoken=\toks59
\footnotemargin=\dimen412
Package footmisc Info: Declaring symbol style bringhurst on input line 549.
Package footmisc Info: Declaring symbol style chicago on input line 557.
Package footmisc Info: Declaring symbol style wiley on input line 566.
Package footmisc Info: Declaring symbol style lamport-robust on input line 577.
Package footmisc Info: Declaring symbol style lamport* on input line 597.
Package footmisc Info: Declaring symbol style lamport*-robust on input line 618.
)
Package hyperref Info: Option `colorlinks' set `true' on input line 57.
Package hyperref Info: Option `bookmarksnumbered' set `true' on input line 57.
Package hyperref Info: Option `bookmarksopen' set `true' on input line 57.
 (/usr/share/texmf-dist/tex/latex/tcolorbox/tcolorbox.sty
Package: tcolorbox 2025/11/28 version 6.9.0 text color boxes
 (/usr/share/texmf-dist/tex/latex/tools/verbatim.sty
Package: verbatim 2024-01-22 v1.5x LaTeX2e package for verbatim enhancements
\every@verbatim=\toks60
\verbatim@line=\toks61
\verbatim@in@stream=\read4
) (/usr/share/texmf-dist/tex/latex/environ/environ.sty
Package: environ 2014/05/04 v0.3 A new way to define environments
)
\tcb@titlebox=\box111
\tcb@upperbox=\box112
\tcb@lowerbox=\box113
\tcb@phantombox=\box114
\c@tcbbreakpart=\count424
\c@tcblayer=\count425
\c@tcolorbox@number=\count426
\l__tcobox_tmpa_box=\box115
\l__tcobox_tmpa_dim=\dimen413
\tcb@temp=\box116
\tcb@temp=\box117
\tcb@temp=\box118
\tcb@temp=\box119
 (/usr/share/texmf-dist/tex/latex/tcolorbox/tcbraster.code.tex
Library (tcolorbox): 'tcbraster.code.tex' version '6.9.0'
\c@tcbrastercolumn=\count427
\c@tcbrasterrow=\count428
\c@tcbrasternum=\count429
\c@tcbraster=\count430
) (/usr/share/texmf-dist/tex/latex/tcolorbox/tcbskins.code.tex
Library (tcolorbox): 'tcbskins.code.tex' version '6.9.0'
(/usr/share/texmf-dist/tex/latex/tikzfill/tikzfill.image.sty
Package: tikzfill.image 2023/08/08 v1.0.1 Image filling library for TikZ
 (/usr/share/texmf-dist/tex/latex/tikzfill/tikzfill-common.sty
Package: tikzfill-common 2023/08/08 v1.0.1 Auxiliary code for tikzfill
) (/usr/share/texmf-dist/tex/latex/tikzfill/tikzlibraryfill.image.code.tex
File: tikzlibraryfill.image.code.tex 2023/08/08 v1.0.1 Image filling library
\l__tikzfill_img_box=\box120
)) (/usr/share/texmf-dist/tex/latex/tcolorbox/tcbskinsjigsaw.code.tex
Library (tcolorbox): 'tcbskinsjigsaw.code.tex' version '6.9.0'
)) (/usr/share/texmf-dist/tex/latex/tcolorbox/tcbbreakable.code.tex
Library (tcolorbox): 'tcbbreakable.code.tex' version '6.9.0'
(/usr/share/texmf-dist/tex/latex/pdfcol/pdfcol.sty
Package: pdfcol 2022-09-21 v1.7 Handle new color stacks for pdfTeX (HO)
)
Package pdfcol Info: New color stack `tcb@breakable' = 2 on input line 23.
\tcb@testbox=\box121
\tcb@totalupperbox=\box122
\tcb@totallowerbox=\box123
) (/usr/share/texmf-dist/tex/latex/tcolorbox/tcbhooks.code.tex
Library (tcolorbox): 'tcbhooks.code.tex' version '6.9.0'
) (/usr/share/texmf-dist/tex/latex/tcolorbox/tcbtheorems.code.tex
Library (tcolorbox): 'tcbtheorems.code.tex' version '6.9.0'
) (/usr/share/texmf-dist/tex/latex/tcolorbox/tcbfitting.code.tex
Library (tcolorbox): 'tcbfitting.code.tex' version '6.9.0'
\tcbfitdim=\dimen414
\tcb@lowerfitdim=\dimen415
\tcb@upperfitdim=\dimen416
\tcb@cur@hbadness=\count431
) (/usr/share/texmf-dist/tex/latex/tcolorbox/tcblistingsutf8.code.tex
Library (tcolorbox): 'tcblistingsutf8.code.tex' version '6.9.0'
(/usr/share/texmf-dist/tex/latex/tcolorbox/tcblistings.code.tex
Library (tcolorbox): 'tcblistings.code.tex' version '6.9.0'
(/usr/share/texmf-dist/tex/latex/listings/listings.sty
\lst@mode=\count432
\lst@gtempboxa=\box124
\lst@token=\toks62
\lst@length=\count433
\lst@currlwidth=\dimen417
\lst@column=\count434
\lst@pos=\count435
\lst@lostspace=\dimen418
\lst@width=\dimen419
\lst@newlines=\count436
\lst@lineno=\count437
\lst@maxwidth=\dimen420
 (/usr/share/texmf-dist/tex/latex/listings/lstpatch.sty
File: lstpatch.sty 2025/11/14 1.11b (Carsten Heinz)
) (/usr/share/texmf-dist/tex/latex/listings/lstmisc.sty
File: lstmisc.sty 2025/11/14 1.11b (Carsten Heinz)
\c@lstnumber=\count438
\lst@skipnumbers=\count439
\lst@framebox=\box125
) (/usr/share/texmf-dist/tex/latex/listings/listings.cfg
File: listings.cfg 2025/11/14 1.11b listings configuration
))
Package: listings 2025/11/14 1.11b (Carsten Heinz)

==> First Aid for listings.sty no longer applied!
    Expected:
        2024/09/23 1.10c (Carsten Heinz)
    but found:
        2025/11/14 1.11b (Carsten Heinz)
    so I'm assuming it got fixed.
(/usr/share/texmf-dist/tex/latex/tcolorbox/tcblistingscore.code.tex
Library (tcolorbox): 'tcblistingscore.code.tex' version '6.9.0'
(/usr/share/texmf-dist/tex/latex/tcolorbox/tcbprocessing.code.tex
Library (tcolorbox): 'tcbprocessing.code.tex' version '6.9.0'
)
\c@tcblisting=\count440
))
Package tcolorbox Info: Library `listingsutf8' is compatible with pdftex only. Library `listings` is loaded instead. on input line 29.
) (/usr/share/texmf-dist/tex/latex/tcolorbox/tcbexternal.code.tex
Library (tcolorbox): 'tcbexternal.code.tex' version '6.9.0'
) (/usr/share/texmf-dist/tex/latex/tcolorbox/tcbmagazine.code.tex
Library (tcolorbox): 'tcbmagazine.code.tex' version '6.9.0'
) (/usr/share/texmf-dist/tex/latex/tcolorbox/tcbvignette.code.tex
Library (tcolorbox): 'tcbvignette.code.tex' version '6.9.0'
(/usr/share/texmf-dist/tex/generic/pgf/frontendlayer/tikz/libraries/tikzlibraryfadings.code.tex
File: tikzlibraryfadings.code.tex 2025-08-29 v3.1.11a (3.1.11a)
 (/usr/share/texmf-dist/tex/generic/pgf/libraries/pgflibraryfadings.code.tex
File: pgflibraryfadings.code.tex 2025-08-29 v3.1.11a (3.1.11a)
))) (/usr/share/texmf-dist/tex/latex/tcolorbox/tcbposter.code.tex
Library (tcolorbox): 'tcbposter.code.tex' version '6.9.0'
)) (/usr/share/texmf-dist/tex/latex/varwidth/varwidth.sty
Package: varwidth 2009/03/30 ver 0.92;  Variable-width minipages
\@vwid@box=\box126
\sift@deathcycles=\count441
\@vwid@loff=\dimen421
\@vwid@roff=\dimen422
)
==> First Aid for varwidth.sty applied!
(/usr/share/texmf-dist/tex/latex/tools/multicol.sty
Package: multicol 2025/10/21 v2.0b multicolumn formatting (FMi)
\c@tracingmulticols=\count442
\mult@box=\box127
\multicol@leftmargin=\dimen423
\c@unbalance=\count443
\c@collectmore=\count444
\doublecol@number=\count445
\multicoltolerance=\count446
\multicolpretolerance=\count447
\full@width=\dimen424
\page@free=\dimen425
\premulticols=\dimen426
\postmulticols=\dimen427
\multicolsep=\skip185
\multicolbaselineskip=\skip186
\partial@page=\box128
\last@line=\box129
\mc@boxedresult=\box130
\maxbalancingoverflow=\dimen428
\mult@rightbox=\box131
\mult@grightbox=\box132
\mult@firstbox=\box133
\mult@gfirstbox=\box134
\@tempa=\box135
\@tempa=\box136
\@tempa=\box137
\@tempa=\box138
\@tempa=\box139
\@tempa=\box140
\@tempa=\box141
\@tempa=\box142
\@tempa=\box143
\@tempa=\box144
\@tempa=\box145
\@tempa=\box146
\@tempa=\box147
\@tempa=\box148
\@tempa=\box149
\@tempa=\box150
\@tempa=\box151
\@tempa=\box152
\@tempa=\box153
\@tempa=\box154
\@tempa=\box155
\@tempa=\box156
\@tempa=\box157
\@tempa=\box158
\@tempa=\box159
\@tempa=\box160
\@tempa=\box161
\@tempa=\box162
\@tempa=\box163
\@tempa=\box164
\@tempa=\box165
\@tempa=\box166
\@tempa=\box167
\@tempa=\box168
\@tempa=\box169
\@tempa=\box170
\c@minrows=\count448
\c@columnbadness=\count449
\c@finalcolumnbadness=\count450
\last@try=\dimen429
\multicolovershoot=\dimen430
\multicolundershoot=\dimen431
\mult@nat@firstbox=\box171
\colbreak@box=\box172
\mc@col@check@num=\count451
\g__mc_curr_col_int=\count452
) (/usr/share/texmf-dist/tex/latex/tikz-cd/tikz-cd.sty
Package: tikz-cd 2021/05/04 v1.0 Commutative diagrams with TikZ
 (/usr/share/texmf-dist/tex/generic/tikz-cd/tikzlibrarycd.code.tex (/usr/share/texmf-dist/tex/generic/pgf/frontendlayer/tikz/libraries/tikzlibrarymatrix.code.tex
File: tikzlibrarymatrix.code.tex 2025-08-29 v3.1.11a (3.1.11a)
) (/usr/share/texmf-dist/tex/generic/pgf/frontendlayer/tikz/libraries/tikzlibraryquotes.code.tex
File: tikzlibraryquotes.code.tex 2025-08-29 v3.1.11a (3.1.11a)
) (/usr/share/texmf-dist/tex/generic/pgf/libraries/pgflibraryarrows.meta.code.tex
File: pgflibraryarrows.meta.code.tex 2025-08-29 v3.1.11a (3.1.11a)
\pgfarrowinset=\dimen432
\pgfarrowlength=\dimen433
\pgfarrowwidth=\dimen434
\pgfarrowlinewidth=\dimen435
))) (/usr/share/texmf-dist/tex/latex/algorithm2e/algorithm2e.sty
Package: algorithm2e 2017/07/18 v5.2 algorithms environments
\c@AlgoLine=\count453
 (/usr/share/texmf-dist/tex/latex/base/ifthen.sty
Package: ifthen 2024/03/16 v1.1e Standard LaTeX ifthen package (DPC)
)
\algocf@hangindent=\skip187
 (/usr/share/texmf-dist/tex/latex/ifoddpage/ifoddpage.sty
Package: ifoddpage 2022/10/18 v1.2 Conditionals for odd/even page detection
\c@checkoddpage=\count454
LaTeX Info: Redefining \checkoddpage on input line 45.
) (/usr/share/texmf-dist/tex/latex/tools/xspace.sty
Package: xspace 2014/10/28 v1.13 Space after command names (DPC,MH)
) (/usr/share/texmf-dist/tex/latex/relsize/relsize.sty
Package: relsize 2013/03/29 ver 4.1
)
\skiptotal=\skip188
\skiplinenumber=\skip189
\skiprule=\skip190
\skiphlne=\skip191
\skiptext=\skip192
\skiplength=\skip193
\algomargin=\skip194
\skipalgocfslide=\skip195
\algowidth=\dimen436
\inoutsize=\dimen437
\inoutindent=\dimen438
\interspacetitleruled=\dimen439
\interspacealgoruled=\dimen440
\interspacetitleboxruled=\dimen441
\algocf@ruledwidth=\skip196
\algocf@inoutbox=\box173
\algocf@inputbox=\box174
\AlCapSkip=\skip197
\AlCapHSkip=\skip198
\algoskipindent=\skip199
\algocf@nlbox=\box175
\algocf@hangingbox=\box176
\algocf@untilbox=\box177
\algocf@skipuntil=\skip256
\algocf@capbox=\box178
\algocf@lcaptionbox=\skip257
\algoheightruledefault=\skip258
\algoheightrule=\skip259
\algotitleheightruledefault=\skip260
\algotitleheightrule=\skip261
\c@algocfline=\count455
\c@algocfproc=\count456
\c@algocf=\count457
\algocf@algoframe=\box179
\algocf@algobox=\box180
) (/usr/share/texmf-dist/tex/latex/comment/comment.sty
\CommentStream=\write5
 Excluding comment 'comment') (/usr/share/texmf-dist/tex/latex/import/import.sty
Package: import 2020/04/01  v 6.2
) (/usr/share/texmf-dist/tex/latex/xifthen/xifthen.sty
Package: xifthen 2015/11/05 v1.4.0 Extended ifthen features
 (/usr/share/texmf-dist/tex/latex/ifmtarg/ifmtarg.sty
Package: ifmtarg 2018/04/16 v1.2b check for an empty argument
)) (/usr/share/texmf-dist/tex/latex/pdfpages/pdfpages.sty
Package: pdfpages 2025/07/23 v0.6g Insert pages of external PDF documents (AM)
 (/usr/share/texmf-dist/tex/latex/eso-pic/eso-pic.sty
Package: eso-pic 2025/12/10 v3.0d eso-pic (RN)
\ESO@tempdima=\dimen442
\ESO@tempdimb=\dimen443
)
\AM@pagewidth=\dimen444
\AM@pageheight=\dimen445
\AM@fboxrule=\dimen446
 (/usr/share/texmf-dist/tex/latex/pdfpages/ppluatex.def
File: ppluatex.def 2025/07/23 v0.6g Pdfpages driver for LuaTeX (AM)
)
\pdfpages@includegraphics@status=\count458
\AM@pagebox=\box181
\AM@global@opts=\toks63
\AM@pagecnt=\count459
\AM@toc@title=\toks64
\AM@lof@heading=\toks65
\c@AM@survey=\count460
\AM@templatesizebox=\box182
) (/usr/share/texmf-dist/tex/latex/tools/longtable.sty
Package: longtable 2025-10-13 v4.24 Multi-page Table package (DPC)
\LTleft=\skip262
\LTright=\skip263
\LTpre=\skip264
\LTpost=\skip265
\LTchunksize=\count461
\LTcapwidth=\dimen447
\LT@head=\box183
\LT@firsthead=\box184
\LT@foot=\box185
\LT@lastfoot=\box186
\LT@gbox=\box187
\LT@cols=\count462
\LT@rows=\count463
\c@LT@tables=\count464
\c@LT@chunks=\count465
\LT@p@ftn=\toks66
)

/home/angel/dev/latex/template/preamble.tex:77: LaTeX Error: Command \span already defined.
               Or name \end... illegal, see p.192 of the manual.

See the LaTeX manual or LaTeX Companion for explanation.
Type  H <return>  for immediate help.
 ...                                              
                                                  
l.77 \DeclareMathOperator{\span}{span}
                                      
Your command was ignored.
Type  I <command> <return>  to replace it with another command,
or  <return>  to continue without it.


/home/angel/dev/latex/template/preamble.tex:84: LaTeX Error: Command \brack already defined.
               Or name \end... illegal, see p.192 of the manual.

See the LaTeX manual or LaTeX Companion for explanation.
Type  H <return>  for immediate help.
 ...                                              
                                                  
l.84 \newcommand{\brack}[1]{\left[#1\right]}
                                            
Your command was ignored.
Type  I <command> <return>  to replace it with another command,
or  <return>  to continue without it.

(/usr/share/texmf-dist/tex/latex/tikzsymbols/tikzsymbols.sty
Package: tikzsymbols 2021/12/14 v4.12a Some symbols created using tikz and LaTeX3.
 (/usr/share/texmf-dist/tex/generic/pgf/frontendlayer/tikz/libraries/tikzlibraryarrows.code.tex
File: tikzlibraryarrows.code.tex 2025-08-29 v3.1.11a (3.1.11a)
 (/usr/share/texmf-dist/tex/generic/pgf/libraries/pgflibraryarrows.code.tex
File: pgflibraryarrows.code.tex 2025-08-29 v3.1.11a (3.1.11a)
\arrowsize=\dimen448
)) (/usr/share/texmf-dist/tex/generic/pgf/frontendlayer/tikz/libraries/tikzlibrarytrees.code.tex
File: tikzlibrarytrees.code.tex 2025-08-29 v3.1.11a (3.1.11a)
)
\l__tikzsymbols_Moai_thickness_dim=\dimen449
\l__tikzsymbols_Kochtopf_nr_arguments_int=\count466
\l__tikzsymbols_Bratpfanne_nr_arguments_int=\count467
\l__tikzsymbols_Schneebesen_nr_arguments_int=\count468
\l__tikzsymbols_Sieb_nr_arguments_int=\count469
\l__tikzsymbols_Purierstab_nr_arguments_int=\count470
\l__tikzsymbols_Dreizack_nr_arguments_int=\count471
\l__tikzsymbols_Backblech_nr_arguments_int=\count472
\l__tikzsymbols_Ofen_nr_arguments_int=\count473
\l__tikzsymbols_Pfanne_nr_arguments_int=\count474
\l__tikzsymbols_Herd_nr_arguments_int=\count475
\l__tikzsymbols_Saftpresse_nr_arguments_int=\count476
\l__tikzsymbols_Schussel_nr_arguments_int=\count477
\l__tikzsymbols_Schaler_nr_arguments_int=\count478
\l__tikzsymbols_Reibe_nr_arguments_int=\count479
\l__tikzsymbols_Flasche_nr_arguments_int=\count480
\l__tikzsymbols_Nudelholz_nr_arguments_int=\count481
\l__tikzsymbols_Knoblauchpresse_nr_arguments_int=\count482
\l__tikzsymbols_Sadey_nr_arguments_int=\count483
\l__tikzsymbols_dSadey_nr_arguments_int=\count484
\l__tikzsymbols_Changey_nr_arguments_int=\count485
\l__tikzsymbols_dChangey_nr_arguments_int=\count486
\l__tikzsymbols_cChangey_nr_arguments_int=\count487
\l__tikzsymbols_dcChangey_nr_arguments_int=\count488
\l__tikzsymbols_Annoey_nr_arguments_int=\count489
\l__tikzsymbols_dAnnoey_nr_arguments_int=\count490
\l__tikzsymbols_Smiley_nr_arguments_int=\count491
\l__tikzsymbols_dSmiley_nr_arguments_int=\count492
\l__tikzsymbols_Laughey_nr_arguments_int=\count493
\l__tikzsymbols_dLaughey_nr_arguments_int=\count494
\l__tikzsymbols_Neutrey_nr_arguments_int=\count495
\l__tikzsymbols_dNeutrey_nr_arguments_int=\count496
\l__tikzsymbols_Winkey_nr_arguments_int=\count497
\l__tikzsymbols_oldWinkey_nr_arguments_int=\count498
\l__tikzsymbols_dWinkey_nr_arguments_int=\count499
\l__tikzsymbols_olddWinkey_nr_arguments_int=\count500
\l__tikzsymbols_Sey_nr_arguments_int=\count501
\l__tikzsymbols_dSey_nr_arguments_int=\count502
\l__tikzsymbols_Xey_nr_arguments_int=\count503
\l__tikzsymbols_dXey_nr_arguments_int=\count504
\l__tikzsymbols_Innocey_nr_arguments_int=\count505
\l__tikzsymbols_wInnocey_nr_arguments_int=\count506
\l__tikzsymbols_dInnocey_nr_arguments_int=\count507
\l__tikzsymbols_Cooley_nr_arguments_int=\count508
\l__tikzsymbols_dCooley_nr_arguments_int=\count509
\l__tikzsymbols_Tongey_nr_arguments_int=\count510
\l__tikzsymbols_dTongey_nr_arguments_int=\count511
\l__tikzsymbols_Nursey_nr_arguments_int=\count512
\l__tikzsymbols_dNursey_nr_arguments_int=\count513
\l__tikzsymbols_Vomey_nr_arguments_int=\count514
\l__tikzsymbols_dVomey_nr_arguments_int=\count515
\l__tikzsymbols_Walley_nr_arguments_int=\count516
\l__tikzsymbols_rWalley_nr_arguments_int=\count517
\l__tikzsymbols_dWalley_nr_arguments_int=\count518
\l__tikzsymbols_drWalley_nr_arguments_int=\count519
\l__tikzsymbols_Cat_nr_arguments_int=\count520
\l__tikzsymbols_SchrodingersCat_nr_arguments_int=\count521
\l__tikzsymbols_Ninja_nr_arguments_int=\count522
\l__tikzsymbols_dNinja_nr_arguments_int=\count523
\l__tikzsymbols_Sleepey_nr_arguments_int=\count524
\l__tikzsymbols_dSleepey_nr_arguments_int=\count525
\l__tikzsymbols_Maskey_nr_arguments_int=\count526
\l__tikzsymbols_NiceReapey_nr_arguments_int=\count527
\l__tikzsymbols_Strichmaxerl_nr_arguments_int=\count528
\l__tikzsymbols_Person_nr_arguments_int=\count529
\l__tikzsymbols_Heart_nr_arguments_int=\count530
\l__tikzsymbols_dHeart_nr_arguments_int=\count531
\l__tikzsymbols_HeartBroken_nr_arguments_int=\count532
\l__tikzsymbols_Candle_nr_arguments_int=\count533
\l__tikzsymbols_Fire_nr_arguments_int=\count534
\l__tikzsymbols_Coffeecup_nr_arguments_int=\count535
\l__tikzsymbols_Chair_nr_arguments_int=\count536
\l__tikzsymbols_Bed_nr_arguments_int=\count537
\l__tikzsymbols_Tribar_nr_arguments_int=\count538
\l__tikzsymbols_Moai_nr_arguments_int=\count539
\l__tikzsymbols_Snowman_nr_arguments_int=\count540
\l__tikzsymbols_BasicTree_nr_arguments_int=\count541
\l__tikzsymbols_WorstTree_nr_arguments_int=\count542
\l__tikzsymbols_Springtree_nr_arguments_int=\count543
\l__tikzsymbols_Summertree_nr_arguments_int=\count544
\l__tikzsymbols_Autumntree_nr_arguments_int=\count545
\l__tikzsymbols_Wintertree_nr_arguments_int=\count546
)
\c@tcb@cnt@theo=\count547
\c@tcb@cnt@Theorem=\count548
\c@tcb@cnt@theorem=\count549
\c@tcb@cnt@claim=\count550
\c@tcb@cnt@Exercise=\count551
\c@tcb@cnt@exercise=\count552
\c@tcb@cnt@Example=\count553
\c@tcb@cnt@example=\count554
\c@tcb@cnt@question=\count555
\c@tcb@cnt@qstion=\count556
\c@tcb@cnt@wconc=\count557
 (/usr/share/texmf-dist/tex/generic/pgf/frontendlayer/tikz/libraries/tikzlibrarycalc.code.tex
File: tikzlibrarycalc.code.tex 2025-08-29 v3.1.11a (3.1.11a)
) (/usr/share/texmf-dist/tex/latex/pgf-blur/tikzlibraryshadows.blur.code.tex  v1.02, 2012/12/09 (/usr/share/texmf-dist/tex/generic/pgf/frontendlayer/tikz/libraries/tikzlibraryshadows.code.tex
File: tikzlibraryshadows.code.tex 2025-08-29 v3.1.11a (3.1.11a)
)
\pgfbs@fading@count=\count558
)
\c@tcb@cnt@thrm=\count559
\c@tcb@cnt@definition=\count560
\c@tcb@cnt@eg=\count561
\c@consequence=\count562
\c@law=\count563
\c@postulate=\count564
\c@conclusion=\count565
\c@extra=\count566
\c@conjecture=\count567
\c@lemma=\count568
\c@proposition=\count569
\c@corr=\count570
\c@conceptcounter=\count571
\c@theoremcounter=\count572
\c@conclusioncounter=\count573
\c@defcounter=\count574
\c@mylabelcounter=\count575


/home/angel/dev/latex/template/preamble.tex:1049: LaTeX Error: Command \abs already defined.
               Or name \end... illegal, see p.192 of the manual.

See the LaTeX manual or LaTeX Companion for explanation.
Type  H <return>  for immediate help.
 ...                                              
                                                  
l.1049 ...arePairedDelimiter{\abs}{\lvert}{\rvert}
                                                  
Your command was ignored.
Type  I <command> <return>  to replace it with another command,
or  <return>  to continue without it.


/home/angel/dev/latex/template/preamble.tex:1050: LaTeX Error: Command \norm already defined.
               Or name \end... illegal, see p.192 of the manual.

See the LaTeX manual or LaTeX Companion for explanation.
Type  H <return>  for immediate help.
 ...                                              
                                                  
l.1050 ...rePairedDelimiter{\norm}{\lVert}{\rVert}
                                                  
Your command was ignored.
Type  I <command> <return>  to replace it with another command,
or  <return>  to continue without it.

\diffdbox=\box188
(/usr/share/texmf-dist/tex/latex/lm/lmodern.sty
Package: lmodern 2015/05/01 v1.6.1 Latin Modern Fonts
LaTeX Font Info:    Overwriting symbol font `operators' in version `normal'
(Font)                  OT1/cmr/m/n --> OT1/lmr/m/n on input line 22.
LaTeX Font Info:    Overwriting symbol font `letters' in version `normal'
(Font)                  OML/cmm/m/it --> OML/lmm/m/it on input line 23.
LaTeX Font Info:    Overwriting symbol font `symbols' in version `normal'
(Font)                  OMS/cmsy/m/n --> OMS/lmsy/m/n on input line 24.
LaTeX Font Info:    Overwriting symbol font `largesymbols' in version `normal'
(Font)                  OMX/cmex/m/n --> OMX/lmex/m/n on input line 25.
LaTeX Font Info:    Overwriting symbol font `operators' in version `bold'
(Font)                  OT1/cmr/bx/n --> OT1/lmr/bx/n on input line 26.
LaTeX Font Info:    Overwriting symbol font `letters' in version `bold'
(Font)                  OML/cmm/b/it --> OML/lmm/b/it on input line 27.
LaTeX Font Info:    Overwriting symbol font `symbols' in version `bold'
(Font)                  OMS/cmsy/b/n --> OMS/lmsy/b/n on input line 28.
LaTeX Font Info:    Overwriting symbol font `largesymbols' in version `bold'
(Font)                  OMX/cmex/m/n --> OMX/lmex/m/n on input line 29.
LaTeX Font Info:    Overwriting math alphabet `\mathbf' in version `normal'
(Font)                  OT1/cmr/bx/n --> OT1/lmr/bx/n on input line 31.
LaTeX Font Info:    Overwriting math alphabet `\mathsf' in version `normal'
(Font)                  OT1/cmss/m/n --> OT1/lmss/m/n on input line 32.
LaTeX Font Info:    Overwriting math alphabet `\mathit' in version `normal'
(Font)                  OT1/cmr/m/it --> OT1/lmr/m/it on input line 33.
LaTeX Font Info:    Overwriting math alphabet `\mathtt' in version `normal'
(Font)                  OT1/cmtt/m/n --> OT1/lmtt/m/n on input line 34.
LaTeX Font Info:    Overwriting math alphabet `\mathbf' in version `bold'
(Font)                  OT1/cmr/bx/n --> OT1/lmr/bx/n on input line 35.
LaTeX Font Info:    Overwriting math alphabet `\mathsf' in version `bold'
(Font)                  OT1/cmss/bx/n --> OT1/lmss/bx/n on input line 36.
LaTeX Font Info:    Overwriting math alphabet `\mathit' in version `bold'
(Font)                  OT1/cmr/bx/it --> OT1/lmr/bx/it on input line 37.
LaTeX Font Info:    Overwriting math alphabet `\mathtt' in version `bold'
(Font)                  OT1/cmtt/m/n --> OT1/lmtt/m/n on input line 38.
)
\seplinewidth=\skip266
\seplinesep=\skip267
 (/usr/share/texmf-dist/tex/latex/tcolorbox/tcbminted.code.tex
Library (tcolorbox): 'tcbminted.code.tex' version '6.9.0'
) (/usr/share/texmf-dist/tex/latex/thmtools/thmtools.sty
Package: thmtools 2023/05/04 v0.76
\thmt@toks=\toks67
\c@thmt@dummyctr=\count576
 (/usr/share/texmf-dist/tex/latex/thmtools/thm-patch.sty
Package: thm-patch 2023/05/04 v0.76
 (/usr/share/texmf-dist/tex/latex/thmtools/parseargs.sty
Package: parseargs 2023/05/04 v0.76
\@parsespec=\toks68
)) (/usr/share/texmf-dist/tex/latex/thmtools/thm-kv.sty
Package: thm-kv 2023/05/04 v0.76
Package thm-kv Info: Theorem names will be uppercased on input line 42.
Package thm-kv Info: kvsetkeys patch (v1.16 or later) on input line 158.
) (/usr/share/texmf-dist/tex/latex/thmtools/thm-autoref.sty
Package: thm-autoref 2023/05/04 v0.76
 (/usr/share/texmf-dist/tex/latex/thmtools/aliasctr.sty
Package: aliasctr 2023/05/04 v0.76
)) (/usr/share/texmf-dist/tex/latex/thmtools/thm-listof.sty
Package: thm-listof 2023/05/04 v0.76
) (/usr/share/texmf-dist/tex/latex/thmtools/thm-restate.sty
Package: thm-restate 2023/05/04 v0.76
) (/usr/share/texmf-dist/tex/latex/thmtools/thm-amsthm.sty
Package: thm-amsthm 2023/05/04 v0.76
\thmt@style@headstyle=\toks69
))
Package thmtools Info: Key `mdframed' (with value ` linewidth=2pt, rightline=false, topline=false, bottomline=false, linecolor=definitiondarkgreen, backgroundcolor=definitionlightgreen, nobreak=false ')
(thmtools)             is not a known style key.
(thmtools)             Will pass this to every \declaretheorem
(thmtools)             that uses `style=thmgreenbox' on input line 1554.
Package thmtools Info: Key `mdframed' (with value ` linewidth=2pt, rightline=false, topline=false, bottomline=false, linecolor=theoremdarkblue, backgroundcolor=theoremlightblue, nobreak=false ')
(thmtools)             is not a known style key.
(thmtools)             Will pass this to every \declaretheorem
(thmtools)             that uses `style=thmbluebox' on input line 1564.
Package thmtools Info: Key `mdframed' (with value ` linewidth=2pt, rightline=false, topline=false, bottomline=false, linecolor=exampledarkred, backgroundcolor=examplelightred, nobreak=false ')
(thmtools)             is not a known style key.
(thmtools)             Will pass this to every \declaretheorem
(thmtools)             that uses `style=thmredbox' on input line 1574.
Package thmtools Info: Automatically pulling in `thmdef-mdframed' on input line 1577.
 (/usr/share/texmf-dist/tex/latex/thmtools/thmdef-mdframed.sty
Package: thmdef-mdframed 2023/05/04 v0.76
)
\c@dfn=\count577
\c@thrmm=\count578
\c@exm=\count579
\c@figurecounter=\count580
\c@figtitle=\count581
\c@tabletitle=\count582


/home/angel/dev/latex/template/preamble.tex:1765: LaTeX Error: Command \endpf undefined.

See the LaTeX manual or LaTeX Companion for explanation.
Type  H <return>  for immediate help.
 ...                                              
                                                  
l.1765 \renewcommand{\endpf}
                            {%
Try typing  <return>  to proceed.
If that doesn't work, type  X <return>  to quit.

) (/home/angel/dev/latex/template/macros.tex)
Package translations Info: No language package found. I am going to use `english' as default language. on input line 30.
 (./main.aux)
\openout1 = main.aux

LaTeX Font Info:    Checking defaults for OML/cmm/m/it on input line 30.
LaTeX Font Info:    ... okay on input line 30.
LaTeX Font Info:    Checking defaults for OMS/cmsy/m/n on input line 30.
LaTeX Font Info:    ... okay on input line 30.
LaTeX Font Info:    Checking defaults for OT1/cmr/m/n on input line 30.
LaTeX Font Info:    ... okay on input line 30.
LaTeX Font Info:    Checking defaults for T1/cmr/m/n on input line 30.
LaTeX Font Info:    ... okay on input line 30.
LaTeX Font Info:    Checking defaults for TS1/cmr/m/n on input line 30.
LaTeX Font Info:    ... okay on input line 30.
LaTeX Font Info:    Checking defaults for TU/lmr/m/n on input line 30.
LaTeX Font Info:    ... okay on input line 30.
LaTeX Font Info:    Checking defaults for OMX/cmex/m/n on input line 30.
LaTeX Font Info:    ... okay on input line 30.
LaTeX Font Info:    Checking defaults for U/cmr/m/n on input line 30.
LaTeX Font Info:    ... okay on input line 30.
LaTeX Font Info:    Checking defaults for PD1/pdf/m/n on input line 30.
LaTeX Font Info:    ... okay on input line 30.
LaTeX Font Info:    Checking defaults for PU/pdf/m/n on input line 30.
LaTeX Font Info:    ... okay on input line 30.

*geometry* driver: auto-detecting
*geometry* detected driver: luatex
*geometry* verbose mode - [ preamble ] result:
* driver: luatex
* paper: <default>
* layout: <same size as paper>
* layoutoffset:(h,v)=(0.0pt,0.0pt)
* modes: 
* h-part:(L,W,R)=(108.405pt, 397.485pt, 108.405pt)
* v-part:(T,H,B)=(72.26999pt, 650.43001pt, 72.26999pt)
* \paperwidth=614.295pt
* \paperheight=794.96999pt
* \textwidth=397.485pt
* \textheight=650.43001pt
* \oddsidemargin=36.13501pt
* \evensidemargin=36.13501pt
* \topmargin=-37.0pt
* \headheight=12.0pt
* \headsep=25.0pt
* \topskip=10.0pt
* \footskip=14.45377pt
* \marginparwidth=65.0pt
* \marginparsep=11.0pt
* \columnsep=10.0pt
* \skip\footins=9.0pt plus 4.0pt minus 2.0pt
* \hoffset=0.0pt
* \voffset=0.0pt
* \mag=1000
* \@twocolumnfalse
* \@twosidefalse
* \@mparswitchfalse
* \@reversemarginfalse
* (1in=72.27pt=25.4mm, 1cm=28.453pt)

(/usr/share/texmf-dist/tex/context/base/mkii/supp-pdf.mkii
[Loading MPS to PDF converter (version 2006.09.02).]
\scratchcounter=\count583
\scratchdimen=\dimen450
\scratchbox=\box189
\nofMPsegments=\count584
\nofMParguments=\count585
\everyMPshowfont=\toks70
\MPscratchCnt=\count586
\MPscratchDim=\dimen451
\MPnumerator=\count587
\makeMPintoPDFobject=\count588
\everyMPtoPDFconversion=\toks71
) (/usr/share/texmf-dist/tex/latex/epstopdf-pkg/epstopdf-base.sty
Package: epstopdf-base 2020-01-24 v2.11 Base part for package epstopdf
Package epstopdf-base Info: Redefining graphics rule for `.eps' on input line 485.
 (/usr/share/texmf-dist/tex/latex/latexconfig/epstopdf-sys.cfg
File: epstopdf-sys.cfg 2010/07/13 v1.3 Configuration of (r)epstopdf for TeX Live
)) (/usr/share/texmf-dist/tex/latex/translations/translations-basic-dictionary-english.trsl
File: translations-basic-dictionary-english.trsl (english translation file `translations-basic-dictionary')
)
Package translations Info: loading dictionary `translations-basic-dictionary' for `english'. on input line 30.
Package hyperref Info: Link coloring ON on input line 30.

Package pgfplots notification 'compat/show suggested version=true': document has been generated with the most recent feature set (\pgfplotsset{compat=1.18}).

\c@lstlisting=\count589
(/usr/share/texmf-dist/tex/latex/pdflscape/pdflscape.sty
Package: pdflscape 2025-06-23 v0.14 Display of landscape pages in PDF
 (/usr/share/texmf-dist/tex/latex/pdflscape/pdflscape-nometadata.sty
Package: pdflscape-nometadata 2025-06-23 v0.14 Display of landscape pages in PDF (HO)
 (/usr/share/texmf-dist/tex/latex/graphics/lscape.sty
Package: lscape 2020/05/28 v3.02 Landscape Pages (DPC)
)
Package pdflscape Info: Auto-detected driver: pdftex on input line 81.
))
<~/niu/seal.png, id=43, 1204.5pt x 930.47626pt>
File: ~/niu/seal.png Graphic file (type png)
<use ~/niu/seal.png>
Package luatex.def Info: ~/niu/seal.png  used on input line 50.
(luatex.def)             Requested size: 158.99156pt x 122.81187pt.
 [1

{/var/lib/texmf/fonts/map/pdftex/updmap/pdftex.map}</home/angel/niu/seal.png>] (./main.toc)
\tf@toc=\write6

\openout6 = main.toc

warning  (pdf backend): ignoring duplicate destination with the name 'page.1'
[1]
\g__tcobox_out_iow=\write7

\openout7 = main.listing
\pydata@fh@0=\write8

\openout8 = _FAD58DE7366495DB4650CFEFAC2FCD61.data.minted
runsystem(latexminted config  --timestamp 20260622175732 FAD58DE7366495DB4650CFEFAC2FCD61)...executed.
 (./_FAD58DE7366495DB4650CFEFAC2FCD61.config.minted)
runsystem(latexminted cleanconfig  --timestamp 20260622175732 FAD58DE7366495DB4650CFEFAC2FCD61)...executed.
 (./_minted/xcode.style.minted) (./_minted/1578A6D71A1FC43C18424C4DE131DE7C.highlight.minted)
\openout7 = main.listing
 (./_minted/2B478BCAB008F38D371B9FB8DBFDC87C.highlight.minted)
\openout7 = main.listing
 (./_minted/94256C51ED9C621B282B0233162DFF0D.highlight.minted) [2]
\openout7 = main.listing
 (./_minted/AE39EEF97B8E43907CF45D215F317128.highlight.minted)
\openout7 = main.listing
 (./_minted/41D5A8C34002144B4E48B9CDF3DFF83C.highlight.minted)
\openout7 = main.listing
 (./_minted/DD4731AE6F2AFDA3E91401515F272194.highlight.minted)
\openout7 = main.listing
 (./_minted/D6988F843F168CA5125C02E7F208ABF4.highlight.minted) [3] [4] [5] [6]

./main.tex:252: LaTeX Error: Something's wrong--perhaps a missing \item.

See the LaTeX manual or LaTeX Companion for explanation.
Type  H <return>  for immediate help.
 ...                                              
                                                  
l.252     \end{itemize}
                       
Try typing  <return>  to proceed.
If that doesn't work, type  X <return>  to quit.

[7]
\openout7 = main.listing
 (./_minted/B5D59FADE4D9AAE9F56283820F2ED00F.highlight.minted)
\openout7 = main.listing
 (./_minted/95315A0C94836623000083B7527464E9.highlight.minted) [8]

./main.tex:356: LaTeX Error: Something's wrong--perhaps a missing \item.

See the LaTeX manual or LaTeX Companion for explanation.
Type  H <return>  for immediate help.
 ...                                              
                                                  
l.356                     \end{itemize}
                                       
Try typing  <return>  to proceed.
If that doesn't work, type  X <return>  to quit.


\openout7 = main.listing
(./_minted/5732CFBCE101616FB2C23F952DE74516.highlight.minted) [9]
LaTeX Font Info:    Trying to load font information for OT1+lmr on input line 372.
 (/usr/share/texmf-dist/tex/latex/lm/ot1lmr.fd
File: ot1lmr.fd 2015/05/01 v1.6.1 Font defs for Latin Modern
)
LaTeX Font Info:    Trying to load font information for OML+lmm on input line 372.
 (/usr/share/texmf-dist/tex/latex/lm/omllmm.fd
File: omllmm.fd 2015/05/01 v1.6.1 Font defs for Latin Modern
)
LaTeX Font Info:    Trying to load font information for OMS+lmsy on input line 372.
 (/usr/share/texmf-dist/tex/latex/lm/omslmsy.fd
File: omslmsy.fd 2015/05/01 v1.6.1 Font defs for Latin Modern
)
LaTeX Font Info:    Trying to load font information for OMX+lmex on input line 372.
 (/usr/share/texmf-dist/tex/latex/lm/omxlmex.fd
File: omxlmex.fd 2015/05/01 v1.6.1 Font defs for Latin Modern
)
LaTeX Font Info:    External font `lmex10' loaded for size
(Font)              <10> on input line 372.
LaTeX Font Info:    External font `lmex10' loaded for size
(Font)              <7> on input line 372.
LaTeX Font Info:    External font `lmex10' loaded for size
(Font)              <5> on input line 372.
LaTeX Font Info:    Trying to load font information for U+msa on input line 372.
 (/usr/share/texmf-dist/tex/latex/amsfonts/umsa.fd
File: umsa.fd 2013/01/14 v3.01 AMS symbols A
)
LaTeX Font Info:    Trying to load font information for U+msb on input line 372.
 (/usr/share/texmf-dist/tex/latex/amsfonts/umsb.fd
File: umsb.fd 2013/01/14 v3.01 AMS symbols B
)
LaTeX Font Info:    Trying to load font information for U+rsfs on input line 372.
 (/usr/share/texmf-dist/tex/latex/jknapltx/ursfs.fd
File: ursfs.fd 1998/03/24 rsfs font definition file (jk)
)
LaTeX Font Info:    Trying to load font information for U+wasy on input line 372.
 (/usr/share/texmf-dist/tex/latex/wasysym/uwasy.fd
File: uwasy.fd 2020/01/19 v2.4 Wasy-2 symbol font definitions
) [10]
\openout7 = main.listing
 (./_minted/522B11B5A51D703CB806B12EA7FB834C.highlight.minted)
\openout7 = main.listing
 (./_minted/EFA0798E2122BE466CB52D6D3719F9C3.highlight.minted) [11]
\openout7 = main.listing
 (./_minted/09E54A591C7A5AA6321E76CB0D28F3E2.highlight.minted)
\openout7 = main.listing
 (./_minted/04ACBDF4BDA42915E4B5C2AF43FD7DA2.highlight.minted)
\openout7 = main.listing
 (./_minted/0CFCF6BDA0D700A9F301DDAFDC133BCC.highlight.minted) [12]
\openout7 = main.listing
 (./_minted/4A0BBEDE509C99821109C1E642FCEF92.highlight.minted)
\openout7 = main.listing
 (./_minted/4F64BFAE2D990E60B09DF51FA5B48518.highlight.minted) [13] [14]
\openout7 = main.listing
 (./_minted/C7C124BDBE1C27027774DA5E738EB993.highlight.minted
LaTeX Font Info:    External font `lmex10' loaded for size
(Font)              <8> on input line 2.
LaTeX Font Info:    External font `lmex10' loaded for size
(Font)              <6> on input line 2.
) [15] [16]
\openout7 = main.listing
 (./_minted/DBCEBCBE0D9DC688EBB6ADB39AD4908F.highlight.minted)
\openout7 = main.listing
 (./_minted/CB976047A3F3179695AC500572E4C4D5.highlight.minted) [17]
Overfull \hbox (0.92511pt too wide) in paragraph at lines 691--692
[]\TU/lmr/bx/n/10 Spawn com-mands\TU/lmr/m/n/10 : A WM does not usu-ally im-ple-ment a ter-mi-nal, launcher, browser,
 []

[18] [19]
\openout7 = main.listing
 (./_minted/3118A03BAD6175A81CE11962BD0853F6.highlight.minted)
\openout7 = main.listing
 (./_minted/046B3D3694D40A09C0F6733791278334.highlight.minted)
\openout7 = main.listing
 (./_minted/FC12CDF09F1C7F6BF8B8DB926166D334.highlight.minted)
Overfull \hbox (40.51497pt too wide) in paragraph at lines 785--786
\TU/lmr/m/n/10 This is com-monly ex-posed through \TU/lmr/bx/n/10 WM_HINTS\TU/lmr/m/n/10 . You can query hints with \TU/lmr/bx/n/10 XGetWMHints\TU/lmr/m/n/10 .
 []

[20]
\openout7 = main.listing
 (./_minted/C7190BB15276A38B36E4F6B3CAD34FCE.highlight.minted)
\openout7 = main.listing
 (./_minted/CFFF832DB81CE2C325A6467FBF72E039.highlight.minted)
Overfull \hbox (0.48097pt too wide) in paragraph at lines 807--809
\TU/lmr/m/n/10 That func-tion should be the only place where fo-cused, un-fo-cused, ur-gent, and fullscreen
 []

[21]
\openout7 = main.listing
 (./_minted/5AE352D833B3E6B5079081A148586FF4.highlight.minted)
\openout7 = main.listing
 (./_minted/31CDAFE81BAE76691FB631569491D499.highlight.minted) [22]
\openout7 = main.listing
 (./_minted/CF387894507073893E7BEED757E2C15F.highlight.minted)
\openout7 = main.listing
 (./_minted/6657FB76B570E85C67B06FAAEAB79A8A.highlight.minted)
\openout7 = main.listing
 (./_minted/135C3551DF784682D19C2D08698FADDC.highlight.minted)
\openout7 = main.listing
 (./_minted/6A0E354C3FA1F12AAA5EAA8FA47CE130.highlight.minted)
\openout7 = main.listing
 (./_minted/7062D9DD9116B9F0B7497049DC7B0AF6.highlight.minted) [23]
\openout7 = main.listing
 (./_minted/545A7BB68CBAC71A2008707844807CF7.highlight.minted)
\openout7 = main.listing
 (./_minted/B37C40678F04EB911194EA9AF6BA6172.highlight.minted) [24]
\openout7 = main.listing
 (./_minted/6524DE413DD9056293847F902A1DE3F7.highlight.minted) [25] [26]
\openout7 = main.listing
 (./_minted/C543334120C831A5454FAD235C4BCB5A.highlight.minted)
\openout7 = main.listing
 (./_minted/B734581BA68B4207B5A449A1988BCD71.highlight.minted)
\openout7 = main.listing
 (./_minted/418CF8B047A85EF1D00C0EF3E9E8065B.highlight.minted) [27]
\openout7 = main.listing
 (./_minted/1030F3F67ABD24F1C36B2CE66836C30F.highlight.minted)

./main.tex:1118: LaTeX Error: Something's wrong--perhaps a missing \item.

See the LaTeX manual or LaTeX Companion for explanation.
Type  H <return>  for immediate help.
 ...                                              
                                                  
l.1118             \end{itemize}
                                
Try typing  <return>  to proceed.
If that doesn't work, type  X <return>  to quit.

[28] [29]
\openout7 = main.listing
 (./_minted/E26DA1CEC9AB46937CCE71304A0CFADB.highlight.minted)
\openout7 = main.listing
 (./_minted/875EBE8B516534B21D19ABBD4712DCA4.highlight.minted)
\openout7 = main.listing
 (./_minted/FFCA6F126A3E0FFBB88AFD8B424EB9B5.highlight.minted)
\openout7 = main.listing
 (./_minted/7D90F3F920C8BC8DE4F19E3B9C493128.highlight.minted) [30]
\openout7 = main.listing
 (./_minted/67555D01791BE70C704BB439DA061CAA.highlight.minted) [31] [32]
\openout7 = main.listing
 (./_minted/426C5C339BB697AB5814530F132FE385.highlight.minted)
\openout7 = main.listing
 (./_minted/B96787BB78051D5037750BAA04FBFDC5.highlight.minted)
\openout7 = main.listing
 (./_minted/13E7E6F3563FEF73E4CCED562874FD67.highlight.minted) [33]
\openout7 = main.listing
 (./_minted/2FCCD507B829E37155AD58663D2A513D.highlight.minted)
\openout7 = main.listing
 (./_minted/F7C52FF59EBB8C7E3D7C49ED1EFBBFAA.highlight.minted)
\openout7 = main.listing
 (./_minted/91BE2B56385F5A7168E8F55703A20109.highlight.minted)
\openout7 = main.listing
 (./_minted/5618DB35799DBDA24224A78703B333DB.highlight.minted) [34]
\openout7 = main.listing
 (./_minted/1E5509C915FA3D968E12D892384513F4.highlight.minted)
\openout7 = main.listing
 (./_minted/7A885FF8EDAF964EB1F42B2AD692117C.highlight.minted) [35]
Overfull \hbox (25.0pt too wide) in paragraph at lines 1411--1412
 [] 
 []

[36] [37]
Overfull \hbox (18.2239pt too wide) in paragraph at lines 1464--1466
\TU/lmr/m/n/10 IC-CCM is the base con-tract. It de-fines things like WM_NOR-MAL_HINTS, WM_HINTS,
 []


Overfull \hbox (12.84497pt too wide) in paragraph at lines 1464--1466
\TU/lmr/m/n/10 WM_PRO-TO-COLS, WM_DELETE_WIN-DOW, WM_TAKE_FO-CUS, WM_TRAN-
 []


Overfull \hbox (39.83542pt too wide) in paragraph at lines 1477--1478
[]\TU/lmr/bx/n/10 WM_NOR-MAL_HINTS (ge-om-e-try con-straints)\TU/lmr/m/n/10 : Clients use WM_NOR-MAL_HINTS
 []


\openout7 = main.listing
(./_minted/E3623E59C4943C12C37AC5F5EC8C83B4.highlight.minted) [38]
\openout7 = main.listing
 (./_minted/09D6307B7A2ADD223575AF4E04EA1B30.highlight.minted)
Overfull \hbox (25.0pt too wide) in paragraph at lines 1522--1523
 [] 
 []

[39]
\openout7 = main.listing
 (./_minted/1751E8710308241C130FC25AFC7F3D01.highlight.minted)
\openout7 = main.listing
 (./_minted/0473DE5F4DCA558A76CE66B614B417CE.highlight.minted)
\openout7 = main.listing
 (./_minted/A6D4A2151266B107C4DBED6881D77E78.highlight.minted)
\openout7 = main.listing
 (./_minted/FC8B01F49AB940B852E45C53588EEF7D.highlight.minted)
\openout7 = main.listing
 (./_minted/01E7AEE47BDA244BD01C7980496CAC09.highlight.minted) [40]
./main.tex:1589: Missing $ inserted.
<inserted text> 
                $
l.1589 ...em \textbf{What is WM\_TAKE\_FOCUS}: WM_
                                                  TAKE_FOCUS is not a functi...
I've inserted a begin-math/end-math symbol since I think
you left one out. Proceed, with fingers crossed.

./main.tex:1590: Missing $ inserted.
<inserted text> 
                $
l.1590             \bigbreak
                             \noindent
I've inserted a begin-math/end-math symbol since I think
you left one out. Proceed, with fingers crossed.

./main.tex:1590: Missing } inserted.
<inserted text> 
                }
l.1590             \bigbreak
                             \noindent
I've inserted something that you may have forgotten.
(See the <inserted text> above.)
With luck, this will get me unwedged. But if you
really didn't forget anything, try typing `2' now; then
my insertion and my current dilemma will both disappear.


Overfull \hbox (325.64598pt too wide) in paragraph at lines 1589--1590
[]\TU/lmr/bx/n/10 What is WM_TAKE_FO-CUS\TU/lmr/m/n/10 : WM$[][]\OML/lmm/m/it/10 AKE[]OCUSisnotafunctioncall:ItisanatomusedinsideaClientMessage:Theclientadvertisessupportforitbysetting \OT1/lmr/m/n/10 :
 []

./main.tex:1590: Extra }, or forgotten \endgroup.
\@par ... \@noitemerr {\@@par }\fi \else {\@@par }
                                                  \fi 
l.1590             \bigbreak
                             \noindent
I've deleted a group-closing symbol because it seems to be
spurious, as in `$x}$'. But perhaps the } is legitimate and
you forgot something else, as in `\hbox{$x}'. In such cases
the way to recover is to insert both the forgotten and the
deleted material, e.g., by typing `I$}'.


\openout7 = main.listing
(./_minted/337A8C4D2093F8F559550C6811EBCF87.highlight.minted)
\openout7 = main.listing
 (./_minted/9B4AC4242C6CFB1354CB9F9A33437A58.highlight.minted)
Overfull \hbox (8.49388pt too wide) in paragraph at lines 1613--1615
\TU/lmr/m/n/10 EWMH also de-fines _NET_WM_WIN-DOW_TYPE; _NET_WM_WIN-DOW_TYPE_DI-
 []


Overfull \hbox (16.24498pt too wide) in paragraph at lines 1613--1615
\TU/lmr/m/n/10 A-LOG, _NET_WM_WIN-DOW_TYPE_SPLASH, _NET_WM_WIN-DOW_TYPE_UTIL-
 []

[41] [42]
\openout7 = main.listing
 (./_minted/C9965DD1CB8828FC987F8D01B59A0FD9.highlight.minted) [43] (./main.aux)
 ***********
LaTeX2e <2025-11-01>
L3 programming layer <2026-01-19>
 ***********
)

Here is how much of LuaTeX's memory you used:
 62663 strings out of 476076
 100000,2373549 words of node,token memory allocated
 1883 words of node memory still in use:
   32 hlist, 2 vlist, 14 rule, 2 glue, 4 kern, 3 glyph, 85 attribute, 162 glue_spec, 85 attribute_list, 4 write, 24 pdf_literal, 24 pdf_colorstack nodes
   avail lists: 1:1,2:3424,3:1966,4:524,5:931,6:103,7:5890,8:105,9:1444,10:71,11:484
 82902 multiletter control sequences out of 65536+600000
 67 fonts using 4943783 bytes
 99i,13n,108p,815b,1316s stack positions out of 10000i,1000n,20000p,200000b,200000s
{/usr/share/texmf-dist/fonts/enc/dvips/lm/lm-mathit.enc}</usr/share/texmf-dist/fonts/opentype/public/lm/lmroman10-italic.otf>{/usr/share/texmf-dist/fonts/enc/dvips/lm/lm-mathsy.enc}{/usr/share/texmf-dist/fonts/enc/dvips/lm/lm-mathex.enc}{/usr/share/texmf-dist/fonts/enc/dvips/lm/lm-rm.enc}</usr/share/texmf-dist/fonts/opentype/public/lm/lmmono10-regular.otf></usr/share/texmf-dist/fonts/opentype/public/lm/lmroman5-regular.otf></usr/share/texmf-dist/fonts/opentype/public/lm/lmroman12-bold.otf></usr/share/texmf-dist/fonts/opentype/public/lm/lmroman10-regular.otf></usr/share/texmf-dist/fonts/opentype/public/lm/lmroman10-bold.otf></usr/share/texmf-dist/fonts/type1/public/lm/lmex10.pfb></usr/share/texmf-dist/fonts/type1/public/lm/lmmi10.pfb></usr/share/texmf-dist/fonts/type1/public/lm/lmmi5.pfb></usr/share/texmf-dist/fonts/type1/public/lm/lmmi7.pfb></usr/share/texmf-dist/fonts/type1/public/lm/lmr10.pfb></usr/share/texmf-dist/fonts/type1/public/lm/lmsy10.pfb></usr/share/texmf-dist/fonts/type1/public/lm/lmsy5.pfb>
Output written on main.pdf (44 pages, 210702 bytes).

PDF statistics: 479 PDF objects out of 1000 (max. 8388607)
 378 compressed objects within 4 object streams
 149 named destinations out of 1000 (max. 1048576)
 376 words of extra memory for PDF output out of 10000 (max. 100000000)

