    | a be
----+------
* 0 | { 1 2} { } { } 
* 1 | { 1} { } { } 
  2 | { } { 3} { } 
* 3 | { 2} { } { } 
a accepted
b rejected
aa accepted
ab accepted
ba rejected
bb rejected
aaa accepted
aab rejected
aba rejected
abb rejected
baa rejected
bab rejected
bba rejected
bbb rejected
aaaa accepted
aaab rejected
aaba rejected
aabb rejected
abaa rejected
abab accepted
abba rejected
abbb rejected
baaa rejected
baab rejected
baba rejected
babb rejected
bbaa rejected
bbab rejected
bbba rejected
bbbb rejected
