This is LuaHBTeX, Version 1.17.0 (TeX Live 2023/Arch Linux)  (format=lualatex 2023.9.3)  3 SEP 2023 10:32
 system commands enabled.
 file:line:error style messages enabled.
**main.tex
(./main.tex
LaTeX2e <2022-11-01> patch level 1
Lua module: luaotfload 2022-10-03 3.23 Lua based OpenType font support
Lua module: lualibs 2022-10-04 2.75 ConTeXt Lua standard libraries.
Lua module: lualibs-extended 2022-10-04 2.75 ConTeXt Lua libraries -- extended collection.
luaotfload | conf : Root cache directory is "/home/datura/.texlive/texmf-var/luatex-cache/generic/names".
luaotfload | init : Loading fontloader "fontloader-2022-10-03.lua" from kpse-resolved path "/usr/share/texmf-dist/tex/luatex/luaotfload/fontloader-2022-10-03.lua".
Lua-only attribute luaotfload@noligature = 1
luaotfload | init : Context OpenType loader version 3.120
Inserting `luaotfload.node_processor' in `pre_linebreak_filter'.
Inserting `luaotfload.node_processor' in `hpack_filter'.
Inserting `luaotfload.glyph_stream' in `glyph_stream_provider'.
Inserting `luaotfload.define_font' in `define_font'.
Lua-only attribute luaotfload_color_attribute = 2
luaotfload | conf : Root cache directory is "/home/datura/.texlive/texmf-var/luatex-cache/generic/names".
Inserting `luaotfload.harf.strip_prefix' in `find_opentype_file'.
Inserting `luaotfload.harf.strip_prefix' in `find_truetype_file'.
Removing  `luaotfload.glyph_stream' from `glyph_stream_provider'.
Inserting `luaotfload.harf.glyphstream' in `glyph_stream_provider'.
Inserting `luaotfload.harf.finalize_vlist' in `post_linebreak_filter'.
Inserting `luaotfload.harf.finalize_hlist' in `hpack_filter'.
Inserting `luaotfload.cleanup_files' in `wrapup_run'.
Inserting `luaotfload.harf.finalize_unicode' in `finish_pdffile'.
Inserting `luaotfload.glyphinfo' in `glyph_info'.
Lua-only attribute luaotfload.letterspace_done = 3
Inserting `luaotfload.aux.set_sscale_dimens' in `luaotfload.patch_font'.
Inserting `luaotfload.aux.set_font_index' in `luaotfload.patch_font'.
Inserting `luaotfload.aux.patch_cambria_domh' in `luaotfload.patch_font'.
Inserting `luaotfload.aux.fixup_fontdata' in `luaotfload.patch_font_unsafe'.
Inserting `luaotfload.aux.set_capheight' in `luaotfload.patch_font'.
Inserting `luaotfload.aux.set_xheight' in `luaotfload.patch_font'.
Inserting `luaotfload.rewrite_fontname' in `luaotfload.patch_font'. L3 programming layer <2023-02-22>
Inserting `tracingstacklevels' in `input_level_string'. (/usr/share/texmf-dist/tex/latex/base/report.cls
Document Class: report 2022/07/02 v1.4n Standard LaTeX document class
(/usr/share/texmf-dist/tex/latex/base/size10.clo
File: size10.clo 2022/07/02 v1.4n Standard LaTeX file (size option)
luaotfload | db : Font names database loaded from /home/datura/.texlive/texmf-var/luatex-cache/generic/names/luaotfload-names.luc.gz)
\c@part=\count183
\c@chapter=\count184
\c@section=\count185
\c@subsection=\count186
\c@subsubsection=\count187
\c@paragraph=\count188
\c@subparagraph=\count189
\c@figure=\count190
\c@table=\count191
\abovecaptionskip=\skip48
\belowcaptionskip=\skip49
\bibindent=\dimen139
) (/home/datura/dev/latex/template/preamble.tex (/usr/share/texmf-dist/tex/latex/geometry/geometry.sty
Package: geometry 2020/01/02 v5.9 Page Geometry
 (/usr/share/texmf-dist/tex/latex/graphics/keyval.sty
Package: keyval 2022/05/29 v1.15 key=value parser (DPC)
\KV@toks@=\toks16
) (/usr/share/texmf-dist/tex/generic/iftex/ifvtex.sty
Package: ifvtex 2019/10/25 v1.7 ifvtex legacy package. Use iftex instead.
 (/usr/share/texmf-dist/tex/generic/iftex/iftex.sty
Package: iftex 2022/02/03 v1.0f TeX engine tests
))
\Gm@cnth=\count192
\Gm@cntv=\count193
\c@Gm@tempcnt=\count194
\Gm@bindingoffset=\dimen140
\Gm@wd@mp=\dimen141
\Gm@odd@mp=\dimen142
\Gm@even@mp=\dimen143
\Gm@layoutwidth=\dimen144
\Gm@layoutheight=\dimen145
\Gm@layouthoffset=\dimen146
\Gm@layoutvoffset=\dimen147
\Gm@dimlist=\toks17
) (/usr/share/texmf-dist/tex/latex/amsmath/amsmath.sty
Package: amsmath 2022/04/08 v2.17n AMS math features
\@mathmargin=\skip50

For additional information on amsmath, use the `?' option.
(/usr/share/texmf-dist/tex/latex/amsmath/amstext.sty
Package: amstext 2021/08/26 v2.01 AMS text
 (/usr/share/texmf-dist/tex/latex/amsmath/amsgen.sty
File: amsgen.sty 1999/11/30 v2.0 generic functions
\@emptytoks=\toks18
\ex@=\dimen148
)) (/usr/share/texmf-dist/tex/latex/amsmath/amsbsy.sty
Package: amsbsy 1999/11/29 v1.2d Bold Symbols
\pmbraise@=\dimen149
) (/usr/share/texmf-dist/tex/latex/amsmath/amsopn.sty
Package: amsopn 2022/04/08 v2.04 operator names
)
\inf@bad=\count195
LaTeX Info: Redefining \frac on input line 236.
\uproot@=\count196
\leftroot@=\count197
LaTeX Info: Redefining \overline on input line 399.
LaTeX Info: Redefining \colon on input line 410.
\classnum@=\count198
\DOTSCASE@=\count199
LaTeX Info: Redefining \ldots on input line 496.
LaTeX Info: Redefining \dots on input line 499.
LaTeX Info: Redefining \cdots on input line 620.
\Mathstrutbox@=\box51
\strutbox@=\box52
LaTeX Info: Redefining \big on input line 722.
LaTeX Info: Redefining \Big on input line 723.
LaTeX Info: Redefining \bigg on input line 724.
LaTeX Info: Redefining \Bigg on input line 725.
\big@size=\dimen150
LaTeX Font Info:    Redeclaring font encoding OML on input line 743.
LaTeX Font Info:    Redeclaring font encoding OMS on input line 744.
\macc@depth=\count266
LaTeX Info: Redefining \bmod on input line 905.
LaTeX Info: Redefining \pmod on input line 910.
LaTeX Info: Redefining \smash on input line 940.
LaTeX Info: Redefining \relbar on input line 970.
LaTeX Info: Redefining \Relbar on input line 971.
\c@MaxMatrixCols=\count267
\dotsspace@=\muskip16
\c@parentequation=\count268
\dspbrk@lvl=\count269
\tag@help=\toks19
\row@=\count270
\column@=\count271
\maxfields@=\count272
\andhelp@=\toks20
\eqnshift@=\dimen151
\alignsep@=\dimen152
\tagshift@=\dimen153
\tagwidth@=\dimen154
\totwidth@=\dimen155
\lineht@=\dimen156
\@envbody=\toks21
\multlinegap=\skip51
\multlinetaggap=\skip52
\mathdisplay@stack=\toks22
LaTeX Info: Redefining \[ on input line 2953.
LaTeX Info: Redefining \] on input line 2954.
) (/usr/share/texmf-dist/tex/latex/amsfonts/amsfonts.sty
Package: amsfonts 2013/01/14 v3.01 Basic AMSFonts support
\symAMSa=\mathgroup4
\symAMSb=\mathgroup5
LaTeX Font Info:    Redeclaring math symbol \hbar on input line 98.
LaTeX Font Info:    Overwriting math alphabet `\mathfrak' in version `bold'
(Font)                  U/euf/m/n --> U/euf/b/n on input line 106.
) (/usr/share/texmf-dist/tex/latex/amscls/amsthm.sty
Package: amsthm 2020/05/29 v2.20.6
\thm@style=\toks23
\thm@bodyfont=\toks24
\thm@headfont=\toks25
\thm@notefont=\toks26
\thm@headpunct=\toks27
\thm@preskip=\skip53
\thm@postskip=\skip54
\thm@headsep=\skip55
\dth@everypar=\toks28
) (/usr/share/texmf-dist/tex/latex/amsfonts/amssymb.sty
Package: amssymb 2013/01/14 v3.01 AMS font symbols
) (/usr/share/texmf-dist/tex/latex/mathtools/mathtools.sty
Package: mathtools 2022/06/29 v1.29 mathematical typesetting tools
 (/usr/share/texmf-dist/tex/latex/tools/calc.sty
Package: calc 2017/05/25 v4.3 Infix arithmetic (KKT,FJ)
\calc@Acount=\count273
\calc@Bcount=\count274
\calc@Adimen=\dimen157
\calc@Bdimen=\dimen158
\calc@Askip=\skip56
\calc@Bskip=\skip57
LaTeX Info: Redefining \setlength on input line 80.
LaTeX Info: Redefining \addtolength on input line 81.
\calc@Ccount=\count275
\calc@Cskip=\skip58
) (/usr/share/texmf-dist/tex/latex/mathtools/mhsetup.sty
Package: mhsetup 2021/03/18 v1.4 programming setup (MH)
)
\g_MT_multlinerow_int=\count276
\l_MT_multwidth_dim=\dimen159
\origjot=\skip59
\l_MT_shortvdotswithinadjustabove_dim=\dimen160
\l_MT_shortvdotswithinadjustbelow_dim=\dimen161
\l_MT_above_intertext_sep=\dimen162
\l_MT_below_intertext_sep=\dimen163
\l_MT_above_shortintertext_sep=\dimen164
\l_MT_below_shortintertext_sep=\dimen165
\xmathstrut@box=\box53
\xmathstrut@dim=\dimen166
) (/usr/share/texmf-dist/tex/latex/l3packages/xfrac/xfrac.sty (/usr/share/texmf-dist/tex/latex/l3kernel/expl3.sty
Package: expl3 2023-02-22 L3 programming layer (loader) 
 (/usr/share/texmf-dist/tex/latex/l3backend/l3backend-luatex.def
File: l3backend-luatex.def 2023-01-16 L3 backend support: PDF output (LuaTeX)
\l__color_backend_stack_int=\count277
\l__pdf_internal_box=\box54
)) (/usr/share/texmf-dist/tex/latex/graphics/graphicx.sty
Package: graphicx 2021/09/16 v1.2d Enhanced LaTeX Graphics (DPC,SPQR)
 (/usr/share/texmf-dist/tex/latex/graphics/graphics.sty
Package: graphics 2022/03/10 v1.4e Standard LaTeX Graphics (DPC,SPQR)
 (/usr/share/texmf-dist/tex/latex/graphics/trig.sty
Package: trig 2021/08/11 v1.11 sin cos tan (DPC)
) (/usr/share/texmf-dist/tex/latex/graphics-cfg/graphics.cfg
File: graphics.cfg 2016/06/04 v1.11 sample graphics configuration
)
Package graphics Info: Driver file: luatex.def on input line 107.
 (/usr/share/texmf-dist/tex/latex/graphics-def/luatex.def
File: luatex.def 2022/09/22 v1.2d Graphics/color driver for luatex
))
\Gin@req@height=\dimen167
\Gin@req@width=\dimen168
) (/usr/share/texmf-dist/tex/latex/l3packages/l3keys2e/l3keys2e.sty
Package: l3keys2e 2023-02-02 LaTeX2e option processing using LaTeX3 keys
) (/usr/share/texmf-dist/tex/latex/base/textcomp.sty
Package: textcomp 2020/02/02 v2.0n Standard LaTeX package
) (/usr/share/texmf-dist/tex/latex/l3packages/xparse/xparse.sty
Package: xparse 2023-02-02 L3 Experimental document command parser
) (/usr/share/texmf-dist/tex/latex/l3packages/xtemplate/xtemplate.sty
Package: xtemplate 2023-02-02 L3 Experimental prototype document functions
\l__xtemplate_tmp_dim=\dimen169
\l__xtemplate_tmp_int=\count278
\l__xtemplate_tmp_muskip=\muskip17
\l__xtemplate_tmp_skip=\skip60
)
Package: xfrac 2023-02-02 L3 Experimental split-level fractions
\l__xfrac_slash_box=\box55
\l__xfrac_tmp_box=\box56
\l__xfrac_denominator_bot_sep_dim=\dimen170
\l__xfrac_numerator_bot_sep_dim=\dimen171
\l__xfrac_numerator_top_sep_dim=\dimen172
\l__xfrac_slash_left_sep_dim=\dimen173
\l__xfrac_slash_right_sep_dim=\dimen174
\l__xfrac_slash_left_muskip=\muskip18
\l__xfrac_slash_right_muskip=\muskip19

Package xtemplate Info: Declaring object type 'xfrac' taking 3 argument(s) on
(xtemplate)             line 80.

) (/usr/share/texmf-dist/tex/latex/cancel/cancel.sty
Package: cancel 2013/04/12 v2.2 Cancel math terms
) (/usr/share/texmf-dist/tex/latex/esdiff/esdiff.sty
Package: esdiff 
) (/usr/share/texmf-dist/tex/latex/bookmark/bookmark.sty
Package: bookmark 2020-11-06 v1.29 PDF bookmarks (HO)
 (/usr/share/texmf-dist/tex/latex/hyperref/hyperref.sty
Package: hyperref 2023-02-07 v7.00v Hypertext links for LaTeX
 (/usr/share/texmf-dist/tex/generic/ltxcmds/ltxcmds.sty
Package: ltxcmds 2020-05-10 v1.25 LaTeX kernel commands for general use (HO)
) (/usr/share/texmf-dist/tex/generic/pdftexcmds/pdftexcmds.sty
Package: pdftexcmds 2020-06-27 v0.33 Utility functions of pdfTeX for LuaTeX (HO)
 (/usr/share/texmf-dist/tex/generic/infwarerr/infwarerr.sty
Package: infwarerr 2019/12/03 v1.5 Providing info/warning/error messages (HO)
)
Package pdftexcmds Info: \pdf@primitive is available.
Package pdftexcmds Info: \pdf@ifprimitive is available.
Package pdftexcmds Info: \pdfdraftmode found.
\pdftexcmds@toks=\toks29
) (/usr/share/texmf-dist/tex/latex/kvsetkeys/kvsetkeys.sty
Package: kvsetkeys 2022-10-05 v1.19 Key value parser (HO)
) (/usr/share/texmf-dist/tex/generic/kvdefinekeys/kvdefinekeys.sty
Package: kvdefinekeys 2019-12-19 v1.6 Define keys (HO)
) (/usr/share/texmf-dist/tex/generic/pdfescape/pdfescape.sty
Package: pdfescape 2019/12/09 v1.15 Implements pdfTeX's escape features (HO)
) (/usr/share/texmf-dist/tex/latex/hycolor/hycolor.sty
Package: hycolor 2020-01-27 v1.10 Color options for hyperref/bookmark (HO)
) (/usr/share/texmf-dist/tex/latex/letltxmacro/letltxmacro.sty
Package: letltxmacro 2019/12/03 v1.6 Let assignment for LaTeX macros (HO)
) (/usr/share/texmf-dist/tex/latex/auxhook/auxhook.sty
Package: auxhook 2019-12-17 v1.6 Hooks for auxiliary files (HO)
)
(/usr/share/texmf-dist/tex/latex/hyperref/nameref.sty
Package: nameref 2022-05-17 v2.50 Cross-referencing by name of section
 (/usr/share/texmf-dist/tex/latex/refcount/refcount.sty
Package: refcount 2019/12/15 v3.6 Data extraction from label references (HO)
) (/usr/share/texmf-dist/tex/generic/gettitlestring/gettitlestring.sty
Package: gettitlestring 2019/12/15 v1.6 Cleanup title references (HO)
 (/usr/share/texmf-dist/tex/latex/kvoptions/kvoptions.sty
Package: kvoptions 2022-06-15 v3.15 Key value format for package options (HO)
))
\c@section@level=\count279
)
\@linkdim=\dimen175
\Hy@linkcounter=\count280
\Hy@pagecounter=\count281
 (/usr/share/texmf-dist/tex/latex/hyperref/pd1enc.def
File: pd1enc.def 2023-02-07 v7.00v Hyperref: PDFDocEncoding definition (HO)
) (/usr/share/texmf-dist/tex/generic/intcalc/intcalc.sty
Package: intcalc 2019/12/15 v1.3 Expandable calculations with integers (HO)
) (/usr/share/texmf-dist/tex/generic/etexcmds/etexcmds.sty
Package: etexcmds 2019/12/15 v1.7 Avoid name clashes with e-TeX commands (HO)
)
\Hy@SavedSpaceFactor=\count282
 (/usr/share/texmf-dist/tex/latex/hyperref/puenc.def
File: puenc.def 2023-02-07 v7.00v Hyperref: PDF Unicode definition (HO)
)
Package hyperref Info: Hyper figures OFF on input line 4177.
Package hyperref Info: Link nesting OFF on input line 4182.
Package hyperref Info: Hyper index ON on input line 4185.
Package hyperref Info: Plain pages OFF on input line 4192.
Package hyperref Info: Backreferencing OFF on input line 4197.
Package hyperref Info: Implicit mode ON; LaTeX internals redefined.
Package hyperref Info: Bookmarks ON on input line 4425.
\c@Hy@tempcnt=\count283
 (/usr/share/texmf-dist/tex/latex/url/url.sty
\Urlmuskip=\muskip20
Package: url 2013/09/16  ver 3.4  Verb mode for urls, etc.
)
LaTeX Info: Redefining \url on input line 4763.
\XeTeXLinkMargin=\dimen176
 (/usr/share/texmf-dist/tex/generic/bitset/bitset.sty
Package: bitset 2019/12/09 v1.3 Handle bit-vector datatype (HO)
 (/usr/share/texmf-dist/tex/generic/bigintcalc/bigintcalc.sty
Package: bigintcalc 2019/12/15 v1.5 Expandable calculations on big integers (HO)
))
\Fld@menulength=\count284
\Field@Width=\dimen177
\Fld@charsize=\dimen178
Package hyperref Info: Hyper figures OFF on input line 6042.
Package hyperref Info: Link nesting OFF on input line 6047.
Package hyperref Info: Hyper index ON on input line 6050.
Package hyperref Info: backreferencing OFF on input line 6057.
Package hyperref Info: Link coloring OFF on input line 6062.
Package hyperref Info: Link coloring with OCG OFF on input line 6067.
Package hyperref Info: PDF/A mode OFF on input line 6072.
 (/usr/share/texmf-dist/tex/latex/base/atbegshi-ltx.sty
Package: atbegshi-ltx 2021/01/10 v1.0c Emulation of the original atbegshi
package with kernel methods
)
\Hy@abspage=\count285
\c@Item=\count286
\c@Hfootnote=\count287
)
Package hyperref Info: Driver (autodetected): hluatex.
 (/usr/share/texmf-dist/tex/latex/hyperref/hluatex.def
File: hluatex.def 2023-02-07 v7.00v Hyperref driver for luaTeX
 (/usr/share/texmf-dist/tex/generic/stringenc/stringenc.sty
Package: stringenc 2019/11/29 v1.12 Convert strings between diff. encodings (HO)
) (/usr/share/texmf-dist/tex/latex/base/atveryend-ltx.sty
Package: atveryend-ltx 2020/08/19 v1.0a Emulation of the original atveryend package
with kernel methods
)
\Fld@listcount=\count288
\c@bookmark@seq@number=\count289
 (/usr/share/texmf-dist/tex/latex/rerunfilecheck/rerunfilecheck.sty
Package: rerunfilecheck 2022-07-10 v1.10 Rerun checks for auxiliary files (HO)
 (/usr/share/texmf-dist/tex/generic/uniquecounter/uniquecounter.sty
Package: uniquecounter 2019/12/15 v1.4 Provide unlimited unique counter (HO)
)
Package uniquecounter Info: New unique counter `rerunfilecheck' on input line 285.
)
\Hy@SectionHShift=\skip61
) (/usr/share/texmf-dist/tex/latex/bookmark/bkm-pdftex.def
File: bkm-pdftex.def 2020-11-06 v1.29 bookmark driver for pdfTeX (HO)
\BKM@id=\count290
)) (/usr/share/texmf-dist/tex/latex/enumitem/enumitem.sty
Package: enumitem 2019/06/20 v3.9 Customized lists
\labelindent=\skip62
\enit@outerparindent=\dimen179
\enit@toks=\toks30
\enit@inbox=\box57
\enit@count@id=\count291
\enitdp@description=\count292
) (/usr/share/texmf-dist/tex/latex/theoremref/theoremref.sty
Package: theoremref 2013/05/22 References with automatic theorem names
\thmref@num=\count293
) (/usr/share/texmf-dist/tex/latex/mdframed/mdframed.sty
Package: mdframed 2013/07/01 1.9b: mdframed
 (/usr/share/texmf-dist/tex/latex/etoolbox/etoolbox.sty
Package: etoolbox 2020/10/05 v2.5k e-TeX tools for LaTeX (JAW)
\etb@tempcnta=\count294
) (/usr/share/texmf-dist/tex/latex/zref/zref-abspage.sty
Package: zref-abspage 2022-04-07 v2.34 Module abspage for zref (HO)
 (/usr/share/texmf-dist/tex/latex/zref/zref-base.sty
Package: zref-base 2022-04-07 v2.34 Module base for zref (HO)
Package zref Info: New property list: main on input line 767.
Package zref Info: New property: default on input line 768.
Package zref Info: New property: page on input line 769.
)
\c@abspage=\count295
Package zref Info: New property: abspage on input line 65.
) (/usr/share/texmf-dist/tex/latex/needspace/needspace.sty
Package: needspace 2010/09/12 v1.3d reserve vertical space
) (/usr/share/texmf-dist/tex/latex/graphics/color.sty
Package: color 2022/01/06 v1.3d Standard LaTeX Color (DPC)
 (/usr/share/texmf-dist/tex/latex/graphics-cfg/color.cfg
File: color.cfg 2016/01/02 v1.6 sample color configuration
)
Package color Info: Driver file: luatex.def on input line 149.
 (/usr/share/texmf-dist/tex/latex/graphics/mathcolor.ltx))
\mdf@templength=\skip63
\c@mdf@globalstyle@cnt=\count296
\mdf@skipabove@length=\skip64
\mdf@skipbelow@length=\skip65
\mdf@leftmargin@length=\skip66
\mdf@rightmargin@length=\skip67
\mdf@innerleftmargin@length=\skip68
\mdf@innerrightmargin@length=\skip69
\mdf@innertopmargin@length=\skip70
\mdf@innerbottommargin@length=\skip71
\mdf@splittopskip@length=\skip72
\mdf@splitbottomskip@length=\skip73
\mdf@outermargin@length=\skip74
\mdf@innermargin@length=\skip75
\mdf@linewidth@length=\skip76
\mdf@innerlinewidth@length=\skip77
\mdf@middlelinewidth@length=\skip78
\mdf@outerlinewidth@length=\skip79
\mdf@roundcorner@length=\skip80
\mdf@footenotedistance@length=\skip81
\mdf@userdefinedwidth@length=\skip82
\mdf@needspace@length=\skip83
\mdf@frametitleaboveskip@length=\skip84
\mdf@frametitlebelowskip@length=\skip85
\mdf@frametitlerulewidth@length=\skip86
\mdf@frametitleleftmargin@length=\skip87
\mdf@frametitlerightmargin@length=\skip88
\mdf@shadowsize@length=\skip89
\mdf@extratopheight@length=\skip90
\mdf@subtitleabovelinewidth@length=\skip91
\mdf@subtitlebelowlinewidth@length=\skip92
\mdf@subtitleaboveskip@length=\skip93
\mdf@subtitlebelowskip@length=\skip94
\mdf@subtitleinneraboveskip@length=\skip95
\mdf@subtitleinnerbelowskip@length=\skip96
\mdf@subsubtitleabovelinewidth@length=\skip97
\mdf@subsubtitlebelowlinewidth@length=\skip98
\mdf@subsubtitleaboveskip@length=\skip99
\mdf@subsubtitlebelowskip@length=\skip100
\mdf@subsubtitleinneraboveskip@length=\skip101
\mdf@subsubtitleinnerbelowskip@length=\skip102
 (/usr/share/texmf-dist/tex/latex/mdframed/md-frame-0.mdf
File: md-frame-0.mdf 2013/07/01\ 1.9b: md-frame-0
)
\mdf@frametitlebox=\box58
\mdf@footnotebox=\box59
\mdf@splitbox@one=\box60
\mdf@splitbox@two=\box61
\mdf@splitbox@save=\box62
\mdfsplitboxwidth=\skip103
\mdfsplitboxtotalwidth=\skip104
\mdfsplitboxheight=\skip105
\mdfsplitboxdepth=\skip106
\mdfsplitboxtotalheight=\skip107
\mdfframetitleboxwidth=\skip108
\mdfframetitleboxtotalwidth=\skip109
\mdfframetitleboxheight=\skip110
\mdfframetitleboxdepth=\skip111
\mdfframetitleboxtotalheight=\skip112
\mdffootnoteboxwidth=\skip113
\mdffootnoteboxtotalwidth=\skip114
\mdffootnoteboxheight=\skip115
\mdffootnoteboxdepth=\skip116
\mdffootnoteboxtotalheight=\skip117
\mdftotallinewidth=\skip118
\mdfboundingboxwidth=\skip119
\mdfboundingboxtotalwidth=\skip120
\mdfboundingboxheight=\skip121
\mdfboundingboxdepth=\skip122
\mdfboundingboxtotalheight=\skip123
\mdf@freevspace@length=\skip124
\mdf@horizontalwidthofbox@length=\skip125
\mdf@verticalmarginwhole@length=\skip126
\mdf@horizontalspaceofbox=\skip127
\mdfsubtitleheight=\skip128
\mdfsubsubtitleheight=\skip129
\c@mdfcountframes=\count297

****** mdframed patching \endmdf@trivlist

****** -- success******

\mdf@envdepth=\count298
\c@mdf@env@i=\count299
\c@mdf@env@ii=\count300
\c@mdf@zref@counter=\count301
Package zref Info: New property: mdf@pagevalue on input line 895.
) (/usr/share/texmf-dist/tex/latex/pgf/utilities/pgfpages.sty
Package: pgfpages 2011/01/05 ver 0.02
 (/usr/share/texmf-dist/tex/latex/pgf/basiclayer/pgfcore.sty (/usr/share/texmf-dist/tex/latex/pgf/systemlayer/pgfsys.sty (/usr/share/texmf-dist/tex/latex/pgf/utilities/pgfrcs.sty (/usr/share/texmf-dist/tex/generic/pgf/utilities/pgfutil-common.tex
\pgfutil@everybye=\toks31
\pgfutil@tempdima=\dimen180
\pgfutil@tempdimb=\dimen181
)
(/usr/share/texmf-dist/tex/generic/pgf/utilities/pgfutil-latex.def
\pgfutil@abb=\box63
) (/usr/share/texmf-dist/tex/generic/pgf/utilities/pgfrcs.code.tex (/usr/share/texmf-dist/tex/generic/pgf/pgf.revision.tex)
Package: pgfrcs 2023-01-15 v3.1.10 (3.1.10)
)) (/usr/share/texmf-dist/tex/generic/pgf/systemlayer/pgfsys.code.tex
Package: pgfsys 2023-01-15 v3.1.10 (3.1.10)
 (/usr/share/texmf-dist/tex/generic/pgf/utilities/pgfkeys.code.tex
\pgfkeys@pathtoks=\toks32
\pgfkeys@temptoks=\toks33
 (/usr/share/texmf-dist/tex/generic/pgf/utilities/pgfkeyslibraryfiltered.code.tex
\pgfkeys@tmptoks=\toks34
))
\pgf@x=\dimen182
\pgf@y=\dimen183
\pgf@xa=\dimen184
\pgf@ya=\dimen185
\pgf@xb=\dimen186
\pgf@yb=\dimen187
\pgf@xc=\dimen188
\pgf@yc=\dimen189
\pgf@xd=\dimen190
\pgf@yd=\dimen191
\w@pgf@writea=\write3
\r@pgf@reada=\read2
\c@pgf@counta=\count302
\c@pgf@countb=\count303
\c@pgf@countc=\count304
\c@pgf@countd=\count305
\t@pgf@toka=\toks35
\t@pgf@tokb=\toks36
\t@pgf@tokc=\toks37
\pgf@sys@id@count=\count306
 (/usr/share/texmf-dist/tex/generic/pgf/systemlayer/pgf.cfg
File: pgf.cfg 2023-01-15 v3.1.10 (3.1.10)
)
Driver file for pgf: pgfsys-luatex.def
 (/usr/share/texmf-dist/tex/generic/pgf/systemlayer/pgfsys-luatex.def
File: pgfsys-luatex.def 2023-01-15 v3.1.10 (3.1.10)
 (/usr/share/texmf-dist/tex/generic/pgf/systemlayer/pgfsys-common-pdf.def
File: pgfsys-common-pdf.def 2023-01-15 v3.1.10 (3.1.10)
))) (/usr/share/texmf-dist/tex/generic/pgf/systemlayer/pgfsyssoftpath.code.tex
File: pgfsyssoftpath.code.tex 2023-01-15 v3.1.10 (3.1.10)
\pgfsyssoftpath@smallbuffer@items=\count307
\pgfsyssoftpath@bigbuffer@items=\count308
) (/usr/share/texmf-dist/tex/generic/pgf/systemlayer/pgfsysprotocol.code.tex
File: pgfsysprotocol.code.tex 2023-01-15 v3.1.10 (3.1.10)
)) (/usr/share/texmf-dist/tex/latex/xcolor/xcolor.sty
Package: xcolor 2022/06/12 v2.14 LaTeX color extensions (UK)
 (/usr/share/texmf-dist/tex/latex/graphics-cfg/color.cfg
File: color.cfg 2016/01/02 v1.6 sample color configuration
)
Package xcolor Info: Driver file: luatex.def on input line 227.
LaTeX Info: Redefining \color on input line 711.
 (/usr/share/texmf-dist/tex/latex/graphics/mathcolor.ltx)
Package xcolor Info: Model `cmy' substituted by `cmy0' on input line 1353.
Package xcolor Info: Model `hsb' substituted by `rgb' on input line 1357.
Package xcolor Info: Model `RGB' extended on input line 1369.
Package xcolor Info: Model `HTML' substituted by `rgb' on input line 1371.
Package xcolor Info: Model `Hsb' substituted by `hsb' on input line 1372.
Package xcolor Info: Model `tHsb' substituted by `hsb' on input line 1373.
Package xcolor Info: Model `HSB' substituted by `hsb' on input line 1374.
Package xcolor Info: Model `Gray' substituted by `gray' on input line 1375.
Package xcolor Info: Model `wave' substituted by `hsb' on input line 1376.
) (/usr/share/texmf-dist/tex/generic/pgf/basiclayer/pgfcore.code.tex
Package: pgfcore 2023-01-15 v3.1.10 (3.1.10)
 (/usr/share/texmf-dist/tex/generic/pgf/math/pgfmath.code.tex (/usr/share/texmf-dist/tex/generic/pgf/math/pgfmathutil.code.tex) (/usr/share/texmf-dist/tex/generic/pgf/math/pgfmathparser.code.tex
\pgfmath@dimen=\dimen192
\pgfmath@count=\count309
\pgfmath@box=\box64
\pgfmath@toks=\toks38
\pgfmath@stack@operand=\toks39
\pgfmath@stack@operation=\toks40
) (/usr/share/texmf-dist/tex/generic/pgf/math/pgfmathfunctions.code.tex) (/usr/share/texmf-dist/tex/generic/pgf/math/pgfmathfunctions.basic.code.tex) (/usr/share/texmf-dist/tex/generic/pgf/math/pgfmathfunctions.trigonometric.code.tex) (/usr/share/texmf-dist/tex/generic/pgf/math/pgfmathfunctions.random.code.tex) (/usr/share/texmf-dist/tex/generic/pgf/math/pgfmathfunctions.comparison.code.tex) (/usr/share/texmf-dist/tex/generic/pgf/math/pgfmathfunctions.base.code.tex) (/usr/share/texmf-dist/tex/generic/pgf/math/pgfmathfunctions.round.code.tex) (/usr/share/texmf-dist/tex/generic/pgf/math/pgfmathfunctions.misc.code.tex) (/usr/share/texmf-dist/tex/generic/pgf/math/pgfmathfunctions.integerarithmetics.code.tex) (/usr/share/texmf-dist/tex/generic/pgf/math/pgfmathcalc.code.tex)
(/usr/share/texmf-dist/tex/generic/pgf/math/pgfmathfloat.code.tex
\c@pgfmathroundto@lastzeros=\count310
)) (/usr/share/texmf-dist/tex/generic/pgf/math/pgfint.code.tex) (/usr/share/texmf-dist/tex/generic/pgf/basiclayer/pgfcorepoints.code.tex
File: pgfcorepoints.code.tex 2023-01-15 v3.1.10 (3.1.10)
\pgf@picminx=\dimen193
\pgf@picmaxx=\dimen194
\pgf@picminy=\dimen195
\pgf@picmaxy=\dimen196
\pgf@pathminx=\dimen197
\pgf@pathmaxx=\dimen198
\pgf@pathminy=\dimen199
\pgf@pathmaxy=\dimen256
\pgf@xx=\dimen257
\pgf@xy=\dimen258
\pgf@yx=\dimen259
\pgf@yy=\dimen260
\pgf@zx=\dimen261
\pgf@zy=\dimen262
) (/usr/share/texmf-dist/tex/generic/pgf/basiclayer/pgfcorepathconstruct.code.tex
File: pgfcorepathconstruct.code.tex 2023-01-15 v3.1.10 (3.1.10)
\pgf@path@lastx=\dimen263
\pgf@path@lasty=\dimen264
) (/usr/share/texmf-dist/tex/generic/pgf/basiclayer/pgfcorepathusage.code.tex
File: pgfcorepathusage.code.tex 2023-01-15 v3.1.10 (3.1.10)
\pgf@shorten@end@additional=\dimen265
\pgf@shorten@start@additional=\dimen266
) (/usr/share/texmf-dist/tex/generic/pgf/basiclayer/pgfcorescopes.code.tex
File: pgfcorescopes.code.tex 2023-01-15 v3.1.10 (3.1.10)
\pgfpic=\box65
\pgf@hbox=\box66
\pgf@layerbox@main=\box67
\pgf@picture@serial@count=\count311
) (/usr/share/texmf-dist/tex/generic/pgf/basiclayer/pgfcoregraphicstate.code.tex
File: pgfcoregraphicstate.code.tex 2023-01-15 v3.1.10 (3.1.10)
\pgflinewidth=\dimen267
) (/usr/share/texmf-dist/tex/generic/pgf/basiclayer/pgfcoretransformations.code.tex
File: pgfcoretransformations.code.tex 2023-01-15 v3.1.10 (3.1.10)
\pgf@pt@x=\dimen268
\pgf@pt@y=\dimen269
\pgf@pt@temp=\dimen270
) (/usr/share/texmf-dist/tex/generic/pgf/basiclayer/pgfcorequick.code.tex
File: pgfcorequick.code.tex 2023-01-15 v3.1.10 (3.1.10)
) (/usr/share/texmf-dist/tex/generic/pgf/basiclayer/pgfcoreobjects.code.tex
File: pgfcoreobjects.code.tex 2023-01-15 v3.1.10 (3.1.10)
) (/usr/share/texmf-dist/tex/generic/pgf/basiclayer/pgfcorepathprocessing.code.tex
File: pgfcorepathprocessing.code.tex 2023-01-15 v3.1.10 (3.1.10)
) (/usr/share/texmf-dist/tex/generic/pgf/basiclayer/pgfcorearrows.code.tex
File: pgfcorearrows.code.tex 2023-01-15 v3.1.10 (3.1.10)
\pgfarrowsep=\dimen271
) (/usr/share/texmf-dist/tex/generic/pgf/basiclayer/pgfcoreshade.code.tex
File: pgfcoreshade.code.tex 2023-01-15 v3.1.10 (3.1.10)
\pgf@max=\dimen272
\pgf@sys@shading@range@num=\count312
\pgf@shadingcount=\count313
) (/usr/share/texmf-dist/tex/generic/pgf/basiclayer/pgfcoreimage.code.tex
File: pgfcoreimage.code.tex 2023-01-15 v3.1.10 (3.1.10)
) (/usr/share/texmf-dist/tex/generic/pgf/basiclayer/pgfcoreexternal.code.tex
File: pgfcoreexternal.code.tex 2023-01-15 v3.1.10 (3.1.10)
\pgfexternal@startupbox=\box68
) (/usr/share/texmf-dist/tex/generic/pgf/basiclayer/pgfcorelayers.code.tex
File: pgfcorelayers.code.tex 2023-01-15 v3.1.10 (3.1.10)
) (/usr/share/texmf-dist/tex/generic/pgf/basiclayer/pgfcoretransparency.code.tex
File: pgfcoretransparency.code.tex 2023-01-15 v3.1.10 (3.1.10)
) (/usr/share/texmf-dist/tex/generic/pgf/basiclayer/pgfcorepatterns.code.tex
File: pgfcorepatterns.code.tex 2023-01-15 v3.1.10 (3.1.10)
) (/usr/share/texmf-dist/tex/generic/pgf/basiclayer/pgfcorerdf.code.tex
File: pgfcorerdf.code.tex 2023-01-15 v3.1.10 (3.1.10)
)))
\pgf@logicalpages=\count314
\pgf@firstshipout=\count315
\pgf@lastshipout=\count316
\pgf@currentshipout=\count317
\pgf@cpn=\count318
\pgf@shipoutnextto=\count319
\pgfphysicalheight=\dimen273
\pgfphysicalwidth=\dimen274
\pgfpages@shipoutbox=\box69
) (/usr/share/texmf-dist/tex/latex/pgfplots/pgfplots.sty (/usr/share/texmf-dist/tex/generic/pgfplots/pgfplots.revision.tex)
Package: pgfplots 2021/05/15 v1.18.1 Data Visualization (1.18.1)
 (/usr/share/texmf-dist/tex/latex/pgf/frontendlayer/tikz.sty (/usr/share/texmf-dist/tex/latex/pgf/basiclayer/pgf.sty
Package: pgf 2023-01-15 v3.1.10 (3.1.10)
 (/usr/share/texmf-dist/tex/generic/pgf/modules/pgfmoduleshapes.code.tex
File: pgfmoduleshapes.code.tex 2023-01-15 v3.1.10 (3.1.10)
\pgfnodeparttextbox=\box70
) (/usr/share/texmf-dist/tex/generic/pgf/modules/pgfmoduleplot.code.tex
File: pgfmoduleplot.code.tex 2023-01-15 v3.1.10 (3.1.10)
) (/usr/share/texmf-dist/tex/latex/pgf/compatibility/pgfcomp-version-0-65.sty
Package: pgfcomp-version-0-65 2023-01-15 v3.1.10 (3.1.10)
\pgf@nodesepstart=\dimen275
\pgf@nodesepend=\dimen276
) (/usr/share/texmf-dist/tex/latex/pgf/compatibility/pgfcomp-version-1-18.sty
Package: pgfcomp-version-1-18 2023-01-15 v3.1.10 (3.1.10)
))
(/usr/share/texmf-dist/tex/latex/pgf/utilities/pgffor.sty (/usr/share/texmf-dist/tex/latex/pgf/utilities/pgfkeys.sty (/usr/share/texmf-dist/tex/generic/pgf/utilities/pgfkeys.code.tex)) (/usr/share/texmf-dist/tex/latex/pgf/math/pgfmath.sty (/usr/share/texmf-dist/tex/generic/pgf/math/pgfmath.code.tex)) (/usr/share/texmf-dist/tex/generic/pgf/utilities/pgffor.code.tex
Package: pgffor 2023-01-15 v3.1.10 (3.1.10)
\pgffor@iter=\dimen277
\pgffor@skip=\dimen278
\pgffor@stack=\toks41
\pgffor@toks=\toks42
)) (/usr/share/texmf-dist/tex/generic/pgf/frontendlayer/tikz/tikz.code.tex
Package: tikz 2023-01-15 v3.1.10 (3.1.10)
 (/usr/share/texmf-dist/tex/generic/pgf/libraries/pgflibraryplothandlers.code.tex
File: pgflibraryplothandlers.code.tex 2023-01-15 v3.1.10 (3.1.10)
\pgf@plot@mark@count=\count320
\pgfplotmarksize=\dimen279
)
\tikz@lastx=\dimen280
\tikz@lasty=\dimen281
\tikz@lastxsaved=\dimen282
\tikz@lastysaved=\dimen283
\tikz@lastmovetox=\dimen284
\tikz@lastmovetoy=\dimen285
\tikzleveldistance=\dimen286
\tikzsiblingdistance=\dimen287
\tikz@figbox=\box71
\tikz@figbox@bg=\box72
\tikz@tempbox=\box73
\tikz@tempbox@bg=\box74
\tikztreelevel=\count321
\tikznumberofchildren=\count322
\tikznumberofcurrentchild=\count323
\tikz@fig@count=\count324
 (/usr/share/texmf-dist/tex/generic/pgf/modules/pgfmodulematrix.code.tex
File: pgfmodulematrix.code.tex 2023-01-15 v3.1.10 (3.1.10)
\pgfmatrixcurrentrow=\count325
\pgfmatrixcurrentcolumn=\count326
\pgf@matrix@numberofcolumns=\count327
)
\tikz@expandcount=\count328
 (/usr/share/texmf-dist/tex/generic/pgf/frontendlayer/tikz/libraries/tikzlibrarytopaths.code.tex
File: tikzlibrarytopaths.code.tex 2023-01-15 v3.1.10 (3.1.10)
))) (/usr/share/texmf-dist/tex/generic/pgfplots/pgfplots.code.tex (/usr/share/texmf-dist/tex/generic/pgfplots/pgfplotscore.code.tex
Package pgfplots info on input line 124: Initializing with LUA version Lua 5.3
\pgfplots@luabackend@table=\catcodetable12
\t@pgfplots@toka=\toks43
\t@pgfplots@tokb=\toks44
\t@pgfplots@tokc=\toks45
\pgfplots@tmpa=\dimen288
\c@pgfplots@coordindex=\count329
\c@pgfplots@scanlineindex=\count330
 (/usr/share/texmf-dist/tex/generic/pgfplots/sys/pgfplotssysgeneric.code.tex)) (/usr/share/texmf-dist/tex/generic/pgfplots/libs/pgfplotslibrary.code.tex) (/usr/share/texmf-dist/tex/generic/pgfplots/oldpgfcompatib/pgfplotsoldpgfsupp_loader.code.tex (/usr/share/texmf-dist/tex/generic/pgf/libraries/pgflibraryfpu.code.tex)
Package pgfplots: loading complementary utilities for your pgf version...
\t@pgf@toka=\toks46
\t@pgf@tokb=\toks47
\t@pgf@tokc=\toks48
(/usr/share/texmf-dist/tex/generic/pgfplots/oldpgfcompatib/pgfplotsoldpgfsupp_pgfutil-common-lists.tex) (/usr/share/texmf-dist/tex/generic/pgf/libraries/luamath/pgflibraryluamath.code.tex)
Package pgfplots info on input line 290: luamath library shipped with pgf 3.1.10 is up-to-date
) (/usr/share/texmf-dist/tex/generic/pgfplots/util/pgfplotsutil.code.tex
Package pgfplots info on input line 82: Found new luatex: initializing lua commands instead of write18 (shell-escape)
 (/usr/share/texmf-dist/tex/generic/pgfplots/liststructure/pgfplotsliststructure.code.tex) (/usr/share/texmf-dist/tex/generic/pgfplots/liststructure/pgfplotsliststructureext.code.tex) (/usr/share/texmf-dist/tex/generic/pgfplots/liststructure/pgfplotsarray.code.tex
\c@pgfplotsarray@tmp=\count331
) (/usr/share/texmf-dist/tex/generic/pgfplots/liststructure/pgfplotsmatrix.code.tex) (/usr/share/texmf-dist/tex/generic/pgfplots/numtable/pgfplotstableshared.code.tex
\c@pgfplotstable@counta=\count332
\t@pgfplotstable@a=\toks49
) (/usr/share/texmf-dist/tex/generic/pgfplots/liststructure/pgfplotsdeque.code.tex) (/usr/share/texmf-dist/tex/generic/pgfplots/util/pgfplotsbinary.code.tex (/usr/share/texmf-dist/tex/generic/pgfplots/util/pgfplotsbinary.data.code.tex)) (/usr/share/texmf-dist/tex/generic/pgfplots/util/pgfplotsutil.verb.code.tex) (/usr/share/texmf-dist/tex/generic/pgfplots/libs/pgflibrarypgfplots.surfshading.code.tex
\c@pgfplotslibrarysurf@no=\count333
 (/usr/share/texmf-dist/tex/generic/pgfplots/sys/pgflibrarypgfplots.surfshading.pgfsys-luatex.def))) (/usr/share/texmf-dist/tex/generic/pgfplots/util/pgfplotscolormap.code.tex (/usr/share/texmf-dist/tex/generic/pgfplots/util/pgfplotscolor.code.tex)) (/usr/share/texmf-dist/tex/generic/pgfplots/pgfplotsstackedplots.code.tex) (/usr/share/texmf-dist/tex/generic/pgfplots/pgfplotsplothandlers.code.tex (/usr/share/texmf-dist/tex/generic/pgfplots/pgfplotsmeshplothandler.code.tex (/usr/share/texmf-dist/tex/generic/pgfplots/pgfplotsmeshplotimage.code.tex))) (/usr/share/texmf-dist/tex/generic/pgfplots/pgfplots.scaling.code.tex) (/usr/share/texmf-dist/tex/generic/pgfplots/pgfplotscoordprocessing.code.tex) (/usr/share/texmf-dist/tex/generic/pgfplots/pgfplots.errorbars.code.tex) (/usr/share/texmf-dist/tex/generic/pgfplots/pgfplots.markers.code.tex)
(/usr/share/texmf-dist/tex/generic/pgfplots/pgfplotsticks.code.tex) (/usr/share/texmf-dist/tex/generic/pgfplots/pgfplots.paths.code.tex) (/usr/share/texmf-dist/tex/generic/pgf/frontendlayer/tikz/libraries/tikzlibrarydecorations.code.tex (/usr/share/texmf-dist/tex/generic/pgf/modules/pgfmoduledecorations.code.tex
\pgfdecoratedcompleteddistance=\dimen289
\pgfdecoratedremainingdistance=\dimen290
\pgfdecoratedinputsegmentcompleteddistance=\dimen291
\pgfdecoratedinputsegmentremainingdistance=\dimen292
\pgf@decorate@distancetomove=\dimen293
\pgf@decorate@repeatstate=\count334
\pgfdecorationsegmentamplitude=\dimen294
\pgfdecorationsegmentlength=\dimen295
)
\tikz@lib@dec@box=\box75
) (/usr/share/texmf-dist/tex/generic/pgf/frontendlayer/tikz/libraries/tikzlibrarydecorations.pathmorphing.code.tex (/usr/share/texmf-dist/tex/generic/pgf/libraries/decorations/pgflibrarydecorations.pathmorphing.code.tex)) (/usr/share/texmf-dist/tex/generic/pgf/frontendlayer/tikz/libraries/tikzlibrarydecorations.pathreplacing.code.tex (/usr/share/texmf-dist/tex/generic/pgf/libraries/decorations/pgflibrarydecorations.pathreplacing.code.tex)) (/usr/share/texmf-dist/tex/generic/pgfplots/libs/tikzlibrarypgfplots.contourlua.code.tex)
\pgfplots@numplots=\count335
\pgfplots@xmin@reg=\dimen296
\pgfplots@xmax@reg=\dimen297
\pgfplots@ymin@reg=\dimen298
\pgfplots@ymax@reg=\dimen299
\pgfplots@zmin@reg=\dimen300
\pgfplots@zmax@reg=\dimen301
) (/usr/share/texmf-dist/tex/generic/pgf/frontendlayer/tikz/libraries/tikzlibraryplotmarks.code.tex
File: tikzlibraryplotmarks.code.tex 2023-01-15 v3.1.10 (3.1.10)
 (/usr/share/texmf-dist/tex/generic/pgf/libraries/pgflibraryplotmarks.code.tex
File: pgflibraryplotmarks.code.tex 2023-01-15 v3.1.10 (3.1.10)
))) (/usr/share/texmf-dist/tex/latex/fancyhdr/fancyhdr.sty
Package: fancyhdr 2022/11/09 v4.1 Extensive control of page headers and footers
\f@nch@headwidth=\skip130
\f@nch@O@elh=\skip131
\f@nch@O@erh=\skip132
\f@nch@O@olh=\skip133
\f@nch@O@orh=\skip134
\f@nch@O@elf=\skip135
\f@nch@O@erf=\skip136
\f@nch@O@olf=\skip137
\f@nch@O@orf=\skip138
) (/usr/share/texmf-dist/tex/latex/psnfss/pifont.sty
Package: pifont 2020/03/25 PSNFSS-v9.3 Pi font support (SPQR) 
LaTeX Font Info:    Trying to load font information for U+pzd on input line 63.
 (/usr/share/texmf-dist/tex/latex/psnfss/upzd.fd
File: upzd.fd 2001/06/04 font definitions for U/pzd.
)
LaTeX Font Info:    Trying to load font information for U+psy on input line 64.
 (/usr/share/texmf-dist/tex/latex/psnfss/upsy.fd
File: upsy.fd 2001/06/04 font definitions for U/psy.
)) (/usr/share/texmf-dist/tex/latex/tocloft/tocloft.sty
Package: tocloft 2017/08/31 v2.3i parameterised ToC, etc., typesetting
Package tocloft Info: The document has chapter divisions on input line 51.
\cftparskip=\skip139
\cftbeforetoctitleskip=\skip140
\cftaftertoctitleskip=\skip141
\cftbeforepartskip=\skip142
\cftpartnumwidth=\skip143
\cftpartindent=\skip144
\cftbeforechapskip=\skip145
\cftchapindent=\skip146
\cftchapnumwidth=\skip147
\cftbeforesecskip=\skip148
\cftsecindent=\skip149
\cftsecnumwidth=\skip150
\cftbeforesubsecskip=\skip151
\cftsubsecindent=\skip152
\cftsubsecnumwidth=\skip153
\cftbeforesubsubsecskip=\skip154
\cftsubsubsecindent=\skip155
\cftsubsubsecnumwidth=\skip156
\cftbeforeparaskip=\skip157
\cftparaindent=\skip158
\cftparanumwidth=\skip159
\cftbeforesubparaskip=\skip160
\cftsubparaindent=\skip161
\cftsubparanumwidth=\skip162
\cftbeforeloftitleskip=\skip163
\cftafterloftitleskip=\skip164
\cftbeforefigskip=\skip165
\cftfigindent=\skip166
\cftfignumwidth=\skip167
\c@lofdepth=\count336
\c@lotdepth=\count337
\cftbeforelottitleskip=\skip168
\cftafterlottitleskip=\skip169
\cftbeforetabskip=\skip170
\cfttabindent=\skip171
\cfttabnumwidth=\skip172
) (/usr/share/texmf-dist/tex/latex/multirow/multirow.sty
Package: multirow 2021/03/15 v2.8 Span multiple rows of a table
\multirow@colwidth=\skip173
\multirow@cntb=\count338
\multirow@dima=\skip174
\bigstrutjot=\dimen302
) (/usr/share/texmf-dist/tex/latex/tools/dcolumn.sty
Package: dcolumn 2014/10/28 v1.06 decimal alignment package (DPC)
 (/usr/share/texmf-dist/tex/latex/tools/array.sty
Package: array 2022/09/04 v2.5g Tabular extension package (FMi)
\col@sep=\dimen303
\ar@mcellbox=\box76
\extrarowheight=\dimen304
\NC@list=\toks50
\extratabsurround=\skip175
\backup@length=\skip176
\ar@cellbox=\box77
)) (/usr/share/texmf/tex/latex/minted/minted.sty
Package: minted 2021/12/24 v2.6 Yet another Pygments shim for LaTeX
 (/usr/share/texmf/tex/latex/fvextra/fvextra.sty
Package: fvextra 2019/02/04 v1.4 fvextra - extensions and patches for fancyvrb
 (/usr/share/texmf-dist/tex/latex/base/ifthen.sty
Package: ifthen 2022/04/13 v1.1d Standard LaTeX ifthen package (DPC)
) (/usr/share/texmf-dist/tex/latex/fancyvrb/fancyvrb.sty
Package: fancyvrb 2023/01/19 4.5a verbatim text (tvz,hv)
\FV@CodeLineNo=\count339
\FV@InFile=\read3
\FV@TabBox=\box78
\c@FancyVerbLine=\count340
\FV@StepNumber=\count341
\FV@OutFile=\write4
) (/usr/share/texmf-dist/tex/latex/upquote/upquote.sty
Package: upquote 2012/04/19 v1.3 upright-quote and grave-accent glyphs in verbatim
) (/usr/share/texmf-dist/tex/latex/lineno/lineno.sty
Package: lineno 2023/01/19 line numbers on paragraphs v5.1
\linenopenalty=\count342
\output=\toks51
\linenoprevgraf=\count343
\linenumbersep=\dimen305
\linenumberwidth=\dimen306
\c@linenumber=\count344
\c@pagewiselinenumber=\count345
\c@LN@truepage=\count346
\c@internallinenumber=\count347
\c@internallinenumbers=\count348
\quotelinenumbersep=\dimen307
\bframerule=\dimen308
\bframesep=\dimen309
\bframebox=\box79
\linenoamsmath@ams@eqpen=\count349
LaTeX Info: Redefining \\ on input line 3131.
)
\c@FV@TrueTabGroupLevel=\count350
\c@FV@TrueTabCounter=\count351
\FV@TabBox@Group=\box80
\FV@TmpLength=\skip177
\c@FV@HighlightLinesStart=\count352
\c@FV@HighlightLinesStop=\count353
\FV@LoopCount=\count354
\FV@NCharsBox=\box81
\FV@BreakIndent=\dimen310
\FV@BreakIndentNChars=\count355
\FV@BreakSymbolSepLeft=\dimen311
\FV@BreakSymbolSepLeftNChars=\count356
\FV@BreakSymbolSepRight=\dimen312
\FV@BreakSymbolSepRightNChars=\count357
\FV@BreakSymbolIndentLeft=\dimen313
\FV@BreakSymbolIndentLeftNChars=\count358
\FV@BreakSymbolIndentRight=\dimen314
\FV@BreakSymbolIndentRightNChars=\count359
\c@FancyVerbLineBreakLast=\count360
\FV@LineBox=\box82
\FV@LineIndentBox=\box83
\FV@LineWidth=\dimen315
) (/usr/share/texmf-dist/tex/latex/tools/shellesc.sty
Package: shellesc 2019/11/08 v1.0c unified shell escape interface for LaTeX
Package shellesc Info: Unrestricted shell escape enabled on input line 75.
) (/usr/share/texmf-dist/tex/latex/ifplatform/ifplatform.sty
Package: ifplatform 2017/10/13 v0.4a Testing for the operating system
 (/usr/share/texmf-dist/tex/generic/catchfile/catchfile.sty
Package: catchfile 2019/12/09 v1.8 Catch the contents of a file (HO)
) (/usr/share/texmf-dist/tex/generic/iftex/ifluatex.sty
Package: ifluatex 2019/10/25 v1.5 ifluatex legacy package. Use iftex instead.
)
runsystem(uname -s > "main.w18")...executed
 (./main.w18)
runsystem(rm -- "main.w18")...executed
)
(/usr/share/texmf-dist/tex/generic/xstring/xstring.sty (/usr/share/texmf-dist/tex/generic/xstring/xstring.tex
\integerpart=\count361
\decimalpart=\count362
)
Package: xstring 2023/01/14 v1.85 String manipulations (CT)
) (/usr/share/texmf-dist/tex/latex/framed/framed.sty
Package: framed 2011/10/22 v 0.96: framed or shaded text with page breaks
\OuterFrameSep=\skip178
\fb@frw=\dimen316
\fb@frh=\dimen317
\FrameRule=\dimen318
\FrameSep=\dimen319
) (/usr/share/texmf-dist/tex/latex/float/float.sty
Package: float 2001/11/08 v1.3d Float enhancements (AL)
\c@float@type=\count363
\float@exts=\toks52
\float@box=\box84
\@float@everytoks=\toks53
\@floatcapt=\box85
)
\minted@appexistsfile=\read4
\minted@bgbox=\box86
\minted@code=\write5
\c@minted@FancyVerbLineTemp=\count364
\c@minted@pygmentizecounter=\count365
\@float@every@listing=\toks54
\c@listing=\count366
)
runsystem(mkdir -p _minted-main)...executed
 (/usr/share/texmf-dist/tex/latex/footmisc/footmisc.sty
Package: footmisc 2022/03/08 v6.0d a miscellany of footnote facilities
\FN@temptoken=\toks55
\footnotemargin=\dimen320
\@outputbox@depth=\dimen321
Package footmisc Info: Declaring symbol style bringhurst on input line 695.
Package footmisc Info: Declaring symbol style chicago on input line 703.
Package footmisc Info: Declaring symbol style wiley on input line 712.
Package footmisc Info: Declaring symbol style lamport-robust on input line 723.
Package footmisc Info: Declaring symbol style lamport* on input line 743.
Package footmisc Info: Declaring symbol style lamport*-robust on input line 764.
)
Package hyperref Info: Option `bookmarksnumbered' set `true' on input line 41.
Package hyperref Info: Option `bookmarksopen' set `true' on input line 41.
 (/usr/share/texmf-dist/tex/latex/tcolorbox/tcolorbox.sty
Package: tcolorbox 2023/02/12 version 6.0.1 text color boxes
 (/usr/share/texmf-dist/tex/latex/tools/verbatim.sty
Package: verbatim 2022-07-02 v1.5u LaTeX2e package for verbatim enhancements
\every@verbatim=\toks56
\verbatim@line=\toks57
\verbatim@in@stream=\read5
) (/usr/share/texmf-dist/tex/latex/environ/environ.sty
Package: environ 2014/05/04 v0.3 A new way to define environments
 (/usr/share/texmf-dist/tex/latex/trimspaces/trimspaces.sty
Package: trimspaces 2009/09/17 v1.1 Trim spaces around a token list
))
\tcb@titlebox=\box87
\tcb@upperbox=\box88
\tcb@lowerbox=\box89
\tcb@phantombox=\box90
\c@tcbbreakpart=\count367
\c@tcblayer=\count368
\c@tcolorbox@number=\count369
\tcb@temp=\box91
\tcb@temp=\box92
\tcb@temp=\box93
\tcb@temp=\box94
 (/usr/share/texmf-dist/tex/latex/tcolorbox/tcbraster.code.tex
Library (tcolorbox): 'tcbraster.code.tex' version '6.0.1'
\c@tcbrastercolumn=\count370
\c@tcbrasterrow=\count371
\c@tcbrasternum=\count372
\c@tcbraster=\count373
) (/usr/share/texmf-dist/tex/latex/tcolorbox/tcbskins.code.tex
Library (tcolorbox): 'tcbskins.code.tex' version '6.0.1'
(/usr/share/texmf-dist/tex/latex/tikzfill/tikzfill.image.sty
Package: tikzfill.image 2022/07/20 v1.0.0 Image filling library for TikZ
 (/usr/share/texmf-dist/tex/latex/tikzfill/tikzfill-common.sty
Package: tikzfill-common 2022/07/20 v1.0.0 Auxiliary code for tikzfill
) (/usr/share/texmf-dist/tex/latex/tikzfill/tikzlibraryfill.image.code.tex
File: tikzlibraryfill.image.code.tex 2022/07/20 v1.0.0 Image filling library
\l__tikzfill_img_box=\box95
)) (/usr/share/texmf-dist/tex/latex/tcolorbox/tcbskinsjigsaw.code.tex
Library (tcolorbox): 'tcbskinsjigsaw.code.tex' version '6.0.1'
)) (/usr/share/texmf-dist/tex/latex/tcolorbox/tcbbreakable.code.tex
Library (tcolorbox): 'tcbbreakable.code.tex' version '6.0.1'
(/usr/share/texmf-dist/tex/latex/pdfcol/pdfcol.sty
Package: pdfcol 2022-09-21 v1.7 Handle new color stacks for pdfTeX (HO)
)
Package pdfcol Info: New color stack `tcb@breakable' = 1 on input line 23.
\tcb@testbox=\box96
\tcb@totalupperbox=\box97
\tcb@totallowerbox=\box98
) (/usr/share/texmf-dist/tex/latex/tcolorbox/tcbhooks.code.tex
Library (tcolorbox): 'tcbhooks.code.tex' version '6.0.1'
) (/usr/share/texmf-dist/tex/latex/tcolorbox/tcbtheorems.code.tex
Library (tcolorbox): 'tcbtheorems.code.tex' version '6.0.1'
) (/usr/share/texmf-dist/tex/latex/tcolorbox/tcbfitting.code.tex
Library (tcolorbox): 'tcbfitting.code.tex' version '6.0.1'
\tcbfitdim=\dimen322
\tcb@lowerfitdim=\dimen323
\tcb@upperfitdim=\dimen324
\tcb@cur@hbadness=\count374
) (/usr/share/texmf-dist/tex/latex/tcolorbox/tcblistingsutf8.code.tex
Library (tcolorbox): 'tcblistingsutf8.code.tex' version '6.0.1'
(/usr/share/texmf-dist/tex/latex/tcolorbox/tcblistings.code.tex
Library (tcolorbox): 'tcblistings.code.tex' version '6.0.1'
(/usr/share/texmf-dist/tex/latex/listings/listings.sty
\lst@mode=\count375
\lst@gtempboxa=\box99
\lst@token=\toks58
\lst@length=\count376
\lst@currlwidth=\dimen325
\lst@column=\count377
\lst@pos=\count378
\lst@lostspace=\dimen326
\lst@width=\dimen327
\lst@newlines=\count379
\lst@lineno=\count380
\lst@maxwidth=\dimen328
 (/usr/share/texmf-dist/tex/latex/listings/lstmisc.sty
File: lstmisc.sty 2023/02/27 1.9 (Carsten Heinz)
\c@lstnumber=\count381
\lst@skipnumbers=\count382
\lst@framebox=\box100
) (/usr/share/texmf-dist/tex/latex/listings/listings.cfg
File: listings.cfg 2023/02/27 1.9 listings configuration
))
Package: listings 2023/02/27 1.9 (Carsten Heinz)
 (/usr/share/texmf-dist/tex/latex/tcolorbox/tcblistingscore.code.tex
Library (tcolorbox): 'tcblistingscore.code.tex' version '6.0.1'
(/usr/share/texmf-dist/tex/latex/tcolorbox/tcbprocessing.code.tex
Library (tcolorbox): 'tcbprocessing.code.tex' version '6.0.1'
)
\c@tcblisting=\count383
))
Package tcolorbox Info: Library `listingsutf8' is compatible with pdftex only. Library `listings` is loaded instead. on input line 29.
) (/usr/share/texmf-dist/tex/latex/tcolorbox/tcbexternal.code.tex
Library (tcolorbox): 'tcbexternal.code.tex' version '6.0.1'
) (/usr/share/texmf-dist/tex/latex/tcolorbox/tcbmagazine.code.tex
Library (tcolorbox): 'tcbmagazine.code.tex' version '6.0.1'
) (/usr/share/texmf-dist/tex/latex/tcolorbox/tcbvignette.code.tex
Library (tcolorbox): 'tcbvignette.code.tex' version '6.0.1'
(/usr/share/texmf-dist/tex/generic/pgf/frontendlayer/tikz/libraries/tikzlibraryfadings.code.tex
File: tikzlibraryfadings.code.tex 2023-01-15 v3.1.10 (3.1.10)
 (/usr/share/texmf-dist/tex/generic/pgf/libraries/pgflibraryfadings.code.tex
File: pgflibraryfadings.code.tex 2023-01-15 v3.1.10 (3.1.10)
))) (/usr/share/texmf-dist/tex/latex/tcolorbox/tcbposter.code.tex
Library (tcolorbox): 'tcbposter.code.tex' version '6.0.1'
)) (/usr/share/texmf-dist/tex/latex/varwidth/varwidth.sty
Package: varwidth 2009/03/30 ver 0.92;  Variable-width minipages
\@vwid@box=\box101
\sift@deathcycles=\count384
\@vwid@loff=\dimen329
\@vwid@roff=\dimen330
) (/usr/share/texmf-dist/tex/latex/tools/multicol.sty
Package: multicol 2021/11/30 v1.9d multicolumn formatting (FMi)
\c@tracingmulticols=\count385
\mult@box=\box102
\multicol@leftmargin=\dimen331
\c@unbalance=\count386
\c@collectmore=\count387
\doublecol@number=\count388
\multicoltolerance=\count389
\multicolpretolerance=\count390
\full@width=\dimen332
\page@free=\dimen333
\premulticols=\dimen334
\postmulticols=\dimen335
\multicolsep=\skip179
\multicolbaselineskip=\skip180
\partial@page=\box103
\last@line=\box104
\maxbalancingoverflow=\dimen336
\mult@rightbox=\box105
\mult@grightbox=\box106
\mult@firstbox=\box107
\mult@gfirstbox=\box108
\@tempa=\box109
\@tempa=\box110
\@tempa=\box111
\@tempa=\box112
\@tempa=\box113
\@tempa=\box114
\@tempa=\box115
\@tempa=\box116
\@tempa=\box117
\@tempa=\box118
\@tempa=\box119
\@tempa=\box120
\@tempa=\box121
\@tempa=\box122
\@tempa=\box123
\@tempa=\box124
\@tempa=\box125
\@tempa=\box126
\@tempa=\box127
\@tempa=\box128
\@tempa=\box129
\@tempa=\box130
\@tempa=\box131
\@tempa=\box132
\@tempa=\box133
\@tempa=\box134
\@tempa=\box135
\@tempa=\box136
\@tempa=\box137
\@tempa=\box138
\@tempa=\box139
\@tempa=\box140
\@tempa=\box141
\@tempa=\box142
\@tempa=\box143
\@tempa=\box144
\c@minrows=\count391
\c@columnbadness=\count392
\c@finalcolumnbadness=\count393
\last@try=\dimen337
\multicolovershoot=\dimen338
\multicolundershoot=\dimen339
\mult@nat@firstbox=\box145
\colbreak@box=\box146
\mc@col@check@num=\count394
) (/usr/share/texmf-dist/tex/latex/tikz-cd/tikz-cd.sty
Package: tikz-cd 2021/05/04 v1.0 Commutative diagrams with TikZ
 (/usr/share/texmf-dist/tex/generic/tikz-cd/tikzlibrarycd.code.tex (/usr/share/texmf-dist/tex/generic/pgf/frontendlayer/tikz/libraries/tikzlibrarymatrix.code.tex
File: tikzlibrarymatrix.code.tex 2023-01-15 v3.1.10 (3.1.10)
) (/usr/share/texmf-dist/tex/generic/pgf/frontendlayer/tikz/libraries/tikzlibraryquotes.code.tex
File: tikzlibraryquotes.code.tex 2023-01-15 v3.1.10 (3.1.10)
) (/usr/share/texmf-dist/tex/generic/pgf/libraries/pgflibraryarrows.meta.code.tex
File: pgflibraryarrows.meta.code.tex 2023-01-15 v3.1.10 (3.1.10)
\pgfarrowinset=\dimen340
\pgfarrowlength=\dimen341
\pgfarrowwidth=\dimen342
\pgfarrowlinewidth=\dimen343
))) (/usr/share/texmf-dist/tex/latex/algorithm2e/algorithm2e.sty
Package: algorithm2e 2017/07/18 v5.2 algorithms environments
\c@AlgoLine=\count395
\algocf@hangindent=\skip181
 (/usr/share/texmf-dist/tex/latex/ifoddpage/ifoddpage.sty
Package: ifoddpage 2022/10/18 v1.2 Conditionals for odd/even page detection
\c@checkoddpage=\count396
) (/usr/share/texmf-dist/tex/latex/tools/xspace.sty
Package: xspace 2014/10/28 v1.13 Space after command names (DPC,MH)
) (/usr/share/texmf-dist/tex/latex/relsize/relsize.sty
Package: relsize 2013/03/29 ver 4.1
)
\skiptotal=\skip182
\skiplinenumber=\skip183
\skiprule=\skip184
\skiphlne=\skip185
\skiptext=\skip186
\skiplength=\skip187
\algomargin=\skip188
\skipalgocfslide=\skip189
\algowidth=\dimen344
\inoutsize=\dimen345
\inoutindent=\dimen346
\interspacetitleruled=\dimen347
\interspacealgoruled=\dimen348
\interspacetitleboxruled=\dimen349
\algocf@ruledwidth=\skip190
\algocf@inoutbox=\box147
\algocf@inputbox=\box148
\AlCapSkip=\skip191
\AlCapHSkip=\skip192
\algoskipindent=\skip193
\algocf@nlbox=\box149
\algocf@hangingbox=\box150
\algocf@untilbox=\box151
\algocf@skipuntil=\skip194
\algocf@capbox=\box152
\algocf@lcaptionbox=\skip195
\algoheightruledefault=\skip196
\algoheightrule=\skip197
\algotitleheightruledefault=\skip198
\algotitleheightrule=\skip199
\c@algocfline=\count397
\c@algocfproc=\count398
\c@algocf=\count399
\algocf@algoframe=\box153
\algocf@algobox=\box154
) (/usr/share/texmf-dist/tex/latex/comment/comment.sty
\CommentStream=\write6
 Excluding comment 'comment') (/usr/share/texmf-dist/tex/latex/import/import.sty
Package: import 2020/04/01  v 6.2
) (/usr/share/texmf-dist/tex/latex/xifthen/xifthen.sty
Package: xifthen 2015/11/05 v1.4.0 Extended ifthen features
 (/usr/share/texmf-dist/tex/latex/ifmtarg/ifmtarg.sty
Package: ifmtarg 2018/04/16 v1.2b check for an empty argument
)) (/usr/share/texmf-dist/tex/latex/pdfpages/pdfpages.sty
Package: pdfpages 2022/12/19 v0.5x Insert pages of external PDF documents (AM)
 (/usr/share/texmf-dist/tex/latex/eso-pic/eso-pic.sty
Package: eso-pic 2020/10/14 v3.0a eso-pic (RN)
\ESO@tempdima=\dimen350
\ESO@tempdimb=\dimen351
)
\AM@pagewidth=\dimen352
\AM@pageheight=\dimen353
\AM@fboxrule=\dimen354
 (/usr/share/texmf-dist/tex/latex/pdfpages/ppluatex.def
File: ppluatex.def 2022/12/19 v0.5x Pdfpages driver for LuaTeX (AM)
)
\pdfpages@includegraphics@status=\count400
\AM@pagebox=\box155
\AM@global@opts=\toks59
\AM@pagecnt=\count401
\AM@toc@title=\toks60
\AM@lof@heading=\toks61
\c@AM@survey=\count402
\AM@templatesizebox=\box156
) (/usr/share/texmf-dist/tex/latex/transparent/transparent.sty
Package: transparent 2022-10-27 v1.5 Transparency with color stacks
 (/usr/share/texmf-dist/tex/latex/transparent/transparent-nometadata.sty
Package: transparent-nometadata 2022-10-27 v1.5 Transparency via pdfTeX's color stack (HO)
)) (/usr/share/texmf-dist/tex/latex/tools/longtable.sty
Package: longtable 2021-09-01 v4.17 Multi-page Table package (DPC)
\LTleft=\skip256
\LTright=\skip257
\LTpre=\skip258
\LTpost=\skip259
\LTchunksize=\count403
\LTcapwidth=\dimen355
\LT@head=\box157
\LT@firsthead=\box158
\LT@foot=\box159
\LT@lastfoot=\box160
\LT@gbox=\box161
\LT@cols=\count404
\LT@rows=\count405
\c@LT@tables=\count406
\c@LT@chunks=\count407
\LT@p@ftn=\toks62
) (/usr/share/texmf-dist/tex/latex/tikzsymbols/tikzsymbols.sty
Package: tikzsymbols 2021/12/14 v4.12a Some symbols created using tikz and LaTeX3.
 (/usr/share/texmf-dist/tex/generic/pgf/frontendlayer/tikz/libraries/tikzlibraryarrows.code.tex
File: tikzlibraryarrows.code.tex 2023-01-15 v3.1.10 (3.1.10)
 (/usr/share/texmf-dist/tex/generic/pgf/libraries/pgflibraryarrows.code.tex
File: pgflibraryarrows.code.tex 2023-01-15 v3.1.10 (3.1.10)
\arrowsize=\dimen356
)) (/usr/share/texmf-dist/tex/generic/pgf/frontendlayer/tikz/libraries/tikzlibrarytrees.code.tex
File: tikzlibrarytrees.code.tex 2023-01-15 v3.1.10 (3.1.10)
)
\l__tikzsymbols_Moai_thickness_dim=\dimen357
\l__tikzsymbols_Kochtopf_nr_arguments_int=\count408
\l__tikzsymbols_Bratpfanne_nr_arguments_int=\count409
\l__tikzsymbols_Schneebesen_nr_arguments_int=\count410
\l__tikzsymbols_Sieb_nr_arguments_int=\count411
\l__tikzsymbols_Purierstab_nr_arguments_int=\count412
\l__tikzsymbols_Dreizack_nr_arguments_int=\count413
\l__tikzsymbols_Backblech_nr_arguments_int=\count414
\l__tikzsymbols_Ofen_nr_arguments_int=\count415
\l__tikzsymbols_Pfanne_nr_arguments_int=\count416
\l__tikzsymbols_Herd_nr_arguments_int=\count417
\l__tikzsymbols_Saftpresse_nr_arguments_int=\count418
\l__tikzsymbols_Schussel_nr_arguments_int=\count419
\l__tikzsymbols_Schaler_nr_arguments_int=\count420
\l__tikzsymbols_Reibe_nr_arguments_int=\count421
\l__tikzsymbols_Flasche_nr_arguments_int=\count422
\l__tikzsymbols_Nudelholz_nr_arguments_int=\count423
\l__tikzsymbols_Knoblauchpresse_nr_arguments_int=\count424
\l__tikzsymbols_Sadey_nr_arguments_int=\count425
\l__tikzsymbols_dSadey_nr_arguments_int=\count426
\l__tikzsymbols_Changey_nr_arguments_int=\count427
\l__tikzsymbols_dChangey_nr_arguments_int=\count428
\l__tikzsymbols_cChangey_nr_arguments_int=\count429
\l__tikzsymbols_dcChangey_nr_arguments_int=\count430
\l__tikzsymbols_Annoey_nr_arguments_int=\count431
\l__tikzsymbols_dAnnoey_nr_arguments_int=\count432
\l__tikzsymbols_Smiley_nr_arguments_int=\count433
\l__tikzsymbols_dSmiley_nr_arguments_int=\count434
\l__tikzsymbols_Laughey_nr_arguments_int=\count435
\l__tikzsymbols_dLaughey_nr_arguments_int=\count436
\l__tikzsymbols_Neutrey_nr_arguments_int=\count437
\l__tikzsymbols_dNeutrey_nr_arguments_int=\count438
\l__tikzsymbols_Winkey_nr_arguments_int=\count439
\l__tikzsymbols_oldWinkey_nr_arguments_int=\count440
\l__tikzsymbols_dWinkey_nr_arguments_int=\count441
\l__tikzsymbols_olddWinkey_nr_arguments_int=\count442
\l__tikzsymbols_Sey_nr_arguments_int=\count443
\l__tikzsymbols_dSey_nr_arguments_int=\count444
\l__tikzsymbols_Xey_nr_arguments_int=\count445
\l__tikzsymbols_dXey_nr_arguments_int=\count446
\l__tikzsymbols_Innocey_nr_arguments_int=\count447
\l__tikzsymbols_wInnocey_nr_arguments_int=\count448
\l__tikzsymbols_dInnocey_nr_arguments_int=\count449
\l__tikzsymbols_Cooley_nr_arguments_int=\count450
\l__tikzsymbols_dCooley_nr_arguments_int=\count451
\l__tikzsymbols_Tongey_nr_arguments_int=\count452
\l__tikzsymbols_dTongey_nr_arguments_int=\count453
\l__tikzsymbols_Nursey_nr_arguments_int=\count454
\l__tikzsymbols_dNursey_nr_arguments_int=\count455
\l__tikzsymbols_Vomey_nr_arguments_int=\count456
\l__tikzsymbols_dVomey_nr_arguments_int=\count457
\l__tikzsymbols_Walley_nr_arguments_int=\count458
\l__tikzsymbols_rWalley_nr_arguments_int=\count459
\l__tikzsymbols_dWalley_nr_arguments_int=\count460
\l__tikzsymbols_drWalley_nr_arguments_int=\count461
\l__tikzsymbols_Cat_nr_arguments_int=\count462
\l__tikzsymbols_SchrodingersCat_nr_arguments_int=\count463
\l__tikzsymbols_Ninja_nr_arguments_int=\count464
\l__tikzsymbols_dNinja_nr_arguments_int=\count465
\l__tikzsymbols_Sleepey_nr_arguments_int=\count466
\l__tikzsymbols_dSleepey_nr_arguments_int=\count467
\l__tikzsymbols_Maskey_nr_arguments_int=\count468
\l__tikzsymbols_NiceReapey_nr_arguments_int=\count469
\l__tikzsymbols_Strichmaxerl_nr_arguments_int=\count470
\l__tikzsymbols_Person_nr_arguments_int=\count471
\l__tikzsymbols_Heart_nr_arguments_int=\count472
\l__tikzsymbols_dHeart_nr_arguments_int=\count473
\l__tikzsymbols_HeartBroken_nr_arguments_int=\count474
\l__tikzsymbols_Candle_nr_arguments_int=\count475
\l__tikzsymbols_Fire_nr_arguments_int=\count476
\l__tikzsymbols_Coffeecup_nr_arguments_int=\count477
\l__tikzsymbols_Chair_nr_arguments_int=\count478
\l__tikzsymbols_Bed_nr_arguments_int=\count479
\l__tikzsymbols_Tribar_nr_arguments_int=\count480
\l__tikzsymbols_Moai_nr_arguments_int=\count481
\l__tikzsymbols_Snowman_nr_arguments_int=\count482
\l__tikzsymbols_BasicTree_nr_arguments_int=\count483
\l__tikzsymbols_WorstTree_nr_arguments_int=\count484
\l__tikzsymbols_Springtree_nr_arguments_int=\count485
\l__tikzsymbols_Summertree_nr_arguments_int=\count486
\l__tikzsymbols_Autumntree_nr_arguments_int=\count487
\l__tikzsymbols_Wintertree_nr_arguments_int=\count488
)
\c@tcb@cnt@theo=\count489
\c@tcb@cnt@Theorem=\count490
\c@tcb@cnt@theorem=\count491
\c@tcb@cnt@claim=\count492
\c@tcb@cnt@Exercise=\count493
\c@tcb@cnt@exercise=\count494
\c@tcb@cnt@Example=\count495
\c@tcb@cnt@example=\count496
\c@tcb@cnt@question=\count497
\c@tcb@cnt@qstion=\count498
\c@tcb@cnt@wconc=\count499
 (/usr/share/texmf-dist/tex/generic/pgf/frontendlayer/tikz/libraries/tikzlibrarycalc.code.tex
File: tikzlibrarycalc.code.tex 2023-01-15 v3.1.10 (3.1.10)
) (/usr/share/texmf-dist/tex/latex/pgf-blur/tikzlibraryshadows.blur.code.tex  v1.02, 2012/12/09 (/usr/share/texmf-dist/tex/generic/pgf/frontendlayer/tikz/libraries/tikzlibraryshadows.code.tex
File: tikzlibraryshadows.code.tex 2023-01-15 v3.1.10 (3.1.10)
)
\pgfbs@fading@count=\count500
)
\c@definitie=\count501
\c@eigenschap=\count502
\c@gevolg=\count503
\c@lemma=\count504
\c@propositie=\count505
\c@stelling=\count506
\c@wet=\count507
\c@postulaat=\count508
\c@conclusie=\count509
\c@toemaatje=\count510
\c@vermoeden=\count511
\c@definition=\count512
\c@mylabelcounter=\count513
\diffdbox=\box162
 (/usr/share/texmf-dist/tex/latex/lm/lmodern.sty
Package: lmodern 2015/05/01 v1.6.1 Latin Modern Fonts
LaTeX Font Info:    Overwriting symbol font `operators' in version `normal'
(Font)                  OT1/cmr/m/n --> OT1/lmr/m/n on input line 22.
LaTeX Font Info:    Overwriting symbol font `letters' in version `normal'
(Font)                  OML/cmm/m/it --> OML/lmm/m/it on input line 23.
LaTeX Font Info:    Overwriting symbol font `symbols' in version `normal'
(Font)                  OMS/cmsy/m/n --> OMS/lmsy/m/n on input line 24.
LaTeX Font Info:    Overwriting symbol font `largesymbols' in version `normal'
(Font)                  OMX/cmex/m/n --> OMX/lmex/m/n on input line 25.
LaTeX Font Info:    Overwriting symbol font `operators' in version `bold'
(Font)                  OT1/cmr/bx/n --> OT1/lmr/bx/n on input line 26.
LaTeX Font Info:    Overwriting symbol font `letters' in version `bold'
(Font)                  OML/cmm/b/it --> OML/lmm/b/it on input line 27.
LaTeX Font Info:    Overwriting symbol font `symbols' in version `bold'
(Font)                  OMS/cmsy/b/n --> OMS/lmsy/b/n on input line 28.
LaTeX Font Info:    Overwriting symbol font `largesymbols' in version `bold'
(Font)                  OMX/cmex/m/n --> OMX/lmex/m/n on input line 29.
LaTeX Font Info:    Overwriting math alphabet `\mathbf' in version `normal'
(Font)                  OT1/cmr/bx/n --> OT1/lmr/bx/n on input line 31.
LaTeX Font Info:    Overwriting math alphabet `\mathsf' in version `normal'
(Font)                  OT1/cmss/m/n --> OT1/lmss/m/n on input line 32.
LaTeX Font Info:    Overwriting math alphabet `\mathit' in version `normal'
(Font)                  OT1/cmr/m/it --> OT1/lmr/m/it on input line 33.
LaTeX Font Info:    Overwriting math alphabet `\mathtt' in version `normal'
(Font)                  OT1/cmtt/m/n --> OT1/lmtt/m/n on input line 34.
LaTeX Font Info:    Overwriting math alphabet `\mathbf' in version `bold'
(Font)                  OT1/cmr/bx/n --> OT1/lmr/bx/n on input line 35.
LaTeX Font Info:    Overwriting math alphabet `\mathsf' in version `bold'
(Font)                  OT1/cmss/bx/n --> OT1/lmss/bx/n on input line 36.
LaTeX Font Info:    Overwriting math alphabet `\mathit' in version `bold'
(Font)                  OT1/cmr/bx/it --> OT1/lmr/bx/it on input line 37.
LaTeX Font Info:    Overwriting math alphabet `\mathtt' in version `bold'
(Font)                  OT1/cmtt/m/n --> OT1/lmtt/m/n on input line 38.
))
(/home/datura/dev/latex/template/macros.tex)
runsystem(which pygmentize && touch main.aex)...executed
runsystem(rm main.aex)...executed
 (./main.aux)
\openout1 = main.aux

LaTeX Font Info:    Checking defaults for OML/cmm/m/it on input line 20.
LaTeX Font Info:    ... okay on input line 20.
LaTeX Font Info:    Checking defaults for OMS/cmsy/m/n on input line 20.
LaTeX Font Info:    ... okay on input line 20.
LaTeX Font Info:    Checking defaults for OT1/cmr/m/n on input line 20.
LaTeX Font Info:    ... okay on input line 20.
LaTeX Font Info:    Checking defaults for T1/cmr/m/n on input line 20.
LaTeX Font Info:    ... okay on input line 20.
LaTeX Font Info:    Checking defaults for TS1/cmr/m/n on input line 20.
LaTeX Font Info:    Trying to load font information for TS1+cmr on input line 20.
 (/usr/share/texmf-dist/tex/latex/base/ts1cmr.fd
File: ts1cmr.fd 2022/07/10 v2.5l Standard LaTeX font definitions
)
LaTeX Font Info:    ... okay on input line 20.
LaTeX Font Info:    Checking defaults for TU/lmr/m/n on input line 20.
LaTeX Font Info:    ... okay on input line 20.
LaTeX Font Info:    Checking defaults for OMX/cmex/m/n on input line 20.
LaTeX Font Info:    ... okay on input line 20.
LaTeX Font Info:    Checking defaults for U/cmr/m/n on input line 20.
LaTeX Font Info:    ... okay on input line 20.
LaTeX Font Info:    Checking defaults for PD1/pdf/m/n on input line 20.
LaTeX Font Info:    ... okay on input line 20.
LaTeX Font Info:    Checking defaults for PU/pdf/m/n on input line 20.
LaTeX Font Info:    ... okay on input line 20.

*geometry* driver: auto-detecting
*geometry* detected driver: luatex
*geometry* verbose mode - [ preamble ] result:
* driver: luatex
* paper: <default>
* layout: <same size as paper>
* layoutoffset:(h,v)=(0.0pt,0.0pt)
* modes: 
* h-part:(L,W,R)=(61.42993pt, 491.43513pt, 61.42993pt)
* v-part:(T,H,B)=(61.42993pt, 676.63455pt, 56.9055pt)
* \paperwidth=614.295pt
* \paperheight=794.96999pt
* \textwidth=491.43513pt
* \textheight=676.63455pt
* \oddsidemargin=-10.84006pt
* \evensidemargin=-10.84006pt
* \topmargin=-47.84006pt
* \headheight=12.0pt
* \headsep=25.0pt
* \topskip=10.0pt
* \footskip=14.45377pt
* \marginparwidth=65.0pt
* \marginparsep=11.0pt
* \columnsep=10.0pt
* \skip\footins=9.0pt plus 4.0pt minus 2.0pt
* \hoffset=0.0pt
* \voffset=0.0pt
* \mag=1000
* \@twocolumnfalse
* \@twosidefalse
* \@mparswitchfalse
* \@reversemarginfalse
* (1in=72.27pt=25.4mm, 1cm=28.453pt)

(/usr/share/texmf-dist/tex/context/base/mkii/supp-pdf.mkii
[Loading MPS to PDF converter (version 2006.09.02).]
\scratchcounter=\count514
\scratchdimen=\dimen358
\scratchbox=\box163
\nofMPsegments=\count515
\nofMParguments=\count516
\everyMPshowfont=\toks63
\MPscratchCnt=\count517
\MPscratchDim=\dimen359
\MPnumerator=\count518
\makeMPintoPDFobject=\count519
\everyMPtoPDFconversion=\toks64
) (/usr/share/texmf-dist/tex/latex/epstopdf-pkg/epstopdf-base.sty
Package: epstopdf-base 2020-01-24 v2.11 Base part for package epstopdf
Package epstopdf-base Info: Redefining graphics rule for `.eps' on input line 485.
 (/usr/share/texmf-dist/tex/latex/latexconfig/epstopdf-sys.cfg
File: epstopdf-sys.cfg 2010/07/13 v1.3 Configuration of (r)epstopdf for TeX Live
))
Package hyperref Info: Link coloring OFF on input line 20.

Package pgfplots notification 'compat/show suggested version=true': document has been generated with the most recent feature set (\pgfplotsset{compat=1.18}).

\c@lstlisting=\count520
(/usr/share/texmf-dist/tex/latex/pdflscape/pdflscape.sty
Package: pdflscape 2022-10-27 v0.13 Display of landscape pages in PDF
 (/usr/share/texmf-dist/tex/latex/pdflscape/pdflscape-nometadata.sty
Package: pdflscape-nometadata 2022-10-28 v0.13 Display of landscape pages in PDF (HO)
 (/usr/share/texmf-dist/tex/latex/graphics/lscape.sty
Package: lscape 2020/05/28 v3.02 Landscape Pages (DPC)
)
Package pdflscape Info: Auto-detected driver: pdftex on input line 81.
))
<./figures/python.png, id=43, 1876.00874pt x 2055.68pt>
File: ./figures/python.png Graphic file (type png)
<use ./figures/python.png>
Package luatex.def Info: ./figures/python.png  used on input line 39.
(luatex.def)             Requested size: 196.57104pt x 215.36658pt.
 [1

{/var/lib/texmf/fonts/map/pdftex/updmap/pdftex.map}<./figures/python.png>]
LaTeX Font Info:    Trying to load font information for OT1+lmr on input line 88.
 (/usr/share/texmf-dist/tex/latex/lm/ot1lmr.fd
File: ot1lmr.fd 2015/05/01 v1.6.1 Font defs for Latin Modern
)
LaTeX Font Info:    Trying to load font information for OML+lmm on input line 88.
 (/usr/share/texmf-dist/tex/latex/lm/omllmm.fd
File: omllmm.fd 2015/05/01 v1.6.1 Font defs for Latin Modern
)
LaTeX Font Info:    Trying to load font information for OMS+lmsy on input line 88.
 (/usr/share/texmf-dist/tex/latex/lm/omslmsy.fd
File: omslmsy.fd 2015/05/01 v1.6.1 Font defs for Latin Modern
)
LaTeX Font Info:    Trying to load font information for OMX+lmex on input line 88.
 (/usr/share/texmf-dist/tex/latex/lm/omxlmex.fd
File: omxlmex.fd 2015/05/01 v1.6.1 Font defs for Latin Modern
)
LaTeX Font Info:    External font `lmex10' loaded for size
(Font)              <10> on input line 88.
LaTeX Font Info:    External font `lmex10' loaded for size
(Font)              <7> on input line 88.
LaTeX Font Info:    External font `lmex10' loaded for size
(Font)              <5> on input line 88.
LaTeX Font Info:    Trying to load font information for U+msa on input line 88.
 (/usr/share/texmf-dist/tex/latex/amsfonts/umsa.fd
File: umsa.fd 2013/01/14 v3.01 AMS symbols A
)
LaTeX Font Info:    Trying to load font information for U+msb on input line 88.
 (/usr/share/texmf-dist/tex/latex/amsfonts/umsb.fd
File: umsb.fd 2013/01/14 v3.01 AMS symbols B
)
warning  (pdf backend): ignoring duplicate destination with the name 'page.1'
[1] (./main.toc [2] [3])
\tf@toc=\write7

\openout7 = main.toc
 [4]
Package mdframed Info: mdframed detected package amsthm 
 changed the theorem header of amsthm
(mdframed)              on input line 105.

\openout4 = main.pyg
 (./_minted-main/default.pygstyle) (./_minted-main/82093DD5D83344BFA865700C60793F2E5018845A16FEE2F871CFA2D2B2CFB1C6.pygtex
LaTeX Font Info:    Font shape `TU/lmtt/bx/n' in size <10> not available
(Font)              Font shape `TU/lmtt/b/n' tried instead on input line 3.
) [5]
Package mdframed Info: mdframed detected package amsthm 
 changed the theorem header of amsthm
(mdframed)              on input line 118.

\openout4 = main.pyg
 (./_minted-main/B4FA1FE4011F48298AF510DAECFE1A1B5018845A16FEE2F871CFA2D2B2CFB1C6.pygtex) [6]
\openout4 = main.pyg
 (./_minted-main/256F0FC4BB73A360441CF0D7BBE48DAB5018845A16FEE2F871CFA2D2B2CFB1C6.pygtex) [7]
\openout4 = main.pyg
 (./_minted-main/1D45688E0E21688FCE9E9D60D97201D45018845A16FEE2F871CFA2D2B2CFB1C6.pygtex) [8]
\openout4 = main.pyg
 (./_minted-main/F50ED377802E9F08E043337394212F7A5018845A16FEE2F871CFA2D2B2CFB1C6.pygtex)
\openout4 = main.pyg
 (./_minted-main/96D2601E953225B8AEA9507285A67EAC5018845A16FEE2F871CFA2D2B2CFB1C6.pygtex)
\openout4 = main.pyg
 (./_minted-main/8EEF0E423772D7A52DC2F241721CC72F5018845A16FEE2F871CFA2D2B2CFB1C6.pygtex) [9]
\openout4 = main.pyg
 (./_minted-main/615786879A143D49364795E98313171B5018845A16FEE2F871CFA2D2B2CFB1C6.pygtex)
\openout4 = main.pyg
 (./_minted-main/CE6934817ECDC74A5AD00F2FB0CF51EC5018845A16FEE2F871CFA2D2B2CFB1C6.pygtex)
\openout4 = main.pyg
 (./_minted-main/AA3D62C361C2BAE05C6E92ABF7B414785018845A16FEE2F871CFA2D2B2CFB1C6.pygtex)
\openout4 = main.pyg
 (./_minted-main/B9D764627F0E12AB1256343C742D533A5018845A16FEE2F871CFA2D2B2CFB1C6.pygtex [10])
\openout4 = main.pyg
 (./_minted-main/D3748AD817DB3554A6D0348FBCD719265018845A16FEE2F871CFA2D2B2CFB1C6.pygtex)
\openout4 = main.pyg
 (./_minted-main/45B758A4F518F3FF31363696132F5F5A5018845A16FEE2F871CFA2D2B2CFB1C6.pygtex)
\openout4 = main.pyg
 (./_minted-main/FF175BBD7E65560778EE5CAA6619C9D15018845A16FEE2F871CFA2D2B2CFB1C6.pygtex)
\openout4 = main.pyg
 (./_minted-main/243C49A2647607D8CB288A64D30FD2A45018845A16FEE2F871CFA2D2B2CFB1C6.pygtex)
\openout4 = main.pyg
 (./_minted-main/CF735762346983D0079D942C838860055018845A16FEE2F871CFA2D2B2CFB1C6.pygtex)
\openout4 = main.pyg
 (./_minted-main/40F287EA69CB4A0A0DA31055D91CE32C5018845A16FEE2F871CFA2D2B2CFB1C6.pygtex)
\openout4 = main.pyg
 (./_minted-main/C6FDF301C053E6B65CDD9314BF3EACD25018845A16FEE2F871CFA2D2B2CFB1C6.pygtex)
\openout4 = main.pyg
 (./_minted-main/61FBD46D3DB1FA8B48B2CEE318C282405018845A16FEE2F871CFA2D2B2CFB1C6.pygtex) [11]
\openout4 = main.pyg
 (./_minted-main/31DB3B0EB77C7B2664270ED094D30D5B5018845A16FEE2F871CFA2D2B2CFB1C6.pygtex)
\openout4 = main.pyg
 (./_minted-main/A0523BC8E807D8C1CFA7AFCE8ECBEAFA5018845A16FEE2F871CFA2D2B2CFB1C6.pygtex)
\openout4 = main.pyg

(./_minted-main/9F89F0C87B323632D351FDDE4CF108D65018845A16FEE2F871CFA2D2B2CFB1C6.pygtex [12])
\openout4 = main.pyg
 (./_minted-main/65A8DEC5424BD679ADBBD471656DEE9C5018845A16FEE2F871CFA2D2B2CFB1C6.pygtex) [13]
\openout4 = main.pyg
 (./_minted-main/9D9339F6FB5F83531D969E3CCE9B4B635018845A16FEE2F871CFA2D2B2CFB1C6.pygtex)
\openout4 = main.pyg
 (./_minted-main/2D50ABF4A4D8C12AB1FAFAA144A277145018845A16FEE2F871CFA2D2B2CFB1C6.pygtex)
\openout4 = main.pyg
 (./_minted-main/53215ED0AECEFFDD3B72D1D572CE6C235018845A16FEE2F871CFA2D2B2CFB1C6.pygtex)
\openout4 = main.pyg
 (./_minted-main/34B35DB1D92C59A1FD44B197DCCEFF8F5018845A16FEE2F871CFA2D2B2CFB1C6.pygtex) [14]
\openout4 = main.pyg
 (./_minted-main/3DB174E048C1CB9064E6863A3F30DC665018845A16FEE2F871CFA2D2B2CFB1C6.pygtex)
\openout4 = main.pyg
 (./_minted-main/E83CCBF0D03FD2461828BD421649F6885018845A16FEE2F871CFA2D2B2CFB1C6.pygtex)
\openout4 = main.pyg
 (./_minted-main/8585FF7A31617ADDD59F8E16CD1819875018845A16FEE2F871CFA2D2B2CFB1C6.pygtex)
\openout4 = main.pyg
 (./_minted-main/D2F0EB3D0DCF24D55EB5C88785E68C3B5018845A16FEE2F871CFA2D2B2CFB1C6.pygtex)
\openout4 = main.pyg
 (./_minted-main/5C5E06DF698225640BC13C492CFCB4625018845A16FEE2F871CFA2D2B2CFB1C6.pygtex)
\openout4 = main.pyg
 (./_minted-main/AFF717DB5611C3A313B759D2CF43787E5018845A16FEE2F871CFA2D2B2CFB1C6.pygtex) [15]
\openout4 = main.pyg
 (./_minted-main/DC8F02A60E369094537B7416285618F35018845A16FEE2F871CFA2D2B2CFB1C6.pygtex)
\openout4 = main.pyg
 (./_minted-main/332B6B5185F92EFDD994E1F15D1A4EE45018845A16FEE2F871CFA2D2B2CFB1C6.pygtex)
\openout4 = main.pyg
 (./_minted-main/FC5D50E94599A9465F066E6F383544AA5018845A16FEE2F871CFA2D2B2CFB1C6.pygtex)
\openout4 = main.pyg
 (./_minted-main/CFB6A124FE1FB6C1C1B0F199B848EF465018845A16FEE2F871CFA2D2B2CFB1C6.pygtex)
\openout4 = main.pyg
 (./_minted-main/8FC620A656C25E69E22681688B2B03485018845A16FEE2F871CFA2D2B2CFB1C6.pygtex)
\openout4 = main.pyg
 (./_minted-main/F1224D46100DE1AE5620C5B7A4B58D245018845A16FEE2F871CFA2D2B2CFB1C6.pygtex)
\openout4 = main.pyg
 (./_minted-main/040DBD5BDB0E6162563F3E520D5834B75018845A16FEE2F871CFA2D2B2CFB1C6.pygtex [16])
\openout4 = main.pyg
 (./_minted-main/593CE641FE0DF93BBF793CA544244F9E5018845A16FEE2F871CFA2D2B2CFB1C6.pygtex) [17]
Package mdframed Info: mdframed detected package amsthm 
 changed the theorem header of amsthm
(mdframed)              on input line 669.

\openout4 = main.pyg
 (./_minted-main/BDB6AC1BB444FA8C0D2D41AF839ABA825018845A16FEE2F871CFA2D2B2CFB1C6.pygtex)
Package mdframed Info: mdframed detected package amsthm 
 changed the theorem header of amsthm
(mdframed)              on input line 685.

\openout4 = main.pyg
 (./_minted-main/D4D47D6DF933166C59C85BC52DF393A55018845A16FEE2F871CFA2D2B2CFB1C6.pygtex) [18]
\openout4 = main.pyg

(./_minted-main/5BEDFE0EAD7F0589A571DA888918F7E75018845A16FEE2F871CFA2D2B2CFB1C6.pygtex)
\openout4 = main.pyg
 (./_minted-main/536D8AA012426C63626D73918F3AA10D5018845A16FEE2F871CFA2D2B2CFB1C6.pygtex [19])
\openout4 = main.pyg
 (./_minted-main/9A4F87A13363D01248B2C9D5BF80D5475018845A16FEE2F871CFA2D2B2CFB1C6.pygtex)
\openout4 = main.pyg
 (./_minted-main/86B17DE42F798D8FA1A0F539975D03135018845A16FEE2F871CFA2D2B2CFB1C6.pygtex [20])
\openout4 = main.pyg
 (./_minted-main/3401079B37DFBBBB966F8BF397C2C3555018845A16FEE2F871CFA2D2B2CFB1C6.pygtex) [21]
\openout4 = main.pyg
 (./_minted-main/A9D6E041DF10B1238304C5DA54838A9E5018845A16FEE2F871CFA2D2B2CFB1C6.pygtex)
\openout4 = main.pyg
 (./_minted-main/E7C4B23FC8C8B7215774542B4334874D5018845A16FEE2F871CFA2D2B2CFB1C6.pygtex)
\openout4 = main.pyg
 (./_minted-main/960E3769E1C95C608DAE0A9B9246BF8B5018845A16FEE2F871CFA2D2B2CFB1C6.pygtex) [22]
\openout4 = main.pyg
 (./_minted-main/A716942280B731688338B3A7FE9CA64D5018845A16FEE2F871CFA2D2B2CFB1C6.pygtex) [23]
\openout4 = main.pyg
 (./_minted-main/706FF5417EC570184200F42D532254D35018845A16FEE2F871CFA2D2B2CFB1C6.pygtex)
\openout4 = main.pyg
 (./_minted-main/F7C61AF20CB1A1B6167698F9C68A84DA5018845A16FEE2F871CFA2D2B2CFB1C6.pygtex)
\openout4 = main.pyg
 (./_minted-main/205D375060307C7846E179EC6050FD615018845A16FEE2F871CFA2D2B2CFB1C6.pygtex [24])
\openout4 = main.pyg
 (./_minted-main/E89A8496D0882D7768B91549388A413A5018845A16FEE2F871CFA2D2B2CFB1C6.pygtex)
\openout4 = main.pyg
 (./_minted-main/B46E9675632C6B90886691FC8BB0F4415018845A16FEE2F871CFA2D2B2CFB1C6.pygtex) [25]
\openout4 = main.pyg
 (./_minted-main/A1572E23D0AB37A52BEDD0D61FEB5E215018845A16FEE2F871CFA2D2B2CFB1C6.pygtex)
\openout4 = main.pyg
 (./_minted-main/BA0FB293FAA8F2AA57FCDE9FF74CF6ED5018845A16FEE2F871CFA2D2B2CFB1C6.pygtex) [26]
\openout4 = main.pyg
 (./_minted-main/90558C8A85238E651FFF7BDA64D5F8A55018845A16FEE2F871CFA2D2B2CFB1C6.pygtex)
\openout4 = main.pyg
 (./_minted-main/C75A593EE6C9F7E363B0462D188E3F9C5018845A16FEE2F871CFA2D2B2CFB1C6.pygtex [27
warning  (pdf backend): ignoring duplicate destination with the name 'table.0.1'
])
\openout4 = main.pyg
 (./_minted-main/02265B3AD48EC6D206A7DD64F3094AA25018845A16FEE2F871CFA2D2B2CFB1C6.pygtex)
\openout4 = main.pyg
 (./_minted-main/06E184B90F470602E8D48690CB20EE7B5018845A16FEE2F871CFA2D2B2CFB1C6.pygtex) [28]
\openout4 = main.pyg
 (./_minted-main/E06BD9E49EAE07E9AFC12ACE911ACCBA5018845A16FEE2F871CFA2D2B2CFB1C6.pygtex)
\openout4 = main.pyg
 (./_minted-main/3EA4C76EB7D8E2D0835FC3FFE621406B5018845A16FEE2F871CFA2D2B2CFB1C6.pygtex) [29]
\openout4 = main.pyg
 (./_minted-main/56EBCA531CD63EDF331F4D3F4A7428E45018845A16FEE2F871CFA2D2B2CFB1C6.pygtex)
\openout4 = main.pyg
 (./_minted-main/EBA149A169857DC8F4CD987724E144A35018845A16FEE2F871CFA2D2B2CFB1C6.pygtex)
\openout4 = main.pyg
 (./_minted-main/E579F8065EC5F502906E00510336E0805018845A16FEE2F871CFA2D2B2CFB1C6.pygtex)
\openout4 = main.pyg
 (./_minted-main/6942A36631ACF9411BEFBD6F4F86401E5018845A16FEE2F871CFA2D2B2CFB1C6.pygtex)
\openout4 = main.pyg
 (./_minted-main/180FC6C53F1C2C61051BC5A27214393C5018845A16FEE2F871CFA2D2B2CFB1C6.pygtex) [30]
\openout4 = main.pyg
 (./_minted-main/B7B02DAF84856C7110FBD2C2392EFDBC5018845A16FEE2F871CFA2D2B2CFB1C6.pygtex)
\openout4 = main.pyg
 (./_minted-main/411B70C93873E823CC9AE21AD70623AD5018845A16FEE2F871CFA2D2B2CFB1C6.pygtex [31])
\openout4 = main.pyg
 (./_minted-main/578E3CB8329761F5CB4FFB46CBC73CB75018845A16FEE2F871CFA2D2B2CFB1C6.pygtex)
\openout4 = main.pyg
 (./_minted-main/8EDB6D57A19E850D4BFFBCB1092A3D325018845A16FEE2F871CFA2D2B2CFB1C6.pygtex)
\openout4 = main.pyg
 (./_minted-main/7FDDE86BF99014A1F23FF76A951E06945018845A16FEE2F871CFA2D2B2CFB1C6.pygtex) [32]
\openout4 = main.pyg
 (./_minted-main/5609A8CFB5A625C4FBFB8402CE1EC8295018845A16FEE2F871CFA2D2B2CFB1C6.pygtex)
\openout4 = main.pyg
 (./_minted-main/1CEA44384F759647231CD067EC5FB5745018845A16FEE2F871CFA2D2B2CFB1C6.pygtex)
\openout4 = main.pyg
 (./_minted-main/7220E48DED07FC9DB786CA0C2049D9525018845A16FEE2F871CFA2D2B2CFB1C6.pygtex)
\openout4 = main.pyg
 (./_minted-main/E592DB2070573593751B724BE2AB1CF05018845A16FEE2F871CFA2D2B2CFB1C6.pygtex) [33]
\openout4 = main.pyg
 (./_minted-main/71D045C2BBB3CEA76133C5C9B564566B5018845A16FEE2F871CFA2D2B2CFB1C6.pygtex)
\openout4 = main.pyg
 (./_minted-main/24F36BB5F0986A4D1C937395FCF45D6F5018845A16FEE2F871CFA2D2B2CFB1C6.pygtex) [34]
\openout4 = main.pyg
 (./_minted-main/F13D5069E30D605139A4722F5968C2555018845A16FEE2F871CFA2D2B2CFB1C6.pygtex)
\openout4 = main.pyg
 (./_minted-main/2A8C01F3246689C7F27141A72BE03DBF5018845A16FEE2F871CFA2D2B2CFB1C6.pygtex)
[35]
\openout4 = main.pyg
 (./_minted-main/01319F4C70059E11A51655E2AA04F13D5018845A16FEE2F871CFA2D2B2CFB1C6.pygtex)
\openout4 = main.pyg
 (./_minted-main/A090E599B8F3114BBA025E1A8BAD43755018845A16FEE2F871CFA2D2B2CFB1C6.pygtex) [36]
\openout4 = main.pyg
 (./_minted-main/A8FEEF172D8786CFB22A7AE9817B936B5018845A16FEE2F871CFA2D2B2CFB1C6.pygtex)
\openout4 = main.pyg
 (./_minted-main/E67E7EDAD011F5208FCA3C66156C94F85018845A16FEE2F871CFA2D2B2CFB1C6.pygtex)
\openout4 = main.pyg
 (./_minted-main/B2F26F9B6E66D97022C9758538E4EE765018845A16FEE2F871CFA2D2B2CFB1C6.pygtex)
\openout4 = main.pyg
 (./_minted-main/986816F0CD46C209900C5C94A305BED95018845A16FEE2F871CFA2D2B2CFB1C6.pygtex) [37]
\openout4 = main.pyg
 (./_minted-main/EECC3AC66CC360151A7627920C359B2C5018845A16FEE2F871CFA2D2B2CFB1C6.pygtex)
\openout4 = main.pyg
 (./_minted-main/F79775EA491EBE18CCAD2887A4169C0C5018845A16FEE2F871CFA2D2B2CFB1C6.pygtex)
\openout4 = main.pyg
 (./_minted-main/AEC54A78188A3071912F493B95F5B9255018845A16FEE2F871CFA2D2B2CFB1C6.pygtex)
Package mdframed Info: mdframed detected package amsthm 
 changed the theorem header of amsthm
(mdframed)              on input line 1631.

\openout4 = main.pyg
 (./_minted-main/D76233825991637653CD2445C6FCD4F65018845A16FEE2F871CFA2D2B2CFB1C6.pygtex)
\openout4 = main.pyg
 (./_minted-main/F60F49B6424050D80ACF5F853E3A96D15018845A16FEE2F871CFA2D2B2CFB1C6.pygtex) [38]
\openout4 = main.pyg
 (./_minted-main/4CBC687ABCBB6A18B24411C70A44729B5018845A16FEE2F871CFA2D2B2CFB1C6.pygtex)
\openout4 = main.pyg
 (./_minted-main/D7995E7B523544E2E0FC73115B8641BF5018845A16FEE2F871CFA2D2B2CFB1C6.pygtex)
\openout4 = main.pyg
 (./_minted-main/C4F59F48B62035895C4F8DA0F950F1805018845A16FEE2F871CFA2D2B2CFB1C6.pygtex) [39]
\openout4 = main.pyg
 (./_minted-main/24FE336A54A70EC255BF6228A30E2AF75018845A16FEE2F871CFA2D2B2CFB1C6.pygtex)
\openout4 = main.pyg
 (./_minted-main/9EE52F1D92E05E54EF25A29023CACE8D5018845A16FEE2F871CFA2D2B2CFB1C6.pygtex) [40]
\openout4 = main.pyg
 (./_minted-main/D14BF72987CB5F8EBA79BC4F5EE731A85018845A16FEE2F871CFA2D2B2CFB1C6.pygtex)
\openout4 = main.pyg
 (./_minted-main/C99D1674554589C0176BC4DFE6E338895018845A16FEE2F871CFA2D2B2CFB1C6.pygtex)
\openout4 = main.pyg
 (./_minted-main/AFD9A6CB06B25F4222CA5EC0CAAB9AFB5018845A16FEE2F871CFA2D2B2CFB1C6.pygtex)
\openout4 = main.pyg
 (./_minted-main/0C3C62E36D2E2CD3F62B0F2B4B4F9CCF5018845A16FEE2F871CFA2D2B2CFB1C6.pygtex)
\openout4 = main.pyg
 (./_minted-main/CA75454CF0B3A2A404CA9053FC7684685018845A16FEE2F871CFA2D2B2CFB1C6.pygtex [41])
\openout4 = main.pyg
 (./_minted-main/D0FCCEC5D5CC1D37190D5AB02A7BFCC95018845A16FEE2F871CFA2D2B2CFB1C6.pygtex)
[42]
\openout4 = main.pyg
 (./_minted-main/961F3E415740F8210DDECAA081899F655018845A16FEE2F871CFA2D2B2CFB1C6.pygtex) [43]
\openout4 = main.pyg
 (./_minted-main/B0D2B8C47A82247379F5F8F3DA8F8C695018845A16FEE2F871CFA2D2B2CFB1C6.pygtex [44])
\openout4 = main.pyg
 (./_minted-main/A8DBF6A521BD41773D0A55591D6AC0B35018845A16FEE2F871CFA2D2B2CFB1C6.pygtex) [45]
\openout4 = main.pyg
 (./_minted-main/DB5E16F9FBFEC728066EDC1109E3CB415018845A16FEE2F871CFA2D2B2CFB1C6.pygtex [46])
Package mdframed Info: mdframed detected package amsthm 
 changed the theorem header of amsthm
(mdframed)              on input line 1989.

\openout4 = main.pyg
 (./_minted-main/7D5AEB6D9CEB979B5E580DD33D5E46655018845A16FEE2F871CFA2D2B2CFB1C6.pygtex)
\openout4 = main.pyg
 (./_minted-main/3BC9E2A0966C8670A7804B324D4460805018845A16FEE2F871CFA2D2B2CFB1C6.pygtex [47])
\openout4 = main.pyg
 (./_minted-main/82F358DAC85C3A896B1F54B7EC3EDB6E5018845A16FEE2F871CFA2D2B2CFB1C6.pygtex) [48]
\openout4 = main.pyg
 (./_minted-main/398B04AB510B264E7F925E3B79CA16535018845A16FEE2F871CFA2D2B2CFB1C6.pygtex) [49]
\openout4 = main.pyg
 (./_minted-main/0605DEADFA42C05065175A385D663F9A5018845A16FEE2F871CFA2D2B2CFB1C6.pygtex) [50]
\openout4 = main.pyg
 (./_minted-main/E3DAEA4C83A132A5B088275AC1DEFC865018845A16FEE2F871CFA2D2B2CFB1C6.pygtex)
\openout4 = main.pyg
 (./_minted-main/3246132F247839D2908728F74D4FCBC25018845A16FEE2F871CFA2D2B2CFB1C6.pygtex [51]) [52]
Package mdframed Info: mdframed detected package amsthm 
 changed the theorem header of amsthm
(mdframed)              on input line 2198.

\openout4 = main.pyg
 (./_minted-main/7CCEBF7693CB3EE8C6AED854F06FD6FA5018845A16FEE2F871CFA2D2B2CFB1C6.pygtex)
Package mdframed Info: mdframed detected package amsthm 
 changed the theorem header of amsthm
(mdframed)              on input line 2234.

\openout4 = main.pyg
 (./_minted-main/A7B9DA28AFB910E23580761F54F879315018845A16FEE2F871CFA2D2B2CFB1C6.pygtex) [53]
Package mdframed Info: mdframed detected package amsthm 
 changed the theorem header of amsthm
(mdframed)              on input line 2255.

\openout4 = main.pyg
 (./_minted-main/64F179CFDA0925C692AA8E70983F85B15018845A16FEE2F871CFA2D2B2CFB1C6.pygtex) [54]
Package mdframed Info: mdframed detected package amsthm 
 changed the theorem header of amsthm
(mdframed)              on input line 2308.

\openout4 = main.pyg
 (./_minted-main/6180B93BD183C0FB6F7A6C5E2840D65B5018845A16FEE2F871CFA2D2B2CFB1C6.pygtex)
\openout4 = main.pyg
 (./_minted-main/400E4977FBF60C8E93F55929EEE1BC8B5018845A16FEE2F871CFA2D2B2CFB1C6.pygtex)
\openout4 = main.pyg
 (./_minted-main/053A1A414A7028349A761180B1D551A25018845A16FEE2F871CFA2D2B2CFB1C6.pygtex) [55]
Package mdframed Info: mdframed detected package amsthm 
 changed the theorem header of amsthm
(mdframed)              on input line 2350.

\openout4 = main.pyg
 (./_minted-main/C4D16027AC126A79CC7C540751A8FDF65018845A16FEE2F871CFA2D2B2CFB1C6.pygtex)
Package mdframed Info: mdframed detected package amsthm 
 changed the theorem header of amsthm
(mdframed)              on input line 2374.

\openout4 = main.pyg
 (./_minted-main/AE2787FE4EE0AF133A3183C7D4A4EAEA5018845A16FEE2F871CFA2D2B2CFB1C6.pygtex)
\openout4 = main.pyg
 (./_minted-main/96EFD4345AA8E1B73DDC01DCA6E28E8F5018845A16FEE2F871CFA2D2B2CFB1C6.pygtex) [56]
Package mdframed Info: mdframed detected package amsthm 
 changed the theorem header of amsthm
(mdframed)              on input line 2418.

\openout4 = main.pyg
 (./_minted-main/A5C320AC04C69D09E0A881A56FAA7DB75018845A16FEE2F871CFA2D2B2CFB1C6.pygtex) [57]
Package mdframed Info: mdframed detected package amsthm 
 changed the theorem header of amsthm
(mdframed)              on input line 2445.

\openout4 = main.pyg

(./_minted-main/F7B1ACF092DDB25E3C1FD6A29A0625DA5018845A16FEE2F871CFA2D2B2CFB1C6.pygtex) [58]
Package mdframed Info: mdframed detected package amsthm 
 changed the theorem header of amsthm
(mdframed)              on input line 2476.

\openout4 = main.pyg
 (./_minted-main/2907387E02040FB8E4579B5E8D969FCD5018845A16FEE2F871CFA2D2B2CFB1C6.pygtex) [59]
Package mdframed Info: mdframed detected package amsthm 
 changed the theorem header of amsthm
(mdframed)              on input line 2503.

\openout4 = main.pyg
 (./_minted-main/F07EBEC336E2DFA8737450B6292FF31C5018845A16FEE2F871CFA2D2B2CFB1C6.pygtex) [60]
Package mdframed Info: mdframed detected package amsthm 
 changed the theorem header of amsthm
(mdframed)              on input line 2533.

\openout4 = main.pyg
 (./_minted-main/8AE6C0465F6E1E5E693C2DE268C4762A5018845A16FEE2F871CFA2D2B2CFB1C6.pygtex) [61]
Package mdframed Info: mdframed detected package amsthm 
 changed the theorem header of amsthm
(mdframed)              on input line 2566.

\openout4 = main.pyg
 (./_minted-main/FD950F4F3AB385E9DC92D30F9772FA695018845A16FEE2F871CFA2D2B2CFB1C6.pygtex) [62]
Package mdframed Info: mdframed detected package amsthm 
 changed the theorem header of amsthm
(mdframed)              on input line 2597.

\openout4 = main.pyg
 (./_minted-main/C622B810143DF1B2735D34126B4B40565018845A16FEE2F871CFA2D2B2CFB1C6.pygtex) [63]
Package mdframed Info: mdframed detected package amsthm 
 changed the theorem header of amsthm
(mdframed)              on input line 2627.

\openout4 = main.pyg
 (./_minted-main/4FB6FFB6D91325790D82AED6AB2E00055018845A16FEE2F871CFA2D2B2CFB1C6.pygtex)
Package mdframed Info: mdframed detected package amsthm 
 changed the theorem header of amsthm
(mdframed)              on input line 2656.

\openout4 = main.pyg
 (./_minted-main/54A18E8341453E1376A2D5F7D73914865018845A16FEE2F871CFA2D2B2CFB1C6.pygtex) [64] [65]
Package mdframed Info: mdframed detected package amsthm 
 changed the theorem header of amsthm
(mdframed)              on input line 2717.

\openout4 = main.pyg
 (./_minted-main/B1FB123AE4BC673C29FAB504CA2465805018845A16FEE2F871CFA2D2B2CFB1C6.pygtex) [66]
Package mdframed Info: mdframed detected package amsthm 
 changed the theorem header of amsthm
(mdframed)              on input line 2748.

\openout4 = main.pyg
 (./_minted-main/393DBFF63BBD5F6E33D851C8115AEC905018845A16FEE2F871CFA2D2B2CFB1C6.pygtex) [67] [68]
Package mdframed Info: mdframed detected package amsthm 
 changed the theorem header of amsthm
(mdframed)              on input line 2800.

\openout4 = main.pyg
 (./_minted-main/6D494C9441FA68E019CD6694C883ACFF5018845A16FEE2F871CFA2D2B2CFB1C6.pygtex) [69]
Package mdframed Info: mdframed detected package amsthm 
 changed the theorem header of amsthm
(mdframed)              on input line 2868.

\openout4 = main.pyg
 (./_minted-main/CD1F5DF1D2271702BF50D2A4A380BF055018845A16FEE2F871CFA2D2B2CFB1C6.pygtex) [70]
Package mdframed Info: mdframed detected package amsthm 
 changed the theorem header of amsthm
(mdframed)              on input line 2913.

\openout4 = main.pyg
 (./_minted-main/60E99DE5B1E15E43F92EFE76E838B5065018845A16FEE2F871CFA2D2B2CFB1C6.pygtex) [71]
Package mdframed Info: mdframed detected package amsthm 
 changed the theorem header of amsthm
(mdframed)              on input line 2951.

\openout4 = main.pyg
 (./_minted-main/FA9C93D0D361F638D4477CDA011687E95018845A16FEE2F871CFA2D2B2CFB1C6.pygtex) [72]
Package mdframed Info: mdframed detected package amsthm 
 changed the theorem header of amsthm
(mdframed)              on input line 2987.

\openout4 = main.pyg
 (./_minted-main/21985EC478FE3768710F377894684ECC5018845A16FEE2F871CFA2D2B2CFB1C6.pygtex) [73]
Package mdframed Info: mdframed detected package amsthm 
 changed the theorem header of amsthm
(mdframed)              on input line 3026.

\openout4 = main.pyg
 (./_minted-main/B58914830EA383AE16B3800888D9CEFC5018845A16FEE2F871CFA2D2B2CFB1C6.pygtex)
Package mdframed Info: mdframed detected package amsthm 
 changed the theorem header of amsthm
(mdframed)              on input line 3055.

\openout4 = main.pyg
 (./_minted-main/69A340E1457A55247E4F10AB2BA6F6255018845A16FEE2F871CFA2D2B2CFB1C6.pygtex) [74]
Package mdframed Info: mdframed detected package amsthm 
 changed the theorem header of amsthm
(mdframed)              on input line 3084.

\openout4 = main.pyg
 (./_minted-main/AF536615E91EF1C26065EAC452D8C78D5018845A16FEE2F871CFA2D2B2CFB1C6.pygtex) [75]
Package mdframed Info: mdframed detected package amsthm 
 changed the theorem header of amsthm
(mdframed)              on input line 3128.

\openout4 = main.pyg
 (./_minted-main/A17CB1D4A3DF4808FC15193C1546C6DC5018845A16FEE2F871CFA2D2B2CFB1C6.pygtex) [76]
Package mdframed Info: mdframed detected package amsthm 
 changed the theorem header of amsthm
(mdframed)              on input line 3191.

\openout4 = main.pyg
 (./_minted-main/4717ABE72B1B7D019905E047133A915A5018845A16FEE2F871CFA2D2B2CFB1C6.pygtex) [77]
\openout4 = main.pyg
 (./_minted-main/68254561325FA58B29765FF61FD04D7B5018845A16FEE2F871CFA2D2B2CFB1C6.pygtex)
Package mdframed Info: mdframed detected package amsthm 
 changed the theorem header of amsthm
(mdframed)              on input line 3226.

\openout4 = main.pyg

(./_minted-main/F6BF7A76B1A317E5E69DD9C3375720DC5018845A16FEE2F871CFA2D2B2CFB1C6.pygtex)
Package mdframed Info: mdframed detected package amsthm 
 changed the theorem header of amsthm
(mdframed)              on input line 3235.

\openout4 = main.pyg
 (./_minted-main/4F6DE7A968E0E58AA945AA0A002B4A7B5018845A16FEE2F871CFA2D2B2CFB1C6.pygtex) [78]
Package mdframed Info: mdframed detected package amsthm 
 changed the theorem header of amsthm
(mdframed)              on input line 3252.

\openout4 = main.pyg
 (./_minted-main/6FBF66D4C3AE03D61A6CD7E471FDF4075018845A16FEE2F871CFA2D2B2CFB1C6.pygtex) [79]
Package mdframed Info: mdframed detected package amsthm 
 changed the theorem header of amsthm
(mdframed)              on input line 3276.

\openout4 = main.pyg
 (./_minted-main/B97AA8CE935055C757D4B48911A65BB75018845A16FEE2F871CFA2D2B2CFB1C6.pygtex)
Package mdframed Info: mdframed detected package amsthm 
 changed the theorem header of amsthm
(mdframed)              on input line 3290.

\openout4 = main.pyg
 (./_minted-main/9A93C1085431CCF88A438F3BCA6331B95018845A16FEE2F871CFA2D2B2CFB1C6.pygtex)
Package mdframed Info: mdframed detected package amsthm 
 changed the theorem header of amsthm
(mdframed)              on input line 3304.

\openout4 = main.pyg
 (./_minted-main/5851B26DB1ECDB6C756A24E3943011C55018845A16FEE2F871CFA2D2B2CFB1C6.pygtex) [80]
Package mdframed Info: mdframed detected package amsthm 
 changed the theorem header of amsthm
(mdframed)              on input line 3325.

\openout4 = main.pyg
 (./_minted-main/0489A2D6D45A1C29778E1CCF8FEEAFAF5018845A16FEE2F871CFA2D2B2CFB1C6.pygtex)
\openout4 = main.pyg
 (./_minted-main/E31D83CD111BB585C2BD437D837317525018845A16FEE2F871CFA2D2B2CFB1C6.pygtex)
Package mdframed Info: mdframed detected package amsthm 
 changed the theorem header of amsthm
(mdframed)              on input line 3354.

\openout4 = main.pyg
 (./_minted-main/027F7494E1D30E5637B568EC62BD2DA05018845A16FEE2F871CFA2D2B2CFB1C6.pygtex) [81] [82]
Package mdframed Info: mdframed detected package amsthm 
 changed the theorem header of amsthm
(mdframed)              on input line 3394.

\openout4 = main.pyg
 (./_minted-main/705E8C184163FA338861457076FA61715018845A16FEE2F871CFA2D2B2CFB1C6.pygtex)
Package mdframed Info: mdframed detected package amsthm 
 changed the theorem header of amsthm
(mdframed)              on input line 3406.

\openout4 = main.pyg
 (./_minted-main/6E4B449E0036C9F39E93F5FAF35AEDAD5018845A16FEE2F871CFA2D2B2CFB1C6.pygtex) [83]
Package mdframed Info: mdframed detected package amsthm 
 changed the theorem header of amsthm
(mdframed)              on input line 3442.

\openout4 = main.pyg
 (./_minted-main/6C2852E16A1756C51FF5AEC2972640D15018845A16FEE2F871CFA2D2B2CFB1C6.pygtex) [84]
\openout4 = main.pyg
 (./_minted-main/9D2C317051D5C61CA87FFD4F2ABD28A95018845A16FEE2F871CFA2D2B2CFB1C6.pygtex)
\openout4 = main.pyg
 (./_minted-main/729AF8F685BC0AEB94E70EE7AEB43F4C5018845A16FEE2F871CFA2D2B2CFB1C6.pygtex) [85]
\openout4 = main.pyg
 (./_minted-main/8D846D53E995DC16B459CCEF01AF56AF5018845A16FEE2F871CFA2D2B2CFB1C6.pygtex)
\openout4 = main.pyg
 (./_minted-main/3C61E101DC2AF7488CC7393410ACDC195018845A16FEE2F871CFA2D2B2CFB1C6.pygtex)
\openout4 = main.pyg
 (./_minted-main/A7800058DB799201BA31DA165C95993F5018845A16FEE2F871CFA2D2B2CFB1C6.pygtex) [86] [87] (./main.aux)
runsystem(rm main.pyg)...executed
)

Here is how much of LuaTeX's memory you used:
 54681 strings out of 478285
 125070,1977958 words of node,token memory allocated
 1813 words of node memory still in use:
   30 hlist, 2 vlist, 14 rule, 2 glue, 4 kern, 1 glyph, 80 attribute, 159 glue_spec, 80 attribute_list, 3 write, 24 pdf_literal, 24 pdf_colorstack nodes
   avail lists: 1:1,2:2298,3:1336,4:793,5:433,6:153,7:6627,8:1,9:990,10:10,11:482
 69887 multiletter control sequences out of 65536+600000
 45 fonts using 3480327 bytes
 91i,12n,98p,844b,1961s stack positions out of 10000i,1000n,20000p,200000b,200000s
</usr/share/texmf-dist/fonts/opentype/public/lm/lmroman10-italic.otf></usr/share/texmf-dist/fonts/opentype/public/lm/lmmono10-italic.otf></usr/share/texmf-dist/fonts/opentype/public/lm/lmmonolt10-bold.otf></usr/share/texmf-dist/fonts/opentype/public/lm/lmmono10-regular.otf>{/usr/share/texmf-dist/fonts/enc/dvips/lm/lm-mathsy.enc}{/usr/share/texmf-dist/fonts/enc/dvips/lm/lm-mathit.enc}</usr/share/texmf-dist/fonts/opentype/public/lm/lmroman10-bolditalic.otf></usr/share/texmf-dist/fonts/opentype/public/lm/lmroman12-bold.otf></usr/share/texmf-dist/fonts/opentype/public/lm/lmroman10-regular.otf></usr/share/texmf-dist/fonts/opentype/public/lm/lmroman10-bold.otf></usr/share/texmf-dist/fonts/type1/public/lm/lmmi10.pfb></usr/share/texmf-dist/fonts/type1/public/lm/lmsy10.pfb>
Output written on main.pdf (88 pages, 455959 bytes).

PDF statistics: 1167 PDF objects out of 1200 (max. 8388607)
 963 compressed objects within 10 object streams
 207 named destinations out of 1000 (max. 131072)
 1672 words of extra memory for PDF output out of 10000 (max. 100000000)

