MariaDB [henrybooks]> source /home/hopper/z2004109/cs466/ass7/natewarner.sql
+--------------+-------------+
| AuthorLast   | AuthorFirst |
+--------------+-------------+
| Camus        | Albert      |
| Owen         | Barbara     |
| Collins, Jr. | Bradley     |
| Collins      | Bradley     |
| Francis      | Dick        |
| Hofstadter   | Douglas R.  |
| Wills        | Gary        |
| Lee          | Harper      |
| Salinger     | J.D.        |
| Rowling      | J.K.        |
| Steinbeck    | John        |
| Heller       | Joseph      |
| Schleining   | Lon         |
| Solotaroff   | Paul        |
| Straub       | Peter       |
| Pratt        | Philip      |
| O'Rourke     | Randy       |
| Castelman    | Riva        |
| Heaney       | Seamus      |
| King         | Stephen     |
| Ambrose      | Stephen E.  |
| Morrison     | Toni        |
| Kidder       | Tracy       |
| Chase        | Truddi      |
| Vintage      | Vernor      |
+--------------+-------------+
25 rows in set (0.001 sec)

+--------------+
| City         |
+--------------+
| Sauk City WI |
| New York     |
| Boulder CO   |
| Boston       |
| Los Angeles  |
| Kingston     |
| Newtown CT   |
| Westport CT  |
+--------------+
8 rows in set (0.000 sec)

+------------------------------------------+
| Title                                    |
+------------------------------------------+
| A Deepness in the Sky                    |
| Magic Terror                             |
| The Stranger                             |
| Venice                                   |
| Second Wind                              |
| The Edge                                 |
| Dreamcatcher: A Novel                    |
| Treasure Chests                          |
| Beloved                                  |
| Harry Potter and the Prisoner of Azkaban |
| Van Gogh and Gauguin                     |
| Of Mice and Men                          |
| Electric Light                           |
| Group: Six People in Search of a Life    |
| Nine Stories                             |
| The Soul of a New Machine                |
| Travels with Charley                     |
| Catch-22                                 |
| Jazz                                     |
| Band of Brothers                         |
| A Guide to SQL                           |
| Franny and Zooey                         |
| East of Eden                             |
| Harry Potter and the Goblet of Fire      |
| The Fall                                 |
| Godel, Escher, Bach                      |
| When Rabbit Howls                        |
| Black House                              |
| Song of Solomon                          |
| The Grapes of Wrath                      |
| Slay Ride                                |
| The Catcher in the Rye                   |
| To Kill a Mockingbird                    |
+------------------------------------------+
33 rows in set (0.000 sec)

+-------------------+-------------------------+
| BranchName        | Total OnHand Per Branch |
+-------------------+-------------------------+
| Henry Downtown    |                      11 |
| Henry On The Hill |                      15 |
| Henry Brentwood   |                      12 |
| Henry Eastshore   |                       9 |
+-------------------+-------------------------+
4 rows in set (0.000 sec)

+---------------------+
| Number of employees |
+---------------------+
|                  40 |
+---------------------+
1 row in set (0.000 sec)

+-------------------------------+
| Books written by stephen king |
+-------------------------------+
| Dreamcatcher: A Novel         |
| Black House                   |
+-------------------------------+
2 rows in set (0.000 sec)

+---------------------------------------+------+-------+
| Title                                 | Type | Price |
+---------------------------------------+------+-------+
| A Deepness in the Sky                 | SFI  |  7.19 |
| Magic Terror                          | HOR  |  7.99 |
| The Stranger                          | FIC  |  8.00 |
| The Edge                              | MYS  |  6.99 |
| Beloved                               | FIC  | 12.95 |
| Of Mice and Men                       | FIC  |  6.95 |
| Group: Six People in Search of a Life | PSY  | 10.40 |
| Nine Stories                          | FIC  |  5.99 |
| The Soul of a New Machine             | SCI  | 11.16 |
| Travels with Charley                  | TRA  |  7.95 |
| Catch-22                              | FIC  | 12.00 |
| Jazz                                  | FIC  | 12.95 |
| Band of Brothers                      | HIS  |  9.60 |
| A Guide to SQL                        | CMP  | 37.95 |
| Franny and Zooey                      | FIC  |  5.99 |
| East of Eden                          | FIC  | 12.95 |
| The Fall                              | FIC  |  8.00 |
| Godel, Escher, Bach                   | PHI  | 14.00 |
| When Rabbit Howls                     | PSY  |  6.29 |
| Song of Solomon                       | FIC  | 14.00 |
| The Grapes of Wrath                   | FIC  | 13.00 |
| Slay Ride                             | MYS  |  6.99 |
| The Catcher in the Rye                | FIC  |  5.99 |
+---------------------------------------+------+-------+
23 rows in set (0.000 sec)

Empty set (0.000 sec)

+------------------------------------------+-------------+--------------+
| Title                                    | AuthorFirst | AuthorLast   |
+------------------------------------------+-------------+--------------+
| When Rabbit Howls                        | Truddi      | Chase        |
| Venice                                   | Gary        | Wills        |
| Van Gogh and Gauguin                     | Bradley     | Collins      |
| Van Gogh and Gauguin                     | Bradley     | Collins, Jr. |
| Treasure Chests                          | Randy       | O'Rourke     |
| Treasure Chests                          | Lon         | Schleining   |
| Travels with Charley                     | John        | Steinbeck    |
| To Kill a Mockingbird                    | Harper      | Lee          |
| The Stranger                             | Albert      | Camus        |
| The Soul of a New Machine                | Tracy       | Kidder       |
| The Grapes of Wrath                      | John        | Steinbeck    |
| The Fall                                 | Albert      | Camus        |
| The Edge                                 | Dick        | Francis      |
| The Catcher in the Rye                   | J.D.        | Salinger     |
| Song of Solomon                          | Toni        | Morrison     |
| Slay Ride                                | Dick        | Francis      |
| Second Wind                              | Dick        | Francis      |
| Of Mice and Men                          | John        | Steinbeck    |
| Nine Stories                             | J.D.        | Salinger     |
| Magic Terror                             | Peter       | Straub       |
| Jazz                                     | Toni        | Morrison     |
| Harry Potter and the Prisoner of Azkaban | J.K.        | Rowling      |
| Harry Potter and the Goblet of Fire      | J.K.        | Rowling      |
| Group: Six People in Search of a Life    | Paul        | Solotaroff   |
| Godel, Escher, Bach                      | Douglas R.  | Hofstadter   |
| Franny and Zooey                         | J.D.        | Salinger     |
| Electric Light                           | Seamus      | Heaney       |
| East of Eden                             | John        | Steinbeck    |
| Dreamcatcher: A Novel                    | Stephen     | King         |
| Catch-22                                 | Joseph      | Heller       |
| Black House                              | Peter       | Straub       |
| Black House                              | Stephen     | King         |
| Beloved                                  | Toni        | Morrison     |
| Band of Brothers                         | Stephen E.  | Ambrose      |
| A Guide to SQL                           | Philip      | Pratt        |
| A Deepness in the Sky                    | Vernor      | Vintage      |
+------------------------------------------+-------------+--------------+
36 rows in set (0.000 sec)

+--------------------------+---------------------------+
| PublisherName            | Number of books published |
+--------------------------+---------------------------+
| Penguin USA              |                         4 |
| Plume                    |                         3 |
| Lb Books                 |                         3 |
| Jove Publications        |                         3 |
| Vintage Books            |                         2 |
| Scholastic Trade         |                         2 |
| Scribner                 |                         2 |
| Taunton Press            |                         1 |
| Basic Books              |                         1 |
| Berkley Publishing       |                         1 |
| Simon and Schuster       |                         1 |
| Random House             |                         1 |
| Putnam Publishing Group  |                         1 |
| HarperCollins Publishers |                         1 |
| Back Bay Books           |                         1 |
| Westview Press           |                         1 |
| Tor Books                |                         1 |
| Touchstone Books         |                         1 |
| Fawcett Books            |                         1 |
| Course Technology        |                         1 |
| Farrar Straus and Giroux |                         1 |
+--------------------------+---------------------------+
21 rows in set (0.000 sec)

+--------------+
| COUNT(Price) |
+--------------+
|           13 |
+--------------+
1 row in set (0.000 sec)

+------------+
| AuthorLast |
+------------+
| Wills      |
+------------+
1 row in set (0.000 sec)

+------+--------------+
| Type | COUNT(Title) |
+------+--------------+
| ART  |            3 |
| CMP  |            1 |
| FIC  |           13 |
| HIS  |            1 |
| HOR  |            3 |
| MYS  |            3 |
| PHI  |            1 |
| POE  |            1 |
| PSY  |            2 |
| SCI  |            1 |
| SFI  |            3 |
| TRA  |            1 |
+------+--------------+
12 rows in set (0.000 sec)

+--------------------------+
| Books at Brenntwood Mall |
+--------------------------+
|                       29 |
+--------------------------+
1 row in set (0.000 sec)

+----------------+--------------+-----------+
| BranchLocation | NumEmployees | sumOnhand |
+----------------+--------------+-----------+
| 16 Riverview   |           10 |        22 |
| 1289 Bedford   |            6 |        31 |
| Brentwood Mall |           15 |        29 |
| Eastshore Mall |            9 |        17 |
+----------------+--------------+-----------+
4 rows in set (0.000 sec)

+------------------------------------------+
| Title                                    |
+------------------------------------------+
| A Deepness in the Sky                    |
| Magic Terror                             |
| The Stranger                             |
| Venice                                   |
| Second Wind                              |
| The Edge                                 |
| Dreamcatcher: A Novel                    |
| Treasure Chests                          |
| Beloved                                  |
| Harry Potter and the Prisoner of Azkaban |
| Van Gogh and Gauguin                     |
| Of Mice and Men                          |
| Electric Light                           |
| Group: Six People in Search of a Life    |
| Nine Stories                             |
| The Soul of a New Machine                |
| Travels with Charley                     |
| Catch-22                                 |
| Jazz                                     |
| Band of Brothers                         |
| A Guide to SQL                           |
| Franny and Zooey                         |
| East of Eden                             |
| Harry Potter and the Goblet of Fire      |
| The Fall                                 |
| Godel, Escher, Bach                      |
| When Rabbit Howls                        |
| Black House                              |
| Song of Solomon                          |
| The Grapes of Wrath                      |
| Slay Ride                                |
| The Catcher in the Rye                   |
| To Kill a Mockingbird                    |
+------------------------------------------+
33 rows in set (0.000 sec)

+-------------------+
| PublisherName     |
+-------------------+
| Taunton Press     |
| Tor Books         |
| Thames and Hudson |
| Touchstone Books  |
+-------------------+
4 rows in set (0.000 sec)

+---------------+--------------------------+----------+
| PublisherCode | PublisherName            | City     |
+---------------+--------------------------+----------+
| HC            | HarperCollins Publishers | New York |
+---------------+--------------------------+----------+
1 row in set (0.000 sec)

+----------------+
| Title          |
+----------------+
| Second Wind    |
| Beloved        |
| A Guide to SQL |
+----------------+
3 rows in set (0.000 sec)

+--------------+--------------------------+------------------------------------------+
| AuthorLast   | PublisherName            | Title                                    |
+--------------+--------------------------+------------------------------------------+
| Vintage      | Tor Books                | A Deepness in the Sky                    |
| Straub       | Fawcett Books            | Magic Terror                             |
| Camus        | Vintage Books            | The Stranger                             |
| Wills        | Simon and Schuster       | Venice                                   |
| Francis      | Putnam Publishing Group  | Second Wind                              |
| Francis      | Jove Publications        | The Edge                                 |
| King         | Scribner                 | Dreamcatcher: A Novel                    |
| O'Rourke     | Taunton Press            | Treasure Chests                          |
| Schleining   | Taunton Press            | Treasure Chests                          |
| Morrison     | Plume                    | Beloved                                  |
| Rowling      | Scholastic Trade         | Harry Potter and the Prisoner of Azkaban |
| Collins      | Westview Press           | Van Gogh and Gauguin                     |
| Collins, Jr. | Westview Press           | Van Gogh and Gauguin                     |
| Steinbeck    | Penguin USA              | Of Mice and Men                          |
| Heaney       | Farrar Straus and Giroux | Electric Light                           |
| Solotaroff   | Berkley Publishing       | Group: Six People in Search of a Life    |
| Salinger     | Lb Books                 | Nine Stories                             |
| Kidder       | Back Bay Books           | The Soul of a New Machine                |
| Steinbeck    | Penguin USA              | Travels with Charley                     |
| Heller       | Scribner                 | Catch-22                                 |
| Morrison     | Plume                    | Jazz                                     |
| Ambrose      | Touchstone Books         | Band of Brothers                         |
| Pratt        | Course Technology        | A Guide to SQL                           |
| Salinger     | Lb Books                 | Franny and Zooey                         |
| Steinbeck    | Penguin USA              | East of Eden                             |
| Rowling      | Scholastic Trade         | Harry Potter and the Goblet of Fire      |
| Camus        | Vintage Books            | The Fall                                 |
| Hofstadter   | Basic Books              | Godel, Escher, Bach                      |
| Chase        | Jove Publications        | When Rabbit Howls                        |
| Straub       | Random House             | Black House                              |
| King         | Random House             | Black House                              |
| Morrison     | Plume                    | Song of Solomon                          |
| Steinbeck    | Penguin USA              | The Grapes of Wrath                      |
| Francis      | Jove Publications        | Slay Ride                                |
| Salinger     | Lb Books                 | The Catcher in the Rye                   |
| Lee          | HarperCollins Publishers | To Kill a Mockingbird                    |
+--------------+--------------------------+------------------------------------------+
36 rows in set (0.000 sec)

+----------------+
| Title          |
+----------------+
| Second Wind    |
| Beloved        |
| A Guide to SQL |
+----------------+
3 rows in set (0.000 sec)

+-------------------+
| PublisherName     |
+-------------------+
| Taunton Press     |
| Tor Books         |
| Thames and Hudson |
| Touchstone Books  |
+-------------------+
4 rows in set (0.000 sec)

+------------+
| SUM(total) |
+------------+
|         47 |
+------------+
1 row in set (0.000 sec)

MariaDB [henrybooks]> \t
