This is LuaHBTeX, Version 1.17.0 (TeX Live 2023/Arch Linux)  (format=lualatex 2023.9.3)  16 NOV 2023 15:03
 system commands enabled.
 file:line:error style messages enabled.
**main.tex
(./main.tex
LaTeX2e <2022-11-01> patch level 1
Lua module: luaotfload 2022-10-03 3.23 Lua based OpenType font support
Lua module: lualibs 2022-10-04 2.75 ConTeXt Lua standard libraries.
Lua module: lualibs-extended 2022-10-04 2.75 ConTeXt Lua libraries -- extended collection.
luaotfload | conf : Root cache directory is "/home/datura/.texlive/texmf-var/luatex-cache/generic/names".
luaotfload | init : Loading fontloader "fontloader-2022-10-03.lua" from kpse-resolved path "/usr/share/texmf-dist/tex/luatex/luaotfload/fontloader-2022-10-03.lua".
Lua-only attribute luaotfload@noligature = 1
luaotfload | init : Context OpenType loader version 3.120
Inserting `luaotfload.node_processor' in `pre_linebreak_filter'.
Inserting `luaotfload.node_processor' in `hpack_filter'.
Inserting `luaotfload.glyph_stream' in `glyph_stream_provider'.
Inserting `luaotfload.define_font' in `define_font'.
Lua-only attribute luaotfload_color_attribute = 2
luaotfload | conf : Root cache directory is "/home/datura/.texlive/texmf-var/luatex-cache/generic/names".
Inserting `luaotfload.harf.strip_prefix' in `find_opentype_file'.
Inserting `luaotfload.harf.strip_prefix' in `find_truetype_file'.
Removing  `luaotfload.glyph_stream' from `glyph_stream_provider'.
Inserting `luaotfload.harf.glyphstream' in `glyph_stream_provider'.
Inserting `luaotfload.harf.finalize_vlist' in `post_linebreak_filter'.
Inserting `luaotfload.harf.finalize_hlist' in `hpack_filter'.
Inserting `luaotfload.cleanup_files' in `wrapup_run'.
Inserting `luaotfload.harf.finalize_unicode' in `finish_pdffile'.
Inserting `luaotfload.glyphinfo' in `glyph_info'.
Lua-only attribute luaotfload.letterspace_done = 3
Inserting `luaotfload.aux.set_sscale_dimens' in `luaotfload.patch_font'.
Inserting `luaotfload.aux.set_font_index' in `luaotfload.patch_font'.
Inserting `luaotfload.aux.patch_cambria_domh' in `luaotfload.patch_font'.
Inserting `luaotfload.aux.fixup_fontdata' in `luaotfload.patch_font_unsafe'.
Inserting `luaotfload.aux.set_capheight' in `luaotfload.patch_font'.
Inserting `luaotfload.aux.set_xheight' in `luaotfload.patch_font'.
Inserting `luaotfload.rewrite_fontname' in `luaotfload.patch_font'. L3 programming layer <2023-02-22>
Inserting `tracingstacklevels' in `input_level_string'. (/usr/share/texmf-dist/tex/latex/base/report.cls
Document Class: report 2022/07/02 v1.4n Standard LaTeX document class
(/usr/share/texmf-dist/tex/latex/base/size10.clo
File: size10.clo 2022/07/02 v1.4n Standard LaTeX file (size option)
luaotfload | db : Font names database loaded from /home/datura/.texlive/texmf-var/luatex-cache/generic/names/luaotfload-names.luc.gz)
\c@part=\count183
\c@chapter=\count184
\c@section=\count185
\c@subsection=\count186
\c@subsubsection=\count187
\c@paragraph=\count188
\c@subparagraph=\count189
\c@figure=\count190
\c@table=\count191
\abovecaptionskip=\skip48
\belowcaptionskip=\skip49
\bibindent=\dimen139
) (/home/datura/dev/latex/template/preamble.tex (/usr/share/texmf-dist/tex/latex/geometry/geometry.sty
Package: geometry 2020/01/02 v5.9 Page Geometry
 (/usr/share/texmf-dist/tex/latex/graphics/keyval.sty
Package: keyval 2022/05/29 v1.15 key=value parser (DPC)
\KV@toks@=\toks16
) (/usr/share/texmf-dist/tex/generic/iftex/ifvtex.sty
Package: ifvtex 2019/10/25 v1.7 ifvtex legacy package. Use iftex instead.
 (/usr/share/texmf-dist/tex/generic/iftex/iftex.sty
Package: iftex 2022/02/03 v1.0f TeX engine tests
))
\Gm@cnth=\count192
\Gm@cntv=\count193
\c@Gm@tempcnt=\count194
\Gm@bindingoffset=\dimen140
\Gm@wd@mp=\dimen141
\Gm@odd@mp=\dimen142
\Gm@even@mp=\dimen143
\Gm@layoutwidth=\dimen144
\Gm@layoutheight=\dimen145
\Gm@layouthoffset=\dimen146
\Gm@layoutvoffset=\dimen147
\Gm@dimlist=\toks17
) (/usr/share/texmf-dist/tex/latex/amsmath/amsmath.sty
Package: amsmath 2022/04/08 v2.17n AMS math features
\@mathmargin=\skip50

For additional information on amsmath, use the `?' option.
(/usr/share/texmf-dist/tex/latex/amsmath/amstext.sty
Package: amstext 2021/08/26 v2.01 AMS text
 (/usr/share/texmf-dist/tex/latex/amsmath/amsgen.sty
File: amsgen.sty 1999/11/30 v2.0 generic functions
\@emptytoks=\toks18
\ex@=\dimen148
)) (/usr/share/texmf-dist/tex/latex/amsmath/amsbsy.sty
Package: amsbsy 1999/11/29 v1.2d Bold Symbols
\pmbraise@=\dimen149
) (/usr/share/texmf-dist/tex/latex/amsmath/amsopn.sty
Package: amsopn 2022/04/08 v2.04 operator names
)
\inf@bad=\count195
LaTeX Info: Redefining \frac on input line 236.
\uproot@=\count196
\leftroot@=\count197
LaTeX Info: Redefining \overline on input line 399.
LaTeX Info: Redefining \colon on input line 410.
\classnum@=\count198
\DOTSCASE@=\count199
LaTeX Info: Redefining \ldots on input line 496.
LaTeX Info: Redefining \dots on input line 499.
LaTeX Info: Redefining \cdots on input line 620.
\Mathstrutbox@=\box51
\strutbox@=\box52
LaTeX Info: Redefining \big on input line 722.
LaTeX Info: Redefining \Big on input line 723.
LaTeX Info: Redefining \bigg on input line 724.
LaTeX Info: Redefining \Bigg on input line 725.
\big@size=\dimen150
LaTeX Font Info:    Redeclaring font encoding OML on input line 743.
LaTeX Font Info:    Redeclaring font encoding OMS on input line 744.
\macc@depth=\count266
LaTeX Info: Redefining \bmod on input line 905.
LaTeX Info: Redefining \pmod on input line 910.
LaTeX Info: Redefining \smash on input line 940.
LaTeX Info: Redefining \relbar on input line 970.
LaTeX Info: Redefining \Relbar on input line 971.
\c@MaxMatrixCols=\count267
\dotsspace@=\muskip16
\c@parentequation=\count268
\dspbrk@lvl=\count269
\tag@help=\toks19
\row@=\count270
\column@=\count271
\maxfields@=\count272
\andhelp@=\toks20
\eqnshift@=\dimen151
\alignsep@=\dimen152
\tagshift@=\dimen153
\tagwidth@=\dimen154
\totwidth@=\dimen155
\lineht@=\dimen156
\@envbody=\toks21
\multlinegap=\skip51
\multlinetaggap=\skip52
\mathdisplay@stack=\toks22
LaTeX Info: Redefining \[ on input line 2953.
LaTeX Info: Redefining \] on input line 2954.
) (/usr/share/texmf-dist/tex/latex/amsfonts/amsfonts.sty
Package: amsfonts 2013/01/14 v3.01 Basic AMSFonts support
\symAMSa=\mathgroup4
\symAMSb=\mathgroup5
LaTeX Font Info:    Redeclaring math symbol \hbar on input line 98.
LaTeX Font Info:    Overwriting math alphabet `\mathfrak' in version `bold'
(Font)                  U/euf/m/n --> U/euf/b/n on input line 106.
) (/usr/share/texmf-dist/tex/latex/amscls/amsthm.sty
Package: amsthm 2020/05/29 v2.20.6
\thm@style=\toks23
\thm@bodyfont=\toks24
\thm@headfont=\toks25
\thm@notefont=\toks26
\thm@headpunct=\toks27
\thm@preskip=\skip53
\thm@postskip=\skip54
\thm@headsep=\skip55
\dth@everypar=\toks28
) (/usr/share/texmf-dist/tex/latex/amsfonts/amssymb.sty
Package: amssymb 2013/01/14 v3.01 AMS font symbols
) (/usr/share/texmf-dist/tex/latex/mathtools/mathtools.sty
Package: mathtools 2022/06/29 v1.29 mathematical typesetting tools
 (/usr/share/texmf-dist/tex/latex/tools/calc.sty
Package: calc 2017/05/25 v4.3 Infix arithmetic (KKT,FJ)
\calc@Acount=\count273
\calc@Bcount=\count274
\calc@Adimen=\dimen157
\calc@Bdimen=\dimen158
\calc@Askip=\skip56
\calc@Bskip=\skip57
LaTeX Info: Redefining \setlength on input line 80.
LaTeX Info: Redefining \addtolength on input line 81.
\calc@Ccount=\count275
\calc@Cskip=\skip58
) (/usr/share/texmf-dist/tex/latex/mathtools/mhsetup.sty
Package: mhsetup 2021/03/18 v1.4 programming setup (MH)
)
\g_MT_multlinerow_int=\count276
\l_MT_multwidth_dim=\dimen159
\origjot=\skip59
\l_MT_shortvdotswithinadjustabove_dim=\dimen160
\l_MT_shortvdotswithinadjustbelow_dim=\dimen161
\l_MT_above_intertext_sep=\dimen162
\l_MT_below_intertext_sep=\dimen163
\l_MT_above_shortintertext_sep=\dimen164
\l_MT_below_shortintertext_sep=\dimen165
\xmathstrut@box=\box53
\xmathstrut@dim=\dimen166
) (/usr/share/texmf-dist/tex/latex/lipsum/lipsum.sty (/usr/share/texmf-dist/tex/latex/l3packages/l3keys2e/l3keys2e.sty (/usr/share/texmf-dist/tex/latex/l3kernel/expl3.sty
Package: expl3 2023-02-22 L3 programming layer (loader) 
 (/usr/share/texmf-dist/tex/latex/l3backend/l3backend-luatex.def
File: l3backend-luatex.def 2023-01-16 L3 backend support: PDF output (LuaTeX)
\l__color_backend_stack_int=\count277
\l__pdf_internal_box=\box54
))
Package: l3keys2e 2023-02-02 LaTeX2e option processing using LaTeX3 keys
)
Package: lipsum 2021-09-20 v2.7 150 paragraphs of Lorem Ipsum dummy text
\g__lipsum_par_int=\count278
\l__lipsum_a_int=\count279
\l__lipsum_b_int=\count280
 (/usr/share/texmf-dist/tex/latex/lipsum/lipsum.ltd.tex)) (/usr/share/texmf-dist/tex/latex/fontawesome5/fontawesome5.sty
Package: fontawesome5 2022/05/02 v5.15.4 Font Awesome 5
 (/usr/share/texmf-dist/tex/latex/l3packages/xparse/xparse.sty
Package: xparse 2023-02-02 L3 Experimental document command parser
) (/usr/share/texmf-dist/tex/latex/fontawesome5/fontawesome5-utex-helper.sty
Package: fontawesome5-utex-helper 2022/05/02 v5.15.4 uTeX helper for fontawesome5
 (/usr/share/texmf-dist/tex/luatex/luatexbase/luatexbase.sty
Package: luatexbase 2015/10/04 v1.3 luatexbase interface to LuaTeX 
 (/usr/share/texmf-dist/tex/luatex/ctablestack/ctablestack.sty
Package: ctablestack 2015/10/01 v1.0 Catcode table stable support
\@catcodetablestackcnt=\count281
)
\CatcodeTableOther=\catcodetable12
\CatcodeTableExpl=\catcodetable13
)
LaTeX Font Info:    Trying to load font information for TU+fontawesomefree on input line 69.
 (/usr/share/texmf-dist/tex/latex/fontawesome5/tufontawesomefree.fd)
LaTeX Font Info:    Trying to load font information for TU+fontawesomebrands on input line 70.
 (/usr/share/texmf-dist/tex/latex/fontawesome5/tufontawesomebrands.fd))) (/usr/share/texmf-dist/tex/latex/l3packages/xfrac/xfrac.sty (/usr/share/texmf-dist/tex/latex/graphics/graphicx.sty
Package: graphicx 2021/09/16 v1.2d Enhanced LaTeX Graphics (DPC,SPQR)
 (/usr/share/texmf-dist/tex/latex/graphics/graphics.sty
Package: graphics 2022/03/10 v1.4e Standard LaTeX Graphics (DPC,SPQR)
 (/usr/share/texmf-dist/tex/latex/graphics/trig.sty
Package: trig 2021/08/11 v1.11 sin cos tan (DPC)
) (/usr/share/texmf-dist/tex/latex/graphics-cfg/graphics.cfg
File: graphics.cfg 2016/06/04 v1.11 sample graphics configuration
)
Package graphics Info: Driver file: luatex.def on input line 107.
 (/usr/share/texmf-dist/tex/latex/graphics-def/luatex.def
File: luatex.def 2022/09/22 v1.2d Graphics/color driver for luatex
))
\Gin@req@height=\dimen167
\Gin@req@width=\dimen168
) (/usr/share/texmf-dist/tex/latex/base/textcomp.sty
Package: textcomp 2020/02/02 v2.0n Standard LaTeX package
) (/usr/share/texmf-dist/tex/latex/l3packages/xtemplate/xtemplate.sty
Package: xtemplate 2023-02-02 L3 Experimental prototype document functions
\l__xtemplate_tmp_dim=\dimen169
\l__xtemplate_tmp_int=\count282
\l__xtemplate_tmp_muskip=\muskip17
\l__xtemplate_tmp_skip=\skip60
)
Package: xfrac 2023-02-02 L3 Experimental split-level fractions
\l__xfrac_slash_box=\box55
\l__xfrac_tmp_box=\box56
\l__xfrac_denominator_bot_sep_dim=\dimen170
\l__xfrac_numerator_bot_sep_dim=\dimen171
\l__xfrac_numerator_top_sep_dim=\dimen172
\l__xfrac_slash_left_sep_dim=\dimen173
\l__xfrac_slash_right_sep_dim=\dimen174
\l__xfrac_slash_left_muskip=\muskip18
\l__xfrac_slash_right_muskip=\muskip19

Package xtemplate Info: Declaring object type 'xfrac' taking 3 argument(s) on
(xtemplate)             line 80.

) (/usr/share/texmf-dist/tex/latex/changepage/changepage.sty
Package: changepage 2009/10/20 v1.0c check page and change page layout
\c@cp@cntr=\count283
\cp@tempcnt=\count284
) (/usr/share/texmf-dist/tex/latex/cancel/cancel.sty
Package: cancel 2013/04/12 v2.2 Cancel math terms
) (/usr/share/texmf-dist/tex/latex/esdiff/esdiff.sty
Package: esdiff 
) (/usr/share/texmf-dist/tex/latex/bookmark/bookmark.sty
Package: bookmark 2020-11-06 v1.29 PDF bookmarks (HO)

(/usr/share/texmf-dist/tex/latex/hyperref/hyperref.sty
Package: hyperref 2023-02-07 v7.00v Hypertext links for LaTeX
 (/usr/share/texmf-dist/tex/generic/ltxcmds/ltxcmds.sty
Package: ltxcmds 2020-05-10 v1.25 LaTeX kernel commands for general use (HO)
) (/usr/share/texmf-dist/tex/generic/pdftexcmds/pdftexcmds.sty
Package: pdftexcmds 2020-06-27 v0.33 Utility functions of pdfTeX for LuaTeX (HO)
 (/usr/share/texmf-dist/tex/generic/infwarerr/infwarerr.sty
Package: infwarerr 2019/12/03 v1.5 Providing info/warning/error messages (HO)
)
Package pdftexcmds Info: \pdf@primitive is available.
Package pdftexcmds Info: \pdf@ifprimitive is available.
Package pdftexcmds Info: \pdfdraftmode found.
\pdftexcmds@toks=\toks29
) (/usr/share/texmf-dist/tex/latex/kvsetkeys/kvsetkeys.sty
Package: kvsetkeys 2022-10-05 v1.19 Key value parser (HO)
) (/usr/share/texmf-dist/tex/generic/kvdefinekeys/kvdefinekeys.sty
Package: kvdefinekeys 2019-12-19 v1.6 Define keys (HO)
) (/usr/share/texmf-dist/tex/generic/pdfescape/pdfescape.sty
Package: pdfescape 2019/12/09 v1.15 Implements pdfTeX's escape features (HO)
) (/usr/share/texmf-dist/tex/latex/hycolor/hycolor.sty
Package: hycolor 2020-01-27 v1.10 Color options for hyperref/bookmark (HO)
) (/usr/share/texmf-dist/tex/latex/letltxmacro/letltxmacro.sty
Package: letltxmacro 2019/12/03 v1.6 Let assignment for LaTeX macros (HO)
) (/usr/share/texmf-dist/tex/latex/auxhook/auxhook.sty
Package: auxhook 2019-12-17 v1.6 Hooks for auxiliary files (HO)
) (/usr/share/texmf-dist/tex/latex/hyperref/nameref.sty
Package: nameref 2022-05-17 v2.50 Cross-referencing by name of section
 (/usr/share/texmf-dist/tex/latex/refcount/refcount.sty
Package: refcount 2019/12/15 v3.6 Data extraction from label references (HO)
) (/usr/share/texmf-dist/tex/generic/gettitlestring/gettitlestring.sty
Package: gettitlestring 2019/12/15 v1.6 Cleanup title references (HO)
 (/usr/share/texmf-dist/tex/latex/kvoptions/kvoptions.sty
Package: kvoptions 2022-06-15 v3.15 Key value format for package options (HO)
))
\c@section@level=\count285
)
\@linkdim=\dimen175
\Hy@linkcounter=\count286
\Hy@pagecounter=\count287
 (/usr/share/texmf-dist/tex/latex/hyperref/pd1enc.def
File: pd1enc.def 2023-02-07 v7.00v Hyperref: PDFDocEncoding definition (HO)
) (/usr/share/texmf-dist/tex/generic/intcalc/intcalc.sty
Package: intcalc 2019/12/15 v1.3 Expandable calculations with integers (HO)
) (/usr/share/texmf-dist/tex/generic/etexcmds/etexcmds.sty
Package: etexcmds 2019/12/15 v1.7 Avoid name clashes with e-TeX commands (HO)
)
\Hy@SavedSpaceFactor=\count288
 (/usr/share/texmf-dist/tex/latex/hyperref/puenc.def
File: puenc.def 2023-02-07 v7.00v Hyperref: PDF Unicode definition (HO)
)
Package hyperref Info: Hyper figures OFF on input line 4177.
Package hyperref Info: Link nesting OFF on input line 4182.
Package hyperref Info: Hyper index ON on input line 4185.
Package hyperref Info: Plain pages OFF on input line 4192.
Package hyperref Info: Backreferencing OFF on input line 4197.
Package hyperref Info: Implicit mode ON; LaTeX internals redefined.
Package hyperref Info: Bookmarks ON on input line 4425.
\c@Hy@tempcnt=\count289
 (/usr/share/texmf-dist/tex/latex/url/url.sty
\Urlmuskip=\muskip20
Package: url 2013/09/16  ver 3.4  Verb mode for urls, etc.
)
LaTeX Info: Redefining \url on input line 4763.
\XeTeXLinkMargin=\dimen176
 (/usr/share/texmf-dist/tex/generic/bitset/bitset.sty
Package: bitset 2019/12/09 v1.3 Handle bit-vector datatype (HO)
 (/usr/share/texmf-dist/tex/generic/bigintcalc/bigintcalc.sty
Package: bigintcalc 2019/12/15 v1.5 Expandable calculations on big integers (HO)
))
\Fld@menulength=\count290
\Field@Width=\dimen177
\Fld@charsize=\dimen178
Package hyperref Info: Hyper figures OFF on input line 6042.
Package hyperref Info: Link nesting OFF on input line 6047.
Package hyperref Info: Hyper index ON on input line 6050.
Package hyperref Info: backreferencing OFF on input line 6057.
Package hyperref Info: Link coloring OFF on input line 6062.
Package hyperref Info: Link coloring with OCG OFF on input line 6067.
Package hyperref Info: PDF/A mode OFF on input line 6072.
 (/usr/share/texmf-dist/tex/latex/base/atbegshi-ltx.sty
Package: atbegshi-ltx 2021/01/10 v1.0c Emulation of the original atbegshi
package with kernel methods
)
\Hy@abspage=\count291
\c@Item=\count292
\c@Hfootnote=\count293
)
Package hyperref Info: Driver (autodetected): hluatex.
 (/usr/share/texmf-dist/tex/latex/hyperref/hluatex.def
File: hluatex.def 2023-02-07 v7.00v Hyperref driver for luaTeX
 (/usr/share/texmf-dist/tex/generic/stringenc/stringenc.sty
Package: stringenc 2019/11/29 v1.12 Convert strings between diff. encodings (HO)
) (/usr/share/texmf-dist/tex/latex/base/atveryend-ltx.sty
Package: atveryend-ltx 2020/08/19 v1.0a Emulation of the original atveryend package
with kernel methods
)
\Fld@listcount=\count294
\c@bookmark@seq@number=\count295
 (/usr/share/texmf-dist/tex/latex/rerunfilecheck/rerunfilecheck.sty
Package: rerunfilecheck 2022-07-10 v1.10 Rerun checks for auxiliary files (HO)
 (/usr/share/texmf-dist/tex/generic/uniquecounter/uniquecounter.sty
Package: uniquecounter 2019/12/15 v1.4 Provide unlimited unique counter (HO)
)
Package uniquecounter Info: New unique counter `rerunfilecheck' on input line 285.
)
\Hy@SectionHShift=\skip61
) (/usr/share/texmf-dist/tex/latex/bookmark/bkm-pdftex.def
File: bkm-pdftex.def 2020-11-06 v1.29 bookmark driver for pdfTeX (HO)
\BKM@id=\count296
)) (/usr/share/texmf-dist/tex/latex/enumitem/enumitem.sty
Package: enumitem 2019/06/20 v3.9 Customized lists
\labelindent=\skip62
\enit@outerparindent=\dimen179
\enit@toks=\toks30
\enit@inbox=\box57
\enit@count@id=\count297
\enitdp@description=\count298
) (/usr/share/texmf-dist/tex/latex/theoremref/theoremref.sty
Package: theoremref 2013/05/22 References with automatic theorem names
\thmref@num=\count299
) (/usr/share/texmf-dist/tex/latex/mdframed/mdframed.sty
Package: mdframed 2013/07/01 1.9b: mdframed
 (/usr/share/texmf-dist/tex/latex/etoolbox/etoolbox.sty
Package: etoolbox 2020/10/05 v2.5k e-TeX tools for LaTeX (JAW)
\etb@tempcnta=\count300
) (/usr/share/texmf-dist/tex/latex/zref/zref-abspage.sty
Package: zref-abspage 2022-04-07 v2.34 Module abspage for zref (HO)
 (/usr/share/texmf-dist/tex/latex/zref/zref-base.sty
Package: zref-base 2022-04-07 v2.34 Module base for zref (HO)
Package zref Info: New property list: main on input line 767.
Package zref Info: New property: default on input line 768.
Package zref Info: New property: page on input line 769.
)
\c@abspage=\count301
Package zref Info: New property: abspage on input line 65.
)
(/usr/share/texmf-dist/tex/latex/needspace/needspace.sty
Package: needspace 2010/09/12 v1.3d reserve vertical space
) (/usr/share/texmf-dist/tex/latex/graphics/color.sty
Package: color 2022/01/06 v1.3d Standard LaTeX Color (DPC)
 (/usr/share/texmf-dist/tex/latex/graphics-cfg/color.cfg
File: color.cfg 2016/01/02 v1.6 sample color configuration
)
Package color Info: Driver file: luatex.def on input line 149.
 (/usr/share/texmf-dist/tex/latex/graphics/mathcolor.ltx))
\mdf@templength=\skip63
\c@mdf@globalstyle@cnt=\count302
\mdf@skipabove@length=\skip64
\mdf@skipbelow@length=\skip65
\mdf@leftmargin@length=\skip66
\mdf@rightmargin@length=\skip67
\mdf@innerleftmargin@length=\skip68
\mdf@innerrightmargin@length=\skip69
\mdf@innertopmargin@length=\skip70
\mdf@innerbottommargin@length=\skip71
\mdf@splittopskip@length=\skip72
\mdf@splitbottomskip@length=\skip73
\mdf@outermargin@length=\skip74
\mdf@innermargin@length=\skip75
\mdf@linewidth@length=\skip76
\mdf@innerlinewidth@length=\skip77
\mdf@middlelinewidth@length=\skip78
\mdf@outerlinewidth@length=\skip79
\mdf@roundcorner@length=\skip80
\mdf@footenotedistance@length=\skip81
\mdf@userdefinedwidth@length=\skip82
\mdf@needspace@length=\skip83
\mdf@frametitleaboveskip@length=\skip84
\mdf@frametitlebelowskip@length=\skip85
\mdf@frametitlerulewidth@length=\skip86
\mdf@frametitleleftmargin@length=\skip87
\mdf@frametitlerightmargin@length=\skip88
\mdf@shadowsize@length=\skip89
\mdf@extratopheight@length=\skip90
\mdf@subtitleabovelinewidth@length=\skip91
\mdf@subtitlebelowlinewidth@length=\skip92
\mdf@subtitleaboveskip@length=\skip93
\mdf@subtitlebelowskip@length=\skip94
\mdf@subtitleinneraboveskip@length=\skip95
\mdf@subtitleinnerbelowskip@length=\skip96
\mdf@subsubtitleabovelinewidth@length=\skip97
\mdf@subsubtitlebelowlinewidth@length=\skip98
\mdf@subsubtitleaboveskip@length=\skip99
\mdf@subsubtitlebelowskip@length=\skip100
\mdf@subsubtitleinneraboveskip@length=\skip101
\mdf@subsubtitleinnerbelowskip@length=\skip102
 (/usr/share/texmf-dist/tex/latex/mdframed/md-frame-0.mdf
File: md-frame-0.mdf 2013/07/01\ 1.9b: md-frame-0
)
\mdf@frametitlebox=\box58
\mdf@footnotebox=\box59
\mdf@splitbox@one=\box60
\mdf@splitbox@two=\box61
\mdf@splitbox@save=\box62
\mdfsplitboxwidth=\skip103
\mdfsplitboxtotalwidth=\skip104
\mdfsplitboxheight=\skip105
\mdfsplitboxdepth=\skip106
\mdfsplitboxtotalheight=\skip107
\mdfframetitleboxwidth=\skip108
\mdfframetitleboxtotalwidth=\skip109
\mdfframetitleboxheight=\skip110
\mdfframetitleboxdepth=\skip111
\mdfframetitleboxtotalheight=\skip112
\mdffootnoteboxwidth=\skip113
\mdffootnoteboxtotalwidth=\skip114
\mdffootnoteboxheight=\skip115
\mdffootnoteboxdepth=\skip116
\mdffootnoteboxtotalheight=\skip117
\mdftotallinewidth=\skip118
\mdfboundingboxwidth=\skip119
\mdfboundingboxtotalwidth=\skip120
\mdfboundingboxheight=\skip121
\mdfboundingboxdepth=\skip122
\mdfboundingboxtotalheight=\skip123
\mdf@freevspace@length=\skip124
\mdf@horizontalwidthofbox@length=\skip125
\mdf@verticalmarginwhole@length=\skip126
\mdf@horizontalspaceofbox=\skip127
\mdfsubtitleheight=\skip128
\mdfsubsubtitleheight=\skip129
\c@mdfcountframes=\count303

****** mdframed patching \endmdf@trivlist

****** -- success******

\mdf@envdepth=\count304
\c@mdf@env@i=\count305
\c@mdf@env@ii=\count306
\c@mdf@zref@counter=\count307
Package zref Info: New property: mdf@pagevalue on input line 895.
) (/usr/share/texmf-dist/tex/latex/pgf/utilities/pgfpages.sty
Package: pgfpages 2011/01/05 ver 0.02
 (/usr/share/texmf-dist/tex/latex/pgf/basiclayer/pgfcore.sty (/usr/share/texmf-dist/tex/latex/pgf/systemlayer/pgfsys.sty (/usr/share/texmf-dist/tex/latex/pgf/utilities/pgfrcs.sty (/usr/share/texmf-dist/tex/generic/pgf/utilities/pgfutil-common.tex
\pgfutil@everybye=\toks31
\pgfutil@tempdima=\dimen180
\pgfutil@tempdimb=\dimen181
) (/usr/share/texmf-dist/tex/generic/pgf/utilities/pgfutil-latex.def
\pgfutil@abb=\box63
) (/usr/share/texmf-dist/tex/generic/pgf/utilities/pgfrcs.code.tex (/usr/share/texmf-dist/tex/generic/pgf/pgf.revision.tex)
Package: pgfrcs 2023-01-15 v3.1.10 (3.1.10)
)) (/usr/share/texmf-dist/tex/generic/pgf/systemlayer/pgfsys.code.tex
Package: pgfsys 2023-01-15 v3.1.10 (3.1.10)
 (/usr/share/texmf-dist/tex/generic/pgf/utilities/pgfkeys.code.tex
\pgfkeys@pathtoks=\toks32
\pgfkeys@temptoks=\toks33
 (/usr/share/texmf-dist/tex/generic/pgf/utilities/pgfkeyslibraryfiltered.code.tex
\pgfkeys@tmptoks=\toks34
))
\pgf@x=\dimen182
\pgf@y=\dimen183
\pgf@xa=\dimen184
\pgf@ya=\dimen185
\pgf@xb=\dimen186
\pgf@yb=\dimen187
\pgf@xc=\dimen188
\pgf@yc=\dimen189
\pgf@xd=\dimen190
\pgf@yd=\dimen191
\w@pgf@writea=\write3
\r@pgf@reada=\read2
\c@pgf@counta=\count308
\c@pgf@countb=\count309
\c@pgf@countc=\count310
\c@pgf@countd=\count311
\t@pgf@toka=\toks35
\t@pgf@tokb=\toks36
\t@pgf@tokc=\toks37
\pgf@sys@id@count=\count312
 (/usr/share/texmf-dist/tex/generic/pgf/systemlayer/pgf.cfg
File: pgf.cfg 2023-01-15 v3.1.10 (3.1.10)
)
Driver file for pgf: pgfsys-luatex.def
 (/usr/share/texmf-dist/tex/generic/pgf/systemlayer/pgfsys-luatex.def
File: pgfsys-luatex.def 2023-01-15 v3.1.10 (3.1.10)
 (/usr/share/texmf-dist/tex/generic/pgf/systemlayer/pgfsys-common-pdf.def
File: pgfsys-common-pdf.def 2023-01-15 v3.1.10 (3.1.10)
))) (/usr/share/texmf-dist/tex/generic/pgf/systemlayer/pgfsyssoftpath.code.tex
File: pgfsyssoftpath.code.tex 2023-01-15 v3.1.10 (3.1.10)
\pgfsyssoftpath@smallbuffer@items=\count313
\pgfsyssoftpath@bigbuffer@items=\count314
) (/usr/share/texmf-dist/tex/generic/pgf/systemlayer/pgfsysprotocol.code.tex
File: pgfsysprotocol.code.tex 2023-01-15 v3.1.10 (3.1.10)
)) (/usr/share/texmf-dist/tex/latex/xcolor/xcolor.sty
Package: xcolor 2022/06/12 v2.14 LaTeX color extensions (UK)
 (/usr/share/texmf-dist/tex/latex/graphics-cfg/color.cfg
File: color.cfg 2016/01/02 v1.6 sample color configuration
)
Package xcolor Info: Driver file: luatex.def on input line 227.
LaTeX Info: Redefining \color on input line 711.
 (/usr/share/texmf-dist/tex/latex/graphics/mathcolor.ltx)
Package xcolor Info: Model `cmy' substituted by `cmy0' on input line 1353.
Package xcolor Info: Model `hsb' substituted by `rgb' on input line 1357.
Package xcolor Info: Model `RGB' extended on input line 1369.
Package xcolor Info: Model `HTML' substituted by `rgb' on input line 1371.
Package xcolor Info: Model `Hsb' substituted by `hsb' on input line 1372.
Package xcolor Info: Model `tHsb' substituted by `hsb' on input line 1373.
Package xcolor Info: Model `HSB' substituted by `hsb' on input line 1374.
Package xcolor Info: Model `Gray' substituted by `gray' on input line 1375.
Package xcolor Info: Model `wave' substituted by `hsb' on input line 1376.
) (/usr/share/texmf-dist/tex/generic/pgf/basiclayer/pgfcore.code.tex
Package: pgfcore 2023-01-15 v3.1.10 (3.1.10)
 (/usr/share/texmf-dist/tex/generic/pgf/math/pgfmath.code.tex (/usr/share/texmf-dist/tex/generic/pgf/math/pgfmathutil.code.tex) (/usr/share/texmf-dist/tex/generic/pgf/math/pgfmathparser.code.tex
\pgfmath@dimen=\dimen192
\pgfmath@count=\count315
\pgfmath@box=\box64
\pgfmath@toks=\toks38
\pgfmath@stack@operand=\toks39
\pgfmath@stack@operation=\toks40
) (/usr/share/texmf-dist/tex/generic/pgf/math/pgfmathfunctions.code.tex) (/usr/share/texmf-dist/tex/generic/pgf/math/pgfmathfunctions.basic.code.tex)
(/usr/share/texmf-dist/tex/generic/pgf/math/pgfmathfunctions.trigonometric.code.tex) (/usr/share/texmf-dist/tex/generic/pgf/math/pgfmathfunctions.random.code.tex) (/usr/share/texmf-dist/tex/generic/pgf/math/pgfmathfunctions.comparison.code.tex) (/usr/share/texmf-dist/tex/generic/pgf/math/pgfmathfunctions.base.code.tex) (/usr/share/texmf-dist/tex/generic/pgf/math/pgfmathfunctions.round.code.tex) (/usr/share/texmf-dist/tex/generic/pgf/math/pgfmathfunctions.misc.code.tex) (/usr/share/texmf-dist/tex/generic/pgf/math/pgfmathfunctions.integerarithmetics.code.tex) (/usr/share/texmf-dist/tex/generic/pgf/math/pgfmathcalc.code.tex) (/usr/share/texmf-dist/tex/generic/pgf/math/pgfmathfloat.code.tex
\c@pgfmathroundto@lastzeros=\count316
)) (/usr/share/texmf-dist/tex/generic/pgf/math/pgfint.code.tex) (/usr/share/texmf-dist/tex/generic/pgf/basiclayer/pgfcorepoints.code.tex
File: pgfcorepoints.code.tex 2023-01-15 v3.1.10 (3.1.10)
\pgf@picminx=\dimen193
\pgf@picmaxx=\dimen194
\pgf@picminy=\dimen195
\pgf@picmaxy=\dimen196
\pgf@pathminx=\dimen197
\pgf@pathmaxx=\dimen198
\pgf@pathminy=\dimen199
\pgf@pathmaxy=\dimen256
\pgf@xx=\dimen257
\pgf@xy=\dimen258
\pgf@yx=\dimen259
\pgf@yy=\dimen260
\pgf@zx=\dimen261
\pgf@zy=\dimen262
) (/usr/share/texmf-dist/tex/generic/pgf/basiclayer/pgfcorepathconstruct.code.tex
File: pgfcorepathconstruct.code.tex 2023-01-15 v3.1.10 (3.1.10)
\pgf@path@lastx=\dimen263
\pgf@path@lasty=\dimen264
) (/usr/share/texmf-dist/tex/generic/pgf/basiclayer/pgfcorepathusage.code.tex
File: pgfcorepathusage.code.tex 2023-01-15 v3.1.10 (3.1.10)
\pgf@shorten@end@additional=\dimen265
\pgf@shorten@start@additional=\dimen266
) (/usr/share/texmf-dist/tex/generic/pgf/basiclayer/pgfcorescopes.code.tex
File: pgfcorescopes.code.tex 2023-01-15 v3.1.10 (3.1.10)
\pgfpic=\box65
\pgf@hbox=\box66
\pgf@layerbox@main=\box67
\pgf@picture@serial@count=\count317
) (/usr/share/texmf-dist/tex/generic/pgf/basiclayer/pgfcoregraphicstate.code.tex
File: pgfcoregraphicstate.code.tex 2023-01-15 v3.1.10 (3.1.10)
\pgflinewidth=\dimen267
) (/usr/share/texmf-dist/tex/generic/pgf/basiclayer/pgfcoretransformations.code.tex
File: pgfcoretransformations.code.tex 2023-01-15 v3.1.10 (3.1.10)
\pgf@pt@x=\dimen268
\pgf@pt@y=\dimen269
\pgf@pt@temp=\dimen270
) (/usr/share/texmf-dist/tex/generic/pgf/basiclayer/pgfcorequick.code.tex
File: pgfcorequick.code.tex 2023-01-15 v3.1.10 (3.1.10)
) (/usr/share/texmf-dist/tex/generic/pgf/basiclayer/pgfcoreobjects.code.tex
File: pgfcoreobjects.code.tex 2023-01-15 v3.1.10 (3.1.10)
) (/usr/share/texmf-dist/tex/generic/pgf/basiclayer/pgfcorepathprocessing.code.tex
File: pgfcorepathprocessing.code.tex 2023-01-15 v3.1.10 (3.1.10)
) (/usr/share/texmf-dist/tex/generic/pgf/basiclayer/pgfcorearrows.code.tex
File: pgfcorearrows.code.tex 2023-01-15 v3.1.10 (3.1.10)
\pgfarrowsep=\dimen271
) (/usr/share/texmf-dist/tex/generic/pgf/basiclayer/pgfcoreshade.code.tex
File: pgfcoreshade.code.tex 2023-01-15 v3.1.10 (3.1.10)
\pgf@max=\dimen272
\pgf@sys@shading@range@num=\count318
\pgf@shadingcount=\count319
) (/usr/share/texmf-dist/tex/generic/pgf/basiclayer/pgfcoreimage.code.tex
File: pgfcoreimage.code.tex 2023-01-15 v3.1.10 (3.1.10)
) (/usr/share/texmf-dist/tex/generic/pgf/basiclayer/pgfcoreexternal.code.tex
File: pgfcoreexternal.code.tex 2023-01-15 v3.1.10 (3.1.10)
\pgfexternal@startupbox=\box68
) (/usr/share/texmf-dist/tex/generic/pgf/basiclayer/pgfcorelayers.code.tex
File: pgfcorelayers.code.tex 2023-01-15 v3.1.10 (3.1.10)
) (/usr/share/texmf-dist/tex/generic/pgf/basiclayer/pgfcoretransparency.code.tex
File: pgfcoretransparency.code.tex 2023-01-15 v3.1.10 (3.1.10)
) (/usr/share/texmf-dist/tex/generic/pgf/basiclayer/pgfcorepatterns.code.tex
File: pgfcorepatterns.code.tex 2023-01-15 v3.1.10 (3.1.10)
)
(/usr/share/texmf-dist/tex/generic/pgf/basiclayer/pgfcorerdf.code.tex
File: pgfcorerdf.code.tex 2023-01-15 v3.1.10 (3.1.10)
)))
\pgf@logicalpages=\count320
\pgf@firstshipout=\count321
\pgf@lastshipout=\count322
\pgf@currentshipout=\count323
\pgf@cpn=\count324
\pgf@shipoutnextto=\count325
\pgfphysicalheight=\dimen273
\pgfphysicalwidth=\dimen274
\pgfpages@shipoutbox=\box69
) (/usr/share/texmf-dist/tex/latex/pgfplots/pgfplots.sty (/usr/share/texmf-dist/tex/generic/pgfplots/pgfplots.revision.tex)
Package: pgfplots 2021/05/15 v1.18.1 Data Visualization (1.18.1)
 (/usr/share/texmf-dist/tex/latex/pgf/frontendlayer/tikz.sty (/usr/share/texmf-dist/tex/latex/pgf/basiclayer/pgf.sty
Package: pgf 2023-01-15 v3.1.10 (3.1.10)
 (/usr/share/texmf-dist/tex/generic/pgf/modules/pgfmoduleshapes.code.tex
File: pgfmoduleshapes.code.tex 2023-01-15 v3.1.10 (3.1.10)
\pgfnodeparttextbox=\box70
) (/usr/share/texmf-dist/tex/generic/pgf/modules/pgfmoduleplot.code.tex
File: pgfmoduleplot.code.tex 2023-01-15 v3.1.10 (3.1.10)
) (/usr/share/texmf-dist/tex/latex/pgf/compatibility/pgfcomp-version-0-65.sty
Package: pgfcomp-version-0-65 2023-01-15 v3.1.10 (3.1.10)
\pgf@nodesepstart=\dimen275
\pgf@nodesepend=\dimen276
) (/usr/share/texmf-dist/tex/latex/pgf/compatibility/pgfcomp-version-1-18.sty
Package: pgfcomp-version-1-18 2023-01-15 v3.1.10 (3.1.10)
)) (/usr/share/texmf-dist/tex/latex/pgf/utilities/pgffor.sty (/usr/share/texmf-dist/tex/latex/pgf/utilities/pgfkeys.sty (/usr/share/texmf-dist/tex/generic/pgf/utilities/pgfkeys.code.tex)) (/usr/share/texmf-dist/tex/latex/pgf/math/pgfmath.sty (/usr/share/texmf-dist/tex/generic/pgf/math/pgfmath.code.tex)) (/usr/share/texmf-dist/tex/generic/pgf/utilities/pgffor.code.tex
Package: pgffor 2023-01-15 v3.1.10 (3.1.10)
\pgffor@iter=\dimen277
\pgffor@skip=\dimen278
\pgffor@stack=\toks41
\pgffor@toks=\toks42
)) (/usr/share/texmf-dist/tex/generic/pgf/frontendlayer/tikz/tikz.code.tex
Package: tikz 2023-01-15 v3.1.10 (3.1.10)
 (/usr/share/texmf-dist/tex/generic/pgf/libraries/pgflibraryplothandlers.code.tex
File: pgflibraryplothandlers.code.tex 2023-01-15 v3.1.10 (3.1.10)
\pgf@plot@mark@count=\count326
\pgfplotmarksize=\dimen279
)
\tikz@lastx=\dimen280
\tikz@lasty=\dimen281
\tikz@lastxsaved=\dimen282
\tikz@lastysaved=\dimen283
\tikz@lastmovetox=\dimen284
\tikz@lastmovetoy=\dimen285
\tikzleveldistance=\dimen286
\tikzsiblingdistance=\dimen287
\tikz@figbox=\box71
\tikz@figbox@bg=\box72
\tikz@tempbox=\box73
\tikz@tempbox@bg=\box74
\tikztreelevel=\count327
\tikznumberofchildren=\count328
\tikznumberofcurrentchild=\count329
\tikz@fig@count=\count330
 (/usr/share/texmf-dist/tex/generic/pgf/modules/pgfmodulematrix.code.tex
File: pgfmodulematrix.code.tex 2023-01-15 v3.1.10 (3.1.10)
\pgfmatrixcurrentrow=\count331
\pgfmatrixcurrentcolumn=\count332
\pgf@matrix@numberofcolumns=\count333
)
\tikz@expandcount=\count334
 (/usr/share/texmf-dist/tex/generic/pgf/frontendlayer/tikz/libraries/tikzlibrarytopaths.code.tex
File: tikzlibrarytopaths.code.tex 2023-01-15 v3.1.10 (3.1.10)
))) (/usr/share/texmf-dist/tex/generic/pgfplots/pgfplots.code.tex (/usr/share/texmf-dist/tex/generic/pgfplots/pgfplotscore.code.tex
Package pgfplots info on input line 124: Initializing with LUA version Lua 5.3
\pgfplots@luabackend@table=\catcodetable14
\t@pgfplots@toka=\toks43
\t@pgfplots@tokb=\toks44
\t@pgfplots@tokc=\toks45
\pgfplots@tmpa=\dimen288
\c@pgfplots@coordindex=\count335
\c@pgfplots@scanlineindex=\count336
 (/usr/share/texmf-dist/tex/generic/pgfplots/sys/pgfplotssysgeneric.code.tex)) (/usr/share/texmf-dist/tex/generic/pgfplots/libs/pgfplotslibrary.code.tex) (/usr/share/texmf-dist/tex/generic/pgfplots/oldpgfcompatib/pgfplotsoldpgfsupp_loader.code.tex (/usr/share/texmf-dist/tex/generic/pgf/libraries/pgflibraryfpu.code.tex)
Package pgfplots: loading complementary utilities for your pgf version...
\t@pgf@toka=\toks46
\t@pgf@tokb=\toks47
\t@pgf@tokc=\toks48
(/usr/share/texmf-dist/tex/generic/pgfplots/oldpgfcompatib/pgfplotsoldpgfsupp_pgfutil-common-lists.tex) (/usr/share/texmf-dist/tex/generic/pgf/libraries/luamath/pgflibraryluamath.code.tex)
Package pgfplots info on input line 290: luamath library shipped with pgf 3.1.10 is up-to-date
) (/usr/share/texmf-dist/tex/generic/pgfplots/util/pgfplotsutil.code.tex
Package pgfplots info on input line 82: Found new luatex: initializing lua commands instead of write18 (shell-escape)
 (/usr/share/texmf-dist/tex/generic/pgfplots/liststructure/pgfplotsliststructure.code.tex) (/usr/share/texmf-dist/tex/generic/pgfplots/liststructure/pgfplotsliststructureext.code.tex) (/usr/share/texmf-dist/tex/generic/pgfplots/liststructure/pgfplotsarray.code.tex
\c@pgfplotsarray@tmp=\count337
) (/usr/share/texmf-dist/tex/generic/pgfplots/liststructure/pgfplotsmatrix.code.tex) (/usr/share/texmf-dist/tex/generic/pgfplots/numtable/pgfplotstableshared.code.tex
\c@pgfplotstable@counta=\count338
\t@pgfplotstable@a=\toks49
) (/usr/share/texmf-dist/tex/generic/pgfplots/liststructure/pgfplotsdeque.code.tex) (/usr/share/texmf-dist/tex/generic/pgfplots/util/pgfplotsbinary.code.tex (/usr/share/texmf-dist/tex/generic/pgfplots/util/pgfplotsbinary.data.code.tex)) (/usr/share/texmf-dist/tex/generic/pgfplots/util/pgfplotsutil.verb.code.tex) (/usr/share/texmf-dist/tex/generic/pgfplots/libs/pgflibrarypgfplots.surfshading.code.tex
\c@pgfplotslibrarysurf@no=\count339
 (/usr/share/texmf-dist/tex/generic/pgfplots/sys/pgflibrarypgfplots.surfshading.pgfsys-luatex.def))) (/usr/share/texmf-dist/tex/generic/pgfplots/util/pgfplotscolormap.code.tex (/usr/share/texmf-dist/tex/generic/pgfplots/util/pgfplotscolor.code.tex)) (/usr/share/texmf-dist/tex/generic/pgfplots/pgfplotsstackedplots.code.tex) (/usr/share/texmf-dist/tex/generic/pgfplots/pgfplotsplothandlers.code.tex (/usr/share/texmf-dist/tex/generic/pgfplots/pgfplotsmeshplothandler.code.tex (/usr/share/texmf-dist/tex/generic/pgfplots/pgfplotsmeshplotimage.code.tex))) (/usr/share/texmf-dist/tex/generic/pgfplots/pgfplots.scaling.code.tex) (/usr/share/texmf-dist/tex/generic/pgfplots/pgfplotscoordprocessing.code.tex) (/usr/share/texmf-dist/tex/generic/pgfplots/pgfplots.errorbars.code.tex) (/usr/share/texmf-dist/tex/generic/pgfplots/pgfplots.markers.code.tex)
(/usr/share/texmf-dist/tex/generic/pgfplots/pgfplotsticks.code.tex) (/usr/share/texmf-dist/tex/generic/pgfplots/pgfplots.paths.code.tex) (/usr/share/texmf-dist/tex/generic/pgf/frontendlayer/tikz/libraries/tikzlibrarydecorations.code.tex (/usr/share/texmf-dist/tex/generic/pgf/modules/pgfmoduledecorations.code.tex
\pgfdecoratedcompleteddistance=\dimen289
\pgfdecoratedremainingdistance=\dimen290
\pgfdecoratedinputsegmentcompleteddistance=\dimen291
\pgfdecoratedinputsegmentremainingdistance=\dimen292
\pgf@decorate@distancetomove=\dimen293
\pgf@decorate@repeatstate=\count340
\pgfdecorationsegmentamplitude=\dimen294
\pgfdecorationsegmentlength=\dimen295
)
\tikz@lib@dec@box=\box75
) (/usr/share/texmf-dist/tex/generic/pgf/frontendlayer/tikz/libraries/tikzlibrarydecorations.pathmorphing.code.tex (/usr/share/texmf-dist/tex/generic/pgf/libraries/decorations/pgflibrarydecorations.pathmorphing.code.tex)) (/usr/share/texmf-dist/tex/generic/pgf/frontendlayer/tikz/libraries/tikzlibrarydecorations.pathreplacing.code.tex (/usr/share/texmf-dist/tex/generic/pgf/libraries/decorations/pgflibrarydecorations.pathreplacing.code.tex)) (/usr/share/texmf-dist/tex/generic/pgfplots/libs/tikzlibrarypgfplots.contourlua.code.tex)
\pgfplots@numplots=\count341
\pgfplots@xmin@reg=\dimen296
\pgfplots@xmax@reg=\dimen297
\pgfplots@ymin@reg=\dimen298
\pgfplots@ymax@reg=\dimen299
\pgfplots@zmin@reg=\dimen300
\pgfplots@zmax@reg=\dimen301
) (/usr/share/texmf-dist/tex/generic/pgf/frontendlayer/tikz/libraries/tikzlibraryplotmarks.code.tex
File: tikzlibraryplotmarks.code.tex 2023-01-15 v3.1.10 (3.1.10)
 (/usr/share/texmf-dist/tex/generic/pgf/libraries/pgflibraryplotmarks.code.tex
File: pgflibraryplotmarks.code.tex 2023-01-15 v3.1.10 (3.1.10)
))) (/usr/share/texmf-dist/tex/latex/fancyhdr/fancyhdr.sty
Package: fancyhdr 2022/11/09 v4.1 Extensive control of page headers and footers
\f@nch@headwidth=\skip130
\f@nch@O@elh=\skip131
\f@nch@O@erh=\skip132
\f@nch@O@olh=\skip133
\f@nch@O@orh=\skip134
\f@nch@O@elf=\skip135
\f@nch@O@erf=\skip136
\f@nch@O@olf=\skip137
\f@nch@O@orf=\skip138
) (/usr/share/texmf-dist/tex/latex/psnfss/pifont.sty
Package: pifont 2020/03/25 PSNFSS-v9.3 Pi font support (SPQR) 
LaTeX Font Info:    Trying to load font information for U+pzd on input line 63.
 (/usr/share/texmf-dist/tex/latex/psnfss/upzd.fd
File: upzd.fd 2001/06/04 font definitions for U/pzd.
)
LaTeX Font Info:    Trying to load font information for U+psy on input line 64.
 (/usr/share/texmf-dist/tex/latex/psnfss/upsy.fd
File: upsy.fd 2001/06/04 font definitions for U/psy.
)) (/usr/share/texmf-dist/tex/latex/tocloft/tocloft.sty
Package: tocloft 2017/08/31 v2.3i parameterised ToC, etc., typesetting
Package tocloft Info: The document has chapter divisions on input line 51.
\cftparskip=\skip139
\cftbeforetoctitleskip=\skip140
\cftaftertoctitleskip=\skip141
\cftbeforepartskip=\skip142
\cftpartnumwidth=\skip143
\cftpartindent=\skip144
\cftbeforechapskip=\skip145
\cftchapindent=\skip146
\cftchapnumwidth=\skip147
\cftbeforesecskip=\skip148
\cftsecindent=\skip149
\cftsecnumwidth=\skip150
\cftbeforesubsecskip=\skip151
\cftsubsecindent=\skip152
\cftsubsecnumwidth=\skip153
\cftbeforesubsubsecskip=\skip154
\cftsubsubsecindent=\skip155
\cftsubsubsecnumwidth=\skip156
\cftbeforeparaskip=\skip157
\cftparaindent=\skip158
\cftparanumwidth=\skip159
\cftbeforesubparaskip=\skip160
\cftsubparaindent=\skip161
\cftsubparanumwidth=\skip162
\cftbeforeloftitleskip=\skip163
\cftafterloftitleskip=\skip164
\cftbeforefigskip=\skip165
\cftfigindent=\skip166
\cftfignumwidth=\skip167
\c@lofdepth=\count342
\c@lotdepth=\count343
\cftbeforelottitleskip=\skip168
\cftafterlottitleskip=\skip169
\cftbeforetabskip=\skip170
\cfttabindent=\skip171
\cfttabnumwidth=\skip172
) (/usr/share/texmf-dist/tex/latex/multirow/multirow.sty
Package: multirow 2021/03/15 v2.8 Span multiple rows of a table
\multirow@colwidth=\skip173
\multirow@cntb=\count344
\multirow@dima=\skip174
\bigstrutjot=\dimen302
) (/usr/share/texmf-dist/tex/latex/tools/dcolumn.sty
Package: dcolumn 2014/10/28 v1.06 decimal alignment package (DPC)
 (/usr/share/texmf-dist/tex/latex/tools/array.sty
Package: array 2022/09/04 v2.5g Tabular extension package (FMi)
\col@sep=\dimen303
\ar@mcellbox=\box76
\extrarowheight=\dimen304
\NC@list=\toks50
\extratabsurround=\skip175
\backup@length=\skip176
\ar@cellbox=\box77
)) (/usr/share/texmf/tex/latex/minted/minted.sty
Package: minted 2021/12/24 v2.6 Yet another Pygments shim for LaTeX
 (/usr/share/texmf/tex/latex/fvextra/fvextra.sty
Package: fvextra 2019/02/04 v1.4 fvextra - extensions and patches for fancyvrb
 (/usr/share/texmf-dist/tex/latex/base/ifthen.sty
Package: ifthen 2022/04/13 v1.1d Standard LaTeX ifthen package (DPC)
) (/usr/share/texmf-dist/tex/latex/fancyvrb/fancyvrb.sty
Package: fancyvrb 2023/01/19 4.5a verbatim text (tvz,hv)
\FV@CodeLineNo=\count345
\FV@InFile=\read3
\FV@TabBox=\box78
\c@FancyVerbLine=\count346
\FV@StepNumber=\count347
\FV@OutFile=\write4
) (/usr/share/texmf-dist/tex/latex/upquote/upquote.sty
Package: upquote 2012/04/19 v1.3 upright-quote and grave-accent glyphs in verbatim
) (/usr/share/texmf-dist/tex/latex/lineno/lineno.sty
Package: lineno 2023/01/19 line numbers on paragraphs v5.1
\linenopenalty=\count348
\output=\toks51
\linenoprevgraf=\count349
\linenumbersep=\dimen305
\linenumberwidth=\dimen306
\c@linenumber=\count350
\c@pagewiselinenumber=\count351
\c@LN@truepage=\count352
\c@internallinenumber=\count353
\c@internallinenumbers=\count354
\quotelinenumbersep=\dimen307
\bframerule=\dimen308
\bframesep=\dimen309
\bframebox=\box79
\linenoamsmath@ams@eqpen=\count355
LaTeX Info: Redefining \\ on input line 3131.
)
\c@FV@TrueTabGroupLevel=\count356
\c@FV@TrueTabCounter=\count357
\FV@TabBox@Group=\box80
\FV@TmpLength=\skip177
\c@FV@HighlightLinesStart=\count358
\c@FV@HighlightLinesStop=\count359
\FV@LoopCount=\count360
\FV@NCharsBox=\box81
\FV@BreakIndent=\dimen310
\FV@BreakIndentNChars=\count361
\FV@BreakSymbolSepLeft=\dimen311
\FV@BreakSymbolSepLeftNChars=\count362
\FV@BreakSymbolSepRight=\dimen312
\FV@BreakSymbolSepRightNChars=\count363
\FV@BreakSymbolIndentLeft=\dimen313
\FV@BreakSymbolIndentLeftNChars=\count364
\FV@BreakSymbolIndentRight=\dimen314
\FV@BreakSymbolIndentRightNChars=\count365
\c@FancyVerbLineBreakLast=\count366
\FV@LineBox=\box82
\FV@LineIndentBox=\box83
\FV@LineWidth=\dimen315
) (/usr/share/texmf-dist/tex/latex/tools/shellesc.sty
Package: shellesc 2019/11/08 v1.0c unified shell escape interface for LaTeX
Package shellesc Info: Unrestricted shell escape enabled on input line 75.
) (/usr/share/texmf-dist/tex/latex/ifplatform/ifplatform.sty
Package: ifplatform 2017/10/13 v0.4a Testing for the operating system
 (/usr/share/texmf-dist/tex/generic/catchfile/catchfile.sty
Package: catchfile 2019/12/09 v1.8 Catch the contents of a file (HO)
) (/usr/share/texmf-dist/tex/generic/iftex/ifluatex.sty
Package: ifluatex 2019/10/25 v1.5 ifluatex legacy package. Use iftex instead.
)
runsystem(uname -s > "main.w18")...executed
 (./main.w18)
runsystem(rm -- "main.w18")...executed
)
(/usr/share/texmf-dist/tex/generic/xstring/xstring.sty (/usr/share/texmf-dist/tex/generic/xstring/xstring.tex
\integerpart=\count367
\decimalpart=\count368
)
Package: xstring 2023/01/14 v1.85 String manipulations (CT)
) (/usr/share/texmf-dist/tex/latex/framed/framed.sty
Package: framed 2011/10/22 v 0.96: framed or shaded text with page breaks
\OuterFrameSep=\skip178
\fb@frw=\dimen316
\fb@frh=\dimen317
\FrameRule=\dimen318
\FrameSep=\dimen319
) (/usr/share/texmf-dist/tex/latex/float/float.sty
Package: float 2001/11/08 v1.3d Float enhancements (AL)
\c@float@type=\count369
\float@exts=\toks52
\float@box=\box84
\@float@everytoks=\toks53
\@floatcapt=\box85
)
\minted@appexistsfile=\read4
\minted@bgbox=\box86
\minted@code=\write5
\c@minted@FancyVerbLineTemp=\count370
\c@minted@pygmentizecounter=\count371
\@float@every@listing=\toks54
\c@listing=\count372
)
runsystem(mkdir -p _minted-main)...executed
 (/usr/share/texmf-dist/tex/latex/footmisc/footmisc.sty
Package: footmisc 2022/03/08 v6.0d a miscellany of footnote facilities
\FN@temptoken=\toks55
\footnotemargin=\dimen320
\@outputbox@depth=\dimen321
Package footmisc Info: Declaring symbol style bringhurst on input line 695.
Package footmisc Info: Declaring symbol style chicago on input line 703.
Package footmisc Info: Declaring symbol style wiley on input line 712.
Package footmisc Info: Declaring symbol style lamport-robust on input line 723.
Package footmisc Info: Declaring symbol style lamport* on input line 743.
Package footmisc Info: Declaring symbol style lamport*-robust on input line 764.
)
Package hyperref Info: Option `colorlinks' set `true' on input line 46.
Package hyperref Info: Option `bookmarksnumbered' set `true' on input line 46.
Package hyperref Info: Option `bookmarksopen' set `true' on input line 46.
 (/usr/share/texmf-dist/tex/latex/tcolorbox/tcolorbox.sty
Package: tcolorbox 2023/02/12 version 6.0.1 text color boxes
 (/usr/share/texmf-dist/tex/latex/tools/verbatim.sty
Package: verbatim 2022-07-02 v1.5u LaTeX2e package for verbatim enhancements
\every@verbatim=\toks56
\verbatim@line=\toks57
\verbatim@in@stream=\read5
) (/usr/share/texmf-dist/tex/latex/environ/environ.sty
Package: environ 2014/05/04 v0.3 A new way to define environments
 (/usr/share/texmf-dist/tex/latex/trimspaces/trimspaces.sty
Package: trimspaces 2009/09/17 v1.1 Trim spaces around a token list
))
\tcb@titlebox=\box87
\tcb@upperbox=\box88
\tcb@lowerbox=\box89
\tcb@phantombox=\box90
\c@tcbbreakpart=\count373
\c@tcblayer=\count374
\c@tcolorbox@number=\count375
\tcb@temp=\box91
\tcb@temp=\box92
\tcb@temp=\box93
\tcb@temp=\box94
 (/usr/share/texmf-dist/tex/latex/tcolorbox/tcbraster.code.tex
Library (tcolorbox): 'tcbraster.code.tex' version '6.0.1'
\c@tcbrastercolumn=\count376
\c@tcbrasterrow=\count377
\c@tcbrasternum=\count378
\c@tcbraster=\count379
) (/usr/share/texmf-dist/tex/latex/tcolorbox/tcbskins.code.tex
Library (tcolorbox): 'tcbskins.code.tex' version '6.0.1'
(/usr/share/texmf-dist/tex/latex/tikzfill/tikzfill.image.sty
Package: tikzfill.image 2022/07/20 v1.0.0 Image filling library for TikZ
 (/usr/share/texmf-dist/tex/latex/tikzfill/tikzfill-common.sty
Package: tikzfill-common 2022/07/20 v1.0.0 Auxiliary code for tikzfill
) (/usr/share/texmf-dist/tex/latex/tikzfill/tikzlibraryfill.image.code.tex
File: tikzlibraryfill.image.code.tex 2022/07/20 v1.0.0 Image filling library
\l__tikzfill_img_box=\box95
)) (/usr/share/texmf-dist/tex/latex/tcolorbox/tcbskinsjigsaw.code.tex
Library (tcolorbox): 'tcbskinsjigsaw.code.tex' version '6.0.1'
)) (/usr/share/texmf-dist/tex/latex/tcolorbox/tcbbreakable.code.tex
Library (tcolorbox): 'tcbbreakable.code.tex' version '6.0.1'
(/usr/share/texmf-dist/tex/latex/pdfcol/pdfcol.sty
Package: pdfcol 2022-09-21 v1.7 Handle new color stacks for pdfTeX (HO)
)
Package pdfcol Info: New color stack `tcb@breakable' = 1 on input line 23.
\tcb@testbox=\box96
\tcb@totalupperbox=\box97
\tcb@totallowerbox=\box98
) (/usr/share/texmf-dist/tex/latex/tcolorbox/tcbhooks.code.tex
Library (tcolorbox): 'tcbhooks.code.tex' version '6.0.1'
) (/usr/share/texmf-dist/tex/latex/tcolorbox/tcbtheorems.code.tex
Library (tcolorbox): 'tcbtheorems.code.tex' version '6.0.1'
) (/usr/share/texmf-dist/tex/latex/tcolorbox/tcbfitting.code.tex
Library (tcolorbox): 'tcbfitting.code.tex' version '6.0.1'
\tcbfitdim=\dimen322
\tcb@lowerfitdim=\dimen323
\tcb@upperfitdim=\dimen324
\tcb@cur@hbadness=\count380
) (/usr/share/texmf-dist/tex/latex/tcolorbox/tcblistingsutf8.code.tex
Library (tcolorbox): 'tcblistingsutf8.code.tex' version '6.0.1'
(/usr/share/texmf-dist/tex/latex/tcolorbox/tcblistings.code.tex
Library (tcolorbox): 'tcblistings.code.tex' version '6.0.1'
(/usr/share/texmf-dist/tex/latex/listings/listings.sty
\lst@mode=\count381
\lst@gtempboxa=\box99
\lst@token=\toks58
\lst@length=\count382
\lst@currlwidth=\dimen325
\lst@column=\count383
\lst@pos=\count384
\lst@lostspace=\dimen326
\lst@width=\dimen327
\lst@newlines=\count385
\lst@lineno=\count386
\lst@maxwidth=\dimen328
 (/usr/share/texmf-dist/tex/latex/listings/lstmisc.sty
File: lstmisc.sty 2023/02/27 1.9 (Carsten Heinz)
\c@lstnumber=\count387
\lst@skipnumbers=\count388
\lst@framebox=\box100
) (/usr/share/texmf-dist/tex/latex/listings/listings.cfg
File: listings.cfg 2023/02/27 1.9 listings configuration
))
Package: listings 2023/02/27 1.9 (Carsten Heinz)
 (/usr/share/texmf-dist/tex/latex/tcolorbox/tcblistingscore.code.tex
Library (tcolorbox): 'tcblistingscore.code.tex' version '6.0.1'
(/usr/share/texmf-dist/tex/latex/tcolorbox/tcbprocessing.code.tex
Library (tcolorbox): 'tcbprocessing.code.tex' version '6.0.1'
)
\c@tcblisting=\count389
))
Package tcolorbox Info: Library `listingsutf8' is compatible with pdftex only. Library `listings` is loaded instead. on input line 29.
) (/usr/share/texmf-dist/tex/latex/tcolorbox/tcbexternal.code.tex
Library (tcolorbox): 'tcbexternal.code.tex' version '6.0.1'
) (/usr/share/texmf-dist/tex/latex/tcolorbox/tcbmagazine.code.tex
Library (tcolorbox): 'tcbmagazine.code.tex' version '6.0.1'
) (/usr/share/texmf-dist/tex/latex/tcolorbox/tcbvignette.code.tex
Library (tcolorbox): 'tcbvignette.code.tex' version '6.0.1'
(/usr/share/texmf-dist/tex/generic/pgf/frontendlayer/tikz/libraries/tikzlibraryfadings.code.tex
File: tikzlibraryfadings.code.tex 2023-01-15 v3.1.10 (3.1.10)
 (/usr/share/texmf-dist/tex/generic/pgf/libraries/pgflibraryfadings.code.tex
File: pgflibraryfadings.code.tex 2023-01-15 v3.1.10 (3.1.10)
))) (/usr/share/texmf-dist/tex/latex/tcolorbox/tcbposter.code.tex
Library (tcolorbox): 'tcbposter.code.tex' version '6.0.1'
)) (/usr/share/texmf-dist/tex/latex/varwidth/varwidth.sty
Package: varwidth 2009/03/30 ver 0.92;  Variable-width minipages
\@vwid@box=\box101
\sift@deathcycles=\count390
\@vwid@loff=\dimen329
\@vwid@roff=\dimen330
) (/usr/share/texmf-dist/tex/latex/tools/multicol.sty
Package: multicol 2021/11/30 v1.9d multicolumn formatting (FMi)
\c@tracingmulticols=\count391
\mult@box=\box102
\multicol@leftmargin=\dimen331
\c@unbalance=\count392
\c@collectmore=\count393
\doublecol@number=\count394
\multicoltolerance=\count395
\multicolpretolerance=\count396
\full@width=\dimen332
\page@free=\dimen333
\premulticols=\dimen334
\postmulticols=\dimen335
\multicolsep=\skip179
\multicolbaselineskip=\skip180
\partial@page=\box103
\last@line=\box104
\maxbalancingoverflow=\dimen336
\mult@rightbox=\box105
\mult@grightbox=\box106
\mult@firstbox=\box107
\mult@gfirstbox=\box108
\@tempa=\box109
\@tempa=\box110
\@tempa=\box111
\@tempa=\box112
\@tempa=\box113
\@tempa=\box114
\@tempa=\box115
\@tempa=\box116
\@tempa=\box117
\@tempa=\box118
\@tempa=\box119
\@tempa=\box120
\@tempa=\box121
\@tempa=\box122
\@tempa=\box123
\@tempa=\box124
\@tempa=\box125
\@tempa=\box126
\@tempa=\box127
\@tempa=\box128
\@tempa=\box129
\@tempa=\box130
\@tempa=\box131
\@tempa=\box132
\@tempa=\box133
\@tempa=\box134
\@tempa=\box135
\@tempa=\box136
\@tempa=\box137
\@tempa=\box138
\@tempa=\box139
\@tempa=\box140
\@tempa=\box141
\@tempa=\box142
\@tempa=\box143
\@tempa=\box144
\c@minrows=\count397
\c@columnbadness=\count398
\c@finalcolumnbadness=\count399
\last@try=\dimen337
\multicolovershoot=\dimen338
\multicolundershoot=\dimen339
\mult@nat@firstbox=\box145
\colbreak@box=\box146
\mc@col@check@num=\count400
) (/usr/share/texmf-dist/tex/latex/tikz-cd/tikz-cd.sty
Package: tikz-cd 2021/05/04 v1.0 Commutative diagrams with TikZ
 (/usr/share/texmf-dist/tex/generic/tikz-cd/tikzlibrarycd.code.tex (/usr/share/texmf-dist/tex/generic/pgf/frontendlayer/tikz/libraries/tikzlibrarymatrix.code.tex
File: tikzlibrarymatrix.code.tex 2023-01-15 v3.1.10 (3.1.10)
) (/usr/share/texmf-dist/tex/generic/pgf/frontendlayer/tikz/libraries/tikzlibraryquotes.code.tex
File: tikzlibraryquotes.code.tex 2023-01-15 v3.1.10 (3.1.10)
) (/usr/share/texmf-dist/tex/generic/pgf/libraries/pgflibraryarrows.meta.code.tex
File: pgflibraryarrows.meta.code.tex 2023-01-15 v3.1.10 (3.1.10)
\pgfarrowinset=\dimen340
\pgfarrowlength=\dimen341
\pgfarrowwidth=\dimen342
\pgfarrowlinewidth=\dimen343
))) (/usr/share/texmf-dist/tex/latex/algorithm2e/algorithm2e.sty
Package: algorithm2e 2017/07/18 v5.2 algorithms environments
\c@AlgoLine=\count401
\algocf@hangindent=\skip181
 (/usr/share/texmf-dist/tex/latex/ifoddpage/ifoddpage.sty
Package: ifoddpage 2022/10/18 v1.2 Conditionals for odd/even page detection
\c@checkoddpage=\count402
LaTeX Info: Redefining \checkoddpage on input line 45.
) (/usr/share/texmf-dist/tex/latex/tools/xspace.sty
Package: xspace 2014/10/28 v1.13 Space after command names (DPC,MH)
) (/usr/share/texmf-dist/tex/latex/relsize/relsize.sty
Package: relsize 2013/03/29 ver 4.1
)
\skiptotal=\skip182
\skiplinenumber=\skip183
\skiprule=\skip184
\skiphlne=\skip185
\skiptext=\skip186
\skiplength=\skip187
\algomargin=\skip188
\skipalgocfslide=\skip189
\algowidth=\dimen344
\inoutsize=\dimen345
\inoutindent=\dimen346
\interspacetitleruled=\dimen347
\interspacealgoruled=\dimen348
\interspacetitleboxruled=\dimen349
\algocf@ruledwidth=\skip190
\algocf@inoutbox=\box147
\algocf@inputbox=\box148
\AlCapSkip=\skip191
\AlCapHSkip=\skip192
\algoskipindent=\skip193
\algocf@nlbox=\box149
\algocf@hangingbox=\box150
\algocf@untilbox=\box151
\algocf@skipuntil=\skip194
\algocf@capbox=\box152
\algocf@lcaptionbox=\skip195
\algoheightruledefault=\skip196
\algoheightrule=\skip197
\algotitleheightruledefault=\skip198
\algotitleheightrule=\skip199
\c@algocfline=\count403
\c@algocfproc=\count404
\c@algocf=\count405
\algocf@algoframe=\box153
\algocf@algobox=\box154
) (/usr/share/texmf-dist/tex/latex/comment/comment.sty
\CommentStream=\write6
 Excluding comment 'comment') (/usr/share/texmf-dist/tex/latex/import/import.sty
Package: import 2020/04/01  v 6.2
) (/usr/share/texmf-dist/tex/latex/xifthen/xifthen.sty
Package: xifthen 2015/11/05 v1.4.0 Extended ifthen features
 (/usr/share/texmf-dist/tex/latex/ifmtarg/ifmtarg.sty
Package: ifmtarg 2018/04/16 v1.2b check for an empty argument
)) (/usr/share/texmf-dist/tex/latex/pdfpages/pdfpages.sty
Package: pdfpages 2022/12/19 v0.5x Insert pages of external PDF documents (AM)
 (/usr/share/texmf-dist/tex/latex/eso-pic/eso-pic.sty
Package: eso-pic 2020/10/14 v3.0a eso-pic (RN)
\ESO@tempdima=\dimen350
\ESO@tempdimb=\dimen351
)
\AM@pagewidth=\dimen352
\AM@pageheight=\dimen353
\AM@fboxrule=\dimen354
 (/usr/share/texmf-dist/tex/latex/pdfpages/ppluatex.def
File: ppluatex.def 2022/12/19 v0.5x Pdfpages driver for LuaTeX (AM)
)
\pdfpages@includegraphics@status=\count406
\AM@pagebox=\box155
\AM@global@opts=\toks59
\AM@pagecnt=\count407
\AM@toc@title=\toks60
\AM@lof@heading=\toks61
\c@AM@survey=\count408
\AM@templatesizebox=\box156
) (/usr/share/texmf-dist/tex/latex/transparent/transparent.sty
Package: transparent 2022-10-27 v1.5 Transparency with color stacks
 (/usr/share/texmf-dist/tex/latex/transparent/transparent-nometadata.sty
Package: transparent-nometadata 2022-10-27 v1.5 Transparency via pdfTeX's color stack (HO)
)) (/usr/share/texmf-dist/tex/latex/tools/longtable.sty
Package: longtable 2021-09-01 v4.17 Multi-page Table package (DPC)
\LTleft=\skip256
\LTright=\skip257
\LTpre=\skip258
\LTpost=\skip259
\LTchunksize=\count409
\LTcapwidth=\dimen355
\LT@head=\box157
\LT@firsthead=\box158
\LT@foot=\box159
\LT@lastfoot=\box160
\LT@gbox=\box161
\LT@cols=\count410
\LT@rows=\count411
\c@LT@tables=\count412
\c@LT@chunks=\count413
\LT@p@ftn=\toks62
) (/usr/share/texmf-dist/tex/latex/tikzsymbols/tikzsymbols.sty
Package: tikzsymbols 2021/12/14 v4.12a Some symbols created using tikz and LaTeX3.
 (/usr/share/texmf-dist/tex/generic/pgf/frontendlayer/tikz/libraries/tikzlibraryarrows.code.tex
File: tikzlibraryarrows.code.tex 2023-01-15 v3.1.10 (3.1.10)
 (/usr/share/texmf-dist/tex/generic/pgf/libraries/pgflibraryarrows.code.tex
File: pgflibraryarrows.code.tex 2023-01-15 v3.1.10 (3.1.10)
\arrowsize=\dimen356
)) (/usr/share/texmf-dist/tex/generic/pgf/frontendlayer/tikz/libraries/tikzlibrarytrees.code.tex
File: tikzlibrarytrees.code.tex 2023-01-15 v3.1.10 (3.1.10)
)
\l__tikzsymbols_Moai_thickness_dim=\dimen357
\l__tikzsymbols_Kochtopf_nr_arguments_int=\count414
\l__tikzsymbols_Bratpfanne_nr_arguments_int=\count415
\l__tikzsymbols_Schneebesen_nr_arguments_int=\count416
\l__tikzsymbols_Sieb_nr_arguments_int=\count417
\l__tikzsymbols_Purierstab_nr_arguments_int=\count418
\l__tikzsymbols_Dreizack_nr_arguments_int=\count419
\l__tikzsymbols_Backblech_nr_arguments_int=\count420
\l__tikzsymbols_Ofen_nr_arguments_int=\count421
\l__tikzsymbols_Pfanne_nr_arguments_int=\count422
\l__tikzsymbols_Herd_nr_arguments_int=\count423
\l__tikzsymbols_Saftpresse_nr_arguments_int=\count424
\l__tikzsymbols_Schussel_nr_arguments_int=\count425
\l__tikzsymbols_Schaler_nr_arguments_int=\count426
\l__tikzsymbols_Reibe_nr_arguments_int=\count427
\l__tikzsymbols_Flasche_nr_arguments_int=\count428
\l__tikzsymbols_Nudelholz_nr_arguments_int=\count429
\l__tikzsymbols_Knoblauchpresse_nr_arguments_int=\count430
\l__tikzsymbols_Sadey_nr_arguments_int=\count431
\l__tikzsymbols_dSadey_nr_arguments_int=\count432
\l__tikzsymbols_Changey_nr_arguments_int=\count433
\l__tikzsymbols_dChangey_nr_arguments_int=\count434
\l__tikzsymbols_cChangey_nr_arguments_int=\count435
\l__tikzsymbols_dcChangey_nr_arguments_int=\count436
\l__tikzsymbols_Annoey_nr_arguments_int=\count437
\l__tikzsymbols_dAnnoey_nr_arguments_int=\count438
\l__tikzsymbols_Smiley_nr_arguments_int=\count439
\l__tikzsymbols_dSmiley_nr_arguments_int=\count440
\l__tikzsymbols_Laughey_nr_arguments_int=\count441
\l__tikzsymbols_dLaughey_nr_arguments_int=\count442
\l__tikzsymbols_Neutrey_nr_arguments_int=\count443
\l__tikzsymbols_dNeutrey_nr_arguments_int=\count444
\l__tikzsymbols_Winkey_nr_arguments_int=\count445
\l__tikzsymbols_oldWinkey_nr_arguments_int=\count446
\l__tikzsymbols_dWinkey_nr_arguments_int=\count447
\l__tikzsymbols_olddWinkey_nr_arguments_int=\count448
\l__tikzsymbols_Sey_nr_arguments_int=\count449
\l__tikzsymbols_dSey_nr_arguments_int=\count450
\l__tikzsymbols_Xey_nr_arguments_int=\count451
\l__tikzsymbols_dXey_nr_arguments_int=\count452
\l__tikzsymbols_Innocey_nr_arguments_int=\count453
\l__tikzsymbols_wInnocey_nr_arguments_int=\count454
\l__tikzsymbols_dInnocey_nr_arguments_int=\count455
\l__tikzsymbols_Cooley_nr_arguments_int=\count456
\l__tikzsymbols_dCooley_nr_arguments_int=\count457
\l__tikzsymbols_Tongey_nr_arguments_int=\count458
\l__tikzsymbols_dTongey_nr_arguments_int=\count459
\l__tikzsymbols_Nursey_nr_arguments_int=\count460
\l__tikzsymbols_dNursey_nr_arguments_int=\count461
\l__tikzsymbols_Vomey_nr_arguments_int=\count462
\l__tikzsymbols_dVomey_nr_arguments_int=\count463
\l__tikzsymbols_Walley_nr_arguments_int=\count464
\l__tikzsymbols_rWalley_nr_arguments_int=\count465
\l__tikzsymbols_dWalley_nr_arguments_int=\count466
\l__tikzsymbols_drWalley_nr_arguments_int=\count467
\l__tikzsymbols_Cat_nr_arguments_int=\count468
\l__tikzsymbols_SchrodingersCat_nr_arguments_int=\count469
\l__tikzsymbols_Ninja_nr_arguments_int=\count470
\l__tikzsymbols_dNinja_nr_arguments_int=\count471
\l__tikzsymbols_Sleepey_nr_arguments_int=\count472
\l__tikzsymbols_dSleepey_nr_arguments_int=\count473
\l__tikzsymbols_Maskey_nr_arguments_int=\count474
\l__tikzsymbols_NiceReapey_nr_arguments_int=\count475
\l__tikzsymbols_Strichmaxerl_nr_arguments_int=\count476
\l__tikzsymbols_Person_nr_arguments_int=\count477
\l__tikzsymbols_Heart_nr_arguments_int=\count478
\l__tikzsymbols_dHeart_nr_arguments_int=\count479
\l__tikzsymbols_HeartBroken_nr_arguments_int=\count480
\l__tikzsymbols_Candle_nr_arguments_int=\count481
\l__tikzsymbols_Fire_nr_arguments_int=\count482
\l__tikzsymbols_Coffeecup_nr_arguments_int=\count483
\l__tikzsymbols_Chair_nr_arguments_int=\count484
\l__tikzsymbols_Bed_nr_arguments_int=\count485
\l__tikzsymbols_Tribar_nr_arguments_int=\count486
\l__tikzsymbols_Moai_nr_arguments_int=\count487
\l__tikzsymbols_Snowman_nr_arguments_int=\count488
\l__tikzsymbols_BasicTree_nr_arguments_int=\count489
\l__tikzsymbols_WorstTree_nr_arguments_int=\count490
\l__tikzsymbols_Springtree_nr_arguments_int=\count491
\l__tikzsymbols_Summertree_nr_arguments_int=\count492
\l__tikzsymbols_Autumntree_nr_arguments_int=\count493
\l__tikzsymbols_Wintertree_nr_arguments_int=\count494
)
\c@tcb@cnt@theo=\count495
\c@tcb@cnt@Theorem=\count496
\c@tcb@cnt@theorem=\count497
\c@tcb@cnt@claim=\count498
\c@tcb@cnt@Exercise=\count499
\c@tcb@cnt@exercise=\count500
\c@tcb@cnt@Example=\count501
\c@tcb@cnt@example=\count502
\c@tcb@cnt@question=\count503
\c@tcb@cnt@qstion=\count504
\c@tcb@cnt@wconc=\count505
 (/usr/share/texmf-dist/tex/generic/pgf/frontendlayer/tikz/libraries/tikzlibrarycalc.code.tex
File: tikzlibrarycalc.code.tex 2023-01-15 v3.1.10 (3.1.10)
) (/usr/share/texmf-dist/tex/latex/pgf-blur/tikzlibraryshadows.blur.code.tex  v1.02, 2012/12/09 (/usr/share/texmf-dist/tex/generic/pgf/frontendlayer/tikz/libraries/tikzlibraryshadows.code.tex
File: tikzlibraryshadows.code.tex 2023-01-15 v3.1.10 (3.1.10)
)
\pgfbs@fading@count=\count506
)
\c@tcb@cnt@thrm=\count507
\c@tcb@cnt@definition=\count508
\c@tcb@cnt@eg=\count509
\c@consequence=\count510
\c@law=\count511
\c@postulate=\count512
\c@conclusion=\count513
\c@extra=\count514
\c@conjecture=\count515
\c@lemma=\count516
\c@proposition=\count517
\c@corr=\count518
\c@conceptcounter=\count519
\c@mylabelcounter=\count520
\diffdbox=\box162
 (/usr/share/texmf-dist/tex/latex/lm/lmodern.sty
Package: lmodern 2015/05/01 v1.6.1 Latin Modern Fonts
LaTeX Font Info:    Overwriting symbol font `operators' in version `normal'
(Font)                  OT1/cmr/m/n --> OT1/lmr/m/n on input line 22.
LaTeX Font Info:    Overwriting symbol font `letters' in version `normal'
(Font)                  OML/cmm/m/it --> OML/lmm/m/it on input line 23.
LaTeX Font Info:    Overwriting symbol font `symbols' in version `normal'
(Font)                  OMS/cmsy/m/n --> OMS/lmsy/m/n on input line 24.
LaTeX Font Info:    Overwriting symbol font `largesymbols' in version `normal'
(Font)                  OMX/cmex/m/n --> OMX/lmex/m/n on input line 25.
LaTeX Font Info:    Overwriting symbol font `operators' in version `bold'
(Font)                  OT1/cmr/bx/n --> OT1/lmr/bx/n on input line 26.
LaTeX Font Info:    Overwriting symbol font `letters' in version `bold'
(Font)                  OML/cmm/b/it --> OML/lmm/b/it on input line 27.
LaTeX Font Info:    Overwriting symbol font `symbols' in version `bold'
(Font)                  OMS/cmsy/b/n --> OMS/lmsy/b/n on input line 28.
LaTeX Font Info:    Overwriting symbol font `largesymbols' in version `bold'
(Font)                  OMX/cmex/m/n --> OMX/lmex/m/n on input line 29.
LaTeX Font Info:    Overwriting math alphabet `\mathbf' in version `normal'
(Font)                  OT1/cmr/bx/n --> OT1/lmr/bx/n on input line 31.
LaTeX Font Info:    Overwriting math alphabet `\mathsf' in version `normal'
(Font)                  OT1/cmss/m/n --> OT1/lmss/m/n on input line 32.
LaTeX Font Info:    Overwriting math alphabet `\mathit' in version `normal'
(Font)                  OT1/cmr/m/it --> OT1/lmr/m/it on input line 33.
LaTeX Font Info:    Overwriting math alphabet `\mathtt' in version `normal'
(Font)                  OT1/cmtt/m/n --> OT1/lmtt/m/n on input line 34.
LaTeX Font Info:    Overwriting math alphabet `\mathbf' in version `bold'
(Font)                  OT1/cmr/bx/n --> OT1/lmr/bx/n on input line 35.
LaTeX Font Info:    Overwriting math alphabet `\mathsf' in version `bold'
(Font)                  OT1/cmss/bx/n --> OT1/lmss/bx/n on input line 36.
LaTeX Font Info:    Overwriting math alphabet `\mathit' in version `bold'
(Font)                  OT1/cmr/bx/it --> OT1/lmr/bx/it on input line 37.
LaTeX Font Info:    Overwriting math alphabet `\mathtt' in version `bold'
(Font)                  OT1/cmtt/m/n --> OT1/lmtt/m/n on input line 38.
)
\seplinewidth=\skip260
\seplinesep=\skip261

(/usr/share/texmf-dist/tex/latex/tcolorbox/tcbminted.code.tex
Library (tcolorbox): 'tcbminted.code.tex' version '6.0.1'
)) (/home/datura/dev/latex/template/macros.tex)
runsystem(which pygmentize && touch main.aex)...executed
runsystem(rm main.aex)...executed
 (./main.aux)
\openout1 = main.aux

LaTeX Font Info:    Checking defaults for OML/cmm/m/it on input line 19.
LaTeX Font Info:    ... okay on input line 19.
LaTeX Font Info:    Checking defaults for OMS/cmsy/m/n on input line 19.
LaTeX Font Info:    ... okay on input line 19.
LaTeX Font Info:    Checking defaults for OT1/cmr/m/n on input line 19.
LaTeX Font Info:    ... okay on input line 19.
LaTeX Font Info:    Checking defaults for T1/cmr/m/n on input line 19.
LaTeX Font Info:    ... okay on input line 19.
LaTeX Font Info:    Checking defaults for TS1/cmr/m/n on input line 19.
LaTeX Font Info:    Trying to load font information for TS1+cmr on input line 19.
 (/usr/share/texmf-dist/tex/latex/base/ts1cmr.fd
File: ts1cmr.fd 2022/07/10 v2.5l Standard LaTeX font definitions
)
LaTeX Font Info:    ... okay on input line 19.
LaTeX Font Info:    Checking defaults for TU/lmr/m/n on input line 19.
LaTeX Font Info:    ... okay on input line 19.
LaTeX Font Info:    Checking defaults for OMX/cmex/m/n on input line 19.
LaTeX Font Info:    ... okay on input line 19.
LaTeX Font Info:    Checking defaults for U/cmr/m/n on input line 19.
LaTeX Font Info:    ... okay on input line 19.
LaTeX Font Info:    Checking defaults for PD1/pdf/m/n on input line 19.
LaTeX Font Info:    ... okay on input line 19.
LaTeX Font Info:    Checking defaults for PU/pdf/m/n on input line 19.
LaTeX Font Info:    ... okay on input line 19.

*geometry* driver: auto-detecting
*geometry* detected driver: luatex
*geometry* verbose mode - [ preamble ] result:
* driver: luatex
* paper: <default>
* layout: <same size as paper>
* layoutoffset:(h,v)=(0.0pt,0.0pt)
* modes: 
* h-part:(L,W,R)=(61.42993pt, 491.43513pt, 61.42993pt)
* v-part:(T,H,B)=(61.42993pt, 676.63455pt, 56.9055pt)
* \paperwidth=614.295pt
* \paperheight=794.96999pt
* \textwidth=491.43513pt
* \textheight=676.63455pt
* \oddsidemargin=-10.84006pt
* \evensidemargin=-10.84006pt
* \topmargin=-47.84006pt
* \headheight=12.0pt
* \headsep=25.0pt
* \topskip=10.0pt
* \footskip=14.45377pt
* \marginparwidth=65.0pt
* \marginparsep=11.0pt
* \columnsep=10.0pt
* \skip\footins=9.0pt plus 4.0pt minus 2.0pt
* \hoffset=0.0pt
* \voffset=0.0pt
* \mag=1000
* \@twocolumnfalse
* \@twosidefalse
* \@mparswitchfalse
* \@reversemarginfalse
* (1in=72.27pt=25.4mm, 1cm=28.453pt)

(/usr/share/texmf-dist/tex/context/base/mkii/supp-pdf.mkii
[Loading MPS to PDF converter (version 2006.09.02).]
\scratchcounter=\count521
\scratchdimen=\dimen358
\scratchbox=\box163
\nofMPsegments=\count522
\nofMParguments=\count523
\everyMPshowfont=\toks63
\MPscratchCnt=\count524
\MPscratchDim=\dimen359
\MPnumerator=\count525
\makeMPintoPDFobject=\count526
\everyMPtoPDFconversion=\toks64
) (/usr/share/texmf-dist/tex/latex/epstopdf-pkg/epstopdf-base.sty
Package: epstopdf-base 2020-01-24 v2.11 Base part for package epstopdf
Package epstopdf-base Info: Redefining graphics rule for `.eps' on input line 485.
 (/usr/share/texmf-dist/tex/latex/latexconfig/epstopdf-sys.cfg
File: epstopdf-sys.cfg 2010/07/13 v1.3 Configuration of (r)epstopdf for TeX Live
))
Package hyperref Info: Link coloring ON on input line 19.

Package pgfplots notification 'compat/show suggested version=true': document has been generated with the most recent feature set (\pgfplotsset{compat=1.18}).

\c@lstlisting=\count527
(/usr/share/texmf-dist/tex/latex/pdflscape/pdflscape.sty
Package: pdflscape 2022-10-27 v0.13 Display of landscape pages in PDF
 (/usr/share/texmf-dist/tex/latex/pdflscape/pdflscape-nometadata.sty
Package: pdflscape-nometadata 2022-10-28 v0.13 Display of landscape pages in PDF (HO)
 (/usr/share/texmf-dist/tex/latex/graphics/lscape.sty
Package: lscape 2020/05/28 v3.02 Landscape Pages (DPC)
)
Package pdflscape Info: Auto-detected driver: pdftex on input line 81.
))
<~/niu/seal.png, id=43, 1204.5pt x 930.47626pt>
File: ~/niu/seal.png Graphic file (type png)
<use ~/niu/seal.png>
Package luatex.def Info: ~/niu/seal.png  used on input line 40.
(luatex.def)             Requested size: 196.57104pt x 151.8466pt.
 [1

{/var/lib/texmf/fonts/map/pdftex/updmap/pdftex.map}</home/datura/niu/seal.png>] (./main.toc
LaTeX Font Info:    Trying to load font information for OT1+lmr on input line 1.
 (/usr/share/texmf-dist/tex/latex/lm/ot1lmr.fd
File: ot1lmr.fd 2015/05/01 v1.6.1 Font defs for Latin Modern
)
LaTeX Font Info:    Trying to load font information for OML+lmm on input line 1.
 (/usr/share/texmf-dist/tex/latex/lm/omllmm.fd
File: omllmm.fd 2015/05/01 v1.6.1 Font defs for Latin Modern
)
LaTeX Font Info:    Trying to load font information for OMS+lmsy on input line 1.
 (/usr/share/texmf-dist/tex/latex/lm/omslmsy.fd
File: omslmsy.fd 2015/05/01 v1.6.1 Font defs for Latin Modern
)
LaTeX Font Info:    Trying to load font information for OMX+lmex on input line 1.
 (/usr/share/texmf-dist/tex/latex/lm/omxlmex.fd
File: omxlmex.fd 2015/05/01 v1.6.1 Font defs for Latin Modern
)
LaTeX Font Info:    External font `lmex10' loaded for size
(Font)              <10> on input line 1.
LaTeX Font Info:    External font `lmex10' loaded for size
(Font)              <7> on input line 1.
LaTeX Font Info:    External font `lmex10' loaded for size
(Font)              <5> on input line 1.
LaTeX Font Info:    Trying to load font information for U+msa on input line 1.
 (/usr/share/texmf-dist/tex/latex/amsfonts/umsa.fd
File: umsa.fd 2013/01/14 v3.01 AMS symbols A
)
LaTeX Font Info:    Trying to load font information for U+msb on input line 1.
 (/usr/share/texmf-dist/tex/latex/amsfonts/umsb.fd
File: umsb.fd 2013/01/14 v3.01 AMS symbols B
)
warning  (pdf backend): ignoring duplicate destination with the name 'page.1'
[1] [2] [3] [4])
\tf@toc=\write7

\openout7 = main.toc
 [5] [6] [7] [8]
\tcb@out=\write8

\openout8 = main.listing
 (./_minted-main/colorful.pygstyle) (./_minted-main/B2D7EB6F017440043C147921AAAE805D3CA551B7BE071163D048394618064433.pygtex
LaTeX Font Info:    External font `lmex10' loaded for size
(Font)              <8> on input line 2.
LaTeX Font Info:    External font `lmex10' loaded for size
(Font)              <6> on input line 2.
) [9]
\openout8 = main.listing
 (./_minted-main/32B4A712AC91AB919FB5086C5C728DD03CA551B7BE071163D048394618064433.pygtex
LaTeX Font Info:    Font shape `TU/lmtt/bx/n' in size <10> not available
(Font)              Font shape `TU/lmtt/b/n' tried instead on input line 5.
LaTeX Font Info:    Font shape `TU/lmtt/bx/n' in size <8> not available
(Font)              Font shape `TU/lmtt/b/n' tried instead on input line 5.
)
\openout8 = main.listing
 (./_minted-main/1C5971494B7B1B870FADCBF2A1DF87093CA551B7BE071163D048394618064433.pygtex) [10]
Underfull \hbox (badness 3229) in paragraph at lines 331--333
[]\TU/lmr/bx/n/10 Fixed-Width In-te-ger Types: (de-fined in
 []

[11]
\openout8 = main.listing
 (./_minted-main/261483FA79F98AFDD93895030D5FBE3C3CA551B7BE071163D048394618064433.pygtex)
\openout8 = main.listing
 (./_minted-main/8A64EAAC63975333BF92D52046DC15203CA551B7BE071163D048394618064433.pygtex) [12]
\openout8 = main.listing
 (./_minted-main/76DEFF97BDC4E212CDED7D43051783623CA551B7BE071163D048394618064433.pygtex)
\openout8 = main.listing
 (./_minted-main/CEFFCF71D79E27925355DC7CD83479B73CA551B7BE071163D048394618064433.pygtex) [13]
\openout8 = main.listing
 (./_minted-main/9FE1ED1AA34EA23A6A41E829F4E84B663CA551B7BE071163D048394618064433.pygtex) [14]
\openout8 = main.listing
 (./_minted-main/7FF7504A3B5D396264BE562EA2A7C7AF3CA551B7BE071163D048394618064433.pygtex)
\openout8 = main.listing
 (./_minted-main/B3639BE5730E6E919AC9F0A2CE8C281B3CA551B7BE071163D048394618064433.pygtex)
\openout8 = main.listing
 (./_minted-main/F2CB33D4F9AFE73C81528B5D72A596D53CA551B7BE071163D048394618064433.pygtex) [15]
\openout8 = main.listing
 (./_minted-main/11000DED3D1F8C9186DAC11CB3A85BC53CA551B7BE071163D048394618064433.pygtex)
\openout8 = main.listing
 (./_minted-main/4BC06FD978A007D47DAFABCF847446CA3CA551B7BE071163D048394618064433.pygtex)
\openout8 = main.listing
 (./_minted-main/387EBEB20C9A7BF02F000FC9564438123CA551B7BE071163D048394618064433.pygtex) [16]
\openout8 = main.listing
 (./_minted-main/BA9FBBD19D40A8B424CE47782C3004B33CA551B7BE071163D048394618064433.pygtex)
\openout8 = main.listing
 (./_minted-main/08CDD5810F741D1BB01CDFDFAF7C84263CA551B7BE071163D048394618064433.pygtex)
\openout8 = main.listing
 (./_minted-main/B9E0AC90CEB80161EBE8E77D06BD80053CA551B7BE071163D048394618064433.pygtex)
\openout8 = main.listing
 (./_minted-main/33DC57FF7E6F33BB5FF8DA75B87F99C23CA551B7BE071163D048394618064433.pygtex)
\openout8 = main.listing
 (./_minted-main/874DCE93BDFF0DDDA41E9F666BD31FA73CA551B7BE071163D048394618064433.pygtex)
\openout8 = main.listing
 (./_minted-main/145530230228C27760C3BFF97356D7893CA551B7BE071163D048394618064433.pygtex) [17]
\openout8 = main.listing
 (./_minted-main/4AA5E9E13AEFA0F1AE9AFA42AB4C2D323CA551B7BE071163D048394618064433.pygtex)
\openout8 = main.listing
 (./_minted-main/BA34539AF20A4BF85087477B9025577F3CA551B7BE071163D048394618064433.pygtex)
\openout8 = main.listing
 (./_minted-main/B45D825C7A3F4026904F0B2BDFB05C953CA551B7BE071163D048394618064433.pygtex) [18]
Overfull \hbox (71.02061pt too wide) in paragraph at lines 798--821
[] [] 
 []

[19]
\openout8 = main.listing
 (./_minted-main/B7E9BC3A045A538F00EE8B5480AD94993CA551B7BE071163D048394618064433.pygtex)
\openout8 = main.listing
 (./_minted-main/130CD418AA48035A1B14341026F38BB63CA551B7BE071163D048394618064433.pygtex)
\openout8 = main.listing
 (./_minted-main/6E25344DAA3D33006823042AC748D1193CA551B7BE071163D048394618064433.pygtex)
\openout8 = main.listing
 (./_minted-main/BE6F0B4A3859EE33181E2BDEB707995E3CA551B7BE071163D048394618064433.pygtex)
\openout8 = main.listing
 (./_minted-main/8A3A9AD49EDA7E924FA89C33F7FDF6883CA551B7BE071163D048394618064433.pygtex) [20]
\openout8 = main.listing
 (./_minted-main/E2297F483E91D871A4EE1F90545F20783CA551B7BE071163D048394618064433.pygtex)
\openout8 = main.listing
 (./_minted-main/3AF59EFD3AA01B8C8BA62FBC6A8ED7143CA551B7BE071163D048394618064433.pygtex)
\openout8 = main.listing
 (./_minted-main/67D7EBAEE29997E83ECCF8B76D38371C3CA551B7BE071163D048394618064433.pygtex) [21]
\openout8 = main.listing
 (./_minted-main/6036FBB67F09AAEFD07BE68AFA1D93F03CA551B7BE071163D048394618064433.pygtex)
\openout8 = main.listing
 (./_minted-main/86B497052D723CE5AC78347EF2F1ABE03CA551B7BE071163D048394618064433.pygtex) [22]
\openout8 = main.listing
 (./_minted-main/94F08AB04436249CDFD75D9C974322A23CA551B7BE071163D048394618064433.pygtex)
\openout8 = main.listing
 (./_minted-main/9CD55C9C140E4164D42D55E7D9BD9FD83CA551B7BE071163D048394618064433.pygtex)
\openout8 = main.listing
 (./_minted-main/8285A0B2A9476C457573EBAE3377123F3CA551B7BE071163D048394618064433.pygtex)
\openout8 = main.listing
 (./_minted-main/77346E94FDC506AEDC0A16EB38713EA73CA551B7BE071163D048394618064433.pygtex)
\openout8 = main.listing
 (./_minted-main/79C1840E766DEB6EEE3F2DECDC760CB53CA551B7BE071163D048394618064433.pygtex) [23]
\openout8 = main.listing
 (./_minted-main/B909120896C7688F8A338E2283F2C28D3CA551B7BE071163D048394618064433.pygtex)
\openout8 = main.listing
 (./_minted-main/98C0ACB6401656AEAA918155CF2B53C63CA551B7BE071163D048394618064433.pygtex)
\openout8 = main.listing
 (./_minted-main/889C8EAAEE8317028E4C52454F42728A3CA551B7BE071163D048394618064433.pygtex)
\openout8 = main.listing
 (./_minted-main/84728DA8816FF16F7ACD459CC1B045993CA551B7BE071163D048394618064433.pygtex)
\openout8 = main.listing
 (./_minted-main/CD1BB859D91A65AE2395A3F43CC395853CA551B7BE071163D048394618064433.pygtex) [24]
\openout8 = main.listing
 (./_minted-main/4F877416B701B50C3C73B2E1A7397E393CA551B7BE071163D048394618064433.pygtex) [25]
\openout8 = main.listing
 (./_minted-main/F46FDBC753F24AD2FDF348745B74FDC93CA551B7BE071163D048394618064433.pygtex)
\openout8 = main.listing

(./_minted-main/BF06A2BA8669A668FFB93D41807F77A13CA551B7BE071163D048394618064433.pygtex)
\openout8 = main.listing
 (./_minted-main/FF62A2BD89204ADAAEE51FCC41F4C70A3CA551B7BE071163D048394618064433.pygtex) [26]
\openout8 = main.listing
 (./_minted-main/530B8A4FDFB21F2E80AE3605F403387C3CA551B7BE071163D048394618064433.pygtex)
\openout8 = main.listing
 (./_minted-main/8FDD8D745E6C9CC6823D491BD44B93713CA551B7BE071163D048394618064433.pygtex)
\openout8 = main.listing
 (./_minted-main/5F3285611171738A9C8EB5C61DA616143CA551B7BE071163D048394618064433.pygtex) [27] [28]
\openout8 = main.listing
 (./_minted-main/F8C4D0449D850F9BD56A87AD9700BC8D3CA551B7BE071163D048394618064433.pygtex)
\openout8 = main.listing
 (./_minted-main/A0C5575BA6CDA40A60D891B8C2291E9D3CA551B7BE071163D048394618064433.pygtex)
\openout8 = main.listing
 (./_minted-main/43A8F489A141D5FE7500E157CDED6AEC3CA551B7BE071163D048394618064433.pygtex)
\openout8 = main.listing
 (./_minted-main/C1099892A8AD939F96E2E21B511651B33CA551B7BE071163D048394618064433.pygtex) [29]
\openout8 = main.listing
 (./_minted-main/570DE2197AFB0BCA1CCF8F79588F5BDD3CA551B7BE071163D048394618064433.pygtex) [30]
<./figures/flowchart1.png, id=651, 180.675pt x 207.77625pt>
File: ./figures/flowchart1.png Graphic file (type png)
<use ./figures/flowchart1.png>
Package luatex.def Info: ./figures/flowchart1.png  used on input line 1515.
(luatex.def)             Requested size: 108.40582pt x 124.6667pt.
<./figures/flowchart2.png, id=652, 243.91125pt x 207.77625pt>
File: ./figures/flowchart2.png Graphic file (type png)
<use ./figures/flowchart2.png>
Package luatex.def Info: ./figures/flowchart2.png  used on input line 1520.
(luatex.def)             Requested size: 146.34787pt x 124.6667pt.
<./figures/flowchart3.png, id=653, 361.35pt x 261.97874pt>
File: ./figures/flowchart3.png Graphic file (type png)
<use ./figures/flowchart3.png>
Package luatex.def Info: ./figures/flowchart3.png  used on input line 1525.
(luatex.def)             Requested size: 180.67456pt x 130.98904pt.

Overfull \hbox (33.24252pt too wide) in paragraph at lines 1525--1526
 [] 
 []


\openout8 = main.listing
(./_minted-main/AD657F949C53B947E0F5FE41EF0E24CE3CA551B7BE071163D048394618064433.pygtex)
\openout8 = main.listing
 (./_minted-main/C93B004EA75159866CF6C6E6E8072A943CA551B7BE071163D048394618064433.pygtex) [31<./figures/flowchart1.png><./figures/flowchart2.png><./figures/flowchart3.png>]
\openout8 = main.listing
 (./_minted-main/14EA22006D167CA590AF2ABE458CECD23CA551B7BE071163D048394618064433.pygtex)
\openout8 = main.listing
 (./_minted-main/D2DE33F71EB48A03E9A3DE0091F1ACAB3CA551B7BE071163D048394618064433.pygtex) [32]
\openout8 = main.listing
 (./_minted-main/35797366749D7F325FC79CB3DEE8AFA23CA551B7BE071163D048394618064433.pygtex) (./figures/while.pdf_tex
<./figures//while.pdf, id=665, page=1, 216.81pt x 144.54pt>
File: ./figures//while.pdf Graphic file (type pdf)
<use ./figures//while.pdf, page 1>
Package luatex.def Info: ./figures//while.pdf , page1 used on input line 56.
(luatex.def)             Requested size: 216.81pt x 144.54623pt.
<./figures//while.pdf, id=666, page=2, 216.81pt x 144.54pt>
File: ./figures//while.pdf Graphic file (type pdf)
<use ./figures//while.pdf, page 2>
Package luatex.def Info: ./figures//while.pdf , page2 used on input line 58.
(luatex.def)             Requested size: 216.81pt x 144.54623pt.
<./figures//while.pdf, id=667, page=3, 216.81pt x 144.54pt>
File: ./figures//while.pdf Graphic file (type pdf)
<use ./figures//while.pdf, page 3>
Package luatex.def Info: ./figures//while.pdf , page3 used on input line 60.
(luatex.def)             Requested size: 216.81pt x 144.54623pt.
<./figures//while.pdf, id=668, page=4, 216.81pt x 144.54pt>
File: ./figures//while.pdf Graphic file (type pdf)
<use ./figures//while.pdf, page 4>
Package luatex.def Info: ./figures//while.pdf , page4 used on input line 63.
(luatex.def)             Requested size: 216.81pt x 144.54623pt.
) [33<./figures//while.pdf><./figures//while.pdf><./figures//while.pdf><./figures//while.pdf>]
\openout8 = main.listing
 (./_minted-main/1704C2835C9663C2237A50B40F4B6C923CA551B7BE071163D048394618064433.pygtex) (./figures/dowhlie3.pdf_tex
<./figures//dowhlie3.pdf, id=673, page=1, 216.81pt x 144.54pt>
File: ./figures//dowhlie3.pdf Graphic file (type pdf)
<use ./figures//dowhlie3.pdf, page 1>
Package luatex.def Info: ./figures//dowhlie3.pdf , page1 used on input line 56.
(luatex.def)             Requested size: 216.81pt x 144.54623pt.
<./figures//dowhlie3.pdf, id=674, page=2, 216.81pt x 144.54pt>
File: ./figures//dowhlie3.pdf Graphic file (type pdf)
<use ./figures//dowhlie3.pdf, page 2>
Package luatex.def Info: ./figures//dowhlie3.pdf , page2 used on input line 58.
(luatex.def)             Requested size: 216.81pt x 144.54623pt.
<./figures//dowhlie3.pdf, id=675, page=3, 216.81pt x 144.54pt>
File: ./figures//dowhlie3.pdf Graphic file (type pdf)
<use ./figures//dowhlie3.pdf, page 3>
Package luatex.def Info: ./figures//dowhlie3.pdf , page3 used on input line 61.
(luatex.def)             Requested size: 216.81pt x 144.54623pt.
) [34<./figures//dowhlie3.pdf><./figures//dowhlie3.pdf><./figures//dowhlie3.pdf>]
\openout8 = main.listing
 (./_minted-main/BDE06970264ED6F31599BB815FB210F13CA551B7BE071163D048394618064433.pygtex)
\openout8 = main.listing
 (./_minted-main/997A9A15F265D5ED5D71CF82ADCBCC243CA551B7BE071163D048394618064433.pygtex) [35]
\openout8 = main.listing
 (./_minted-main/90FB7D585874670389B036A3809500A23CA551B7BE071163D048394618064433.pygtex) [36]
\openout8 = main.listing
 (./_minted-main/B0A961ED7FA4655403C233EF9407FB053CA551B7BE071163D048394618064433.pygtex)
\openout8 = main.listing
 (./_minted-main/488027E48195B3A5F48D993B3A9DDD6B3CA551B7BE071163D048394618064433.pygtex)
\openout8 = main.listing
 (./_minted-main/327FC6A46167B6C2473E068C4E38D3673CA551B7BE071163D048394618064433.pygtex) [37] [38]
\openout8 = main.listing
 (./_minted-main/5F3E52A6E0ED8B38C64FE9B3A9A11E403CA551B7BE071163D048394618064433.pygtex)
\openout8 = main.listing
 (./_minted-main/6EA8653272BA264673F6120B43004D6D3CA551B7BE071163D048394618064433.pygtex)
\openout8 = main.listing
 (./_minted-main/2585A227D462F6EFEFF26CB4591EA52C3CA551B7BE071163D048394618064433.pygtex) [39] [40] [41]
\openout8 = main.listing
 (./_minted-main/3E1AD553AE02D9AB4C007BA315F3961B3CA551B7BE071163D048394618064433.pygtex)
\openout8 = main.listing
 (./_minted-main/1DF9F9665EB0FE06157BAE243A6276253CA551B7BE071163D048394618064433.pygtex)
\openout8 = main.listing
 (./_minted-main/BD3BDBBF56BBFA26E8A58AD1A98CB7AE3CA551B7BE071163D048394618064433.pygtex) [42]
\openout8 = main.listing

(./_minted-main/AFC40418E2DE845476D8B2DF1BD147573CA551B7BE071163D048394618064433.pygtex)
\openout8 = main.listing
 (./_minted-main/F313F018DD8B5E3BDF1969101C52DCD53CA551B7BE071163D048394618064433.pygtex) [43]
\openout8 = main.listing
 (./_minted-main/C44E281D70171070F66270FE04F824703CA551B7BE071163D048394618064433.pygtex) [44]
\openout8 = main.listing
 (./_minted-main/23526AEB9B382A58A6D4C0A577FB61DE3CA551B7BE071163D048394618064433.pygtex)
\openout8 = main.listing
 (./_minted-main/F10E26A491F33FE82FEC2DB942D048CB3CA551B7BE071163D048394618064433.pygtex) [45]
\openout8 = main.listing
 (./_minted-main/99D3C92D8939547413C61C0B4F2AB95E3CA551B7BE071163D048394618064433.pygtex) [46]
\openout8 = main.listing
 (./_minted-main/600A697031DA89F7EC618C7AFE0AC3503CA551B7BE071163D048394618064433.pygtex)
\openout8 = main.listing
 (./_minted-main/987CEA81387A5F4B84F297FA2E95902D3CA551B7BE071163D048394618064433.pygtex) [47]
\openout8 = main.listing
 (./_minted-main/047ADC55B817B10A889DB8476F4BD10C3CA551B7BE071163D048394618064433.pygtex)
\openout8 = main.listing
 (./_minted-main/1459F83392AAB67BF6DDCB87A05DBC9F3CA551B7BE071163D048394618064433.pygtex)
\openout8 = main.listing
 (./_minted-main/6617957A1D9AC516DFB556A2F24DB4F93CA551B7BE071163D048394618064433.pygtex) [48]
\openout8 = main.listing
 (./_minted-main/A273EC194CE3AD14D0EAD9B4B4878AA73CA551B7BE071163D048394618064433.pygtex)
\openout8 = main.listing
 (./_minted-main/DC96189CD90EDC2311DE203CBC982BAA3CA551B7BE071163D048394618064433.pygtex) [49]
\openout8 = main.listing
 (./_minted-main/FF57B085A6F433065DC3D4513F29BD4E3CA551B7BE071163D048394618064433.pygtex)
\openout8 = main.listing
 (./_minted-main/05B6AC0F9DD5453F612EADCD8CEAE81D3CA551B7BE071163D048394618064433.pygtex)
\openout8 = main.listing
 (./_minted-main/B7555E4519C0B1095597A52231C923153CA551B7BE071163D048394618064433.pygtex) [50]
\openout8 = main.listing
 (./_minted-main/607DA63919652F5BD4CECAB1CEDDB0CD3CA551B7BE071163D048394618064433.pygtex) [51]
\openout8 = main.listing
 (./_minted-main/B0D0ED7DD83072B9067D625296E71E963CA551B7BE071163D048394618064433.pygtex)
\openout8 = main.listing
 (./_minted-main/31077E31EBAEDAB137F665F8FA5A1B423CA551B7BE071163D048394618064433.pygtex)
\openout8 = main.listing
 (./_minted-main/408999FB6F9F4F8C54968F65D8CA25C13CA551B7BE071163D048394618064433.pygtex) [52]
\openout8 = main.listing
 (./_minted-main/1E3A5D4E5946897540BE708CAAD241DA3CA551B7BE071163D048394618064433.pygtex)
\openout8 = main.listing

(./_minted-main/9CFE0126DE87D9DE5335B9C04C6E33EF3CA551B7BE071163D048394618064433.pygtex)
\openout8 = main.listing
 (./_minted-main/BCC6138ACAFE10932DBEDB61D3A4F2983CA551B7BE071163D048394618064433.pygtex)
\openout8 = main.listing
 (./_minted-main/D978E7526215EAA959B93C60A09BBF183CA551B7BE071163D048394618064433.pygtex)
\openout8 = main.listing
 (./_minted-main/EADB03FA57F2185C91A4593ABC731BDF3CA551B7BE071163D048394618064433.pygtex) [53]
\openout8 = main.listing
 (./_minted-main/BCFC6D5C4450B89B01A7B00CD0285F413CA551B7BE071163D048394618064433.pygtex)
\openout8 = main.listing
 (./_minted-main/D483115B6ED9922E68D9B033CC7E7B103CA551B7BE071163D048394618064433.pygtex) [54]
\openout8 = main.listing
 (./_minted-main/5BE5F7ADAD8E75B998B6A8D6D511DA513CA551B7BE071163D048394618064433.pygtex)
\openout8 = main.listing
 (./_minted-main/8A18E018D5678573E9C5B1AFD70DC7773CA551B7BE071163D048394618064433.pygtex) [55]
\openout8 = main.listing
 (./_minted-main/FDC2CA2255911A2D46CB02A201DBE3793CA551B7BE071163D048394618064433.pygtex) [56]
\openout8 = main.listing
 (./_minted-main/3D5C34243467BAF1167A6B97EE8934EC3CA551B7BE071163D048394618064433.pygtex)
\openout8 = main.listing
 (./_minted-main/5D9F960E5E271AFA20742796B46885203CA551B7BE071163D048394618064433.pygtex) [57] [58]
\openout8 = main.listing
 (./_minted-main/A6484065C9E6BC61AD1BC6007A41BEE13CA551B7BE071163D048394618064433.pygtex)
\openout8 = main.listing
 (./_minted-main/EB1881342E10DCBECB1FE5DC44DD71B73CA551B7BE071163D048394618064433.pygtex) [59]
\openout8 = main.listing
 (./_minted-main/D283C31D170F99D9F12BC78AA27252D73CA551B7BE071163D048394618064433.pygtex)
\openout8 = main.listing
 (./_minted-main/1B93A85A5D7EEDBD27231F0BB57B8F4C3CA551B7BE071163D048394618064433.pygtex)
\openout8 = main.listing
 (./_minted-main/1C57A257EBDA37256618CDEF4531481E3CA551B7BE071163D048394618064433.pygtex)
\openout8 = main.listing
 (./_minted-main/C24B9F89BC904B49EF7E555570FC42BA3CA551B7BE071163D048394618064433.pygtex) [60]
\openout8 = main.listing
 (./_minted-main/831078F9DF4C7D9F9BF7BE536CCAA77D3CA551B7BE071163D048394618064433.pygtex)
\openout8 = main.listing
 (./_minted-main/E2538C72135DC0068695E7C90925C2BA3CA551B7BE071163D048394618064433.pygtex) [61]
\openout8 = main.listing
 (./_minted-main/59C4466DBC5AA94E38C334D8BDF2F6F93CA551B7BE071163D048394618064433.pygtex)
\openout8 = main.listing
 (./_minted-main/D346DDEDE13D7208C0D6E5F0F6C921FA3CA551B7BE071163D048394618064433.pygtex) [62]
\openout8 = main.listing

(./_minted-main/3CC5CEC7EC1E03FE506294B1C513E0BA3CA551B7BE071163D048394618064433.pygtex)
\openout8 = main.listing
 (./_minted-main/209D2CCC2468359DA36E569C8EA620F23CA551B7BE071163D048394618064433.pygtex)
\openout8 = main.listing
 (./_minted-main/12E43E3406165A0676E1E96CED75A5563CA551B7BE071163D048394618064433.pygtex) [63] [64]
\openout8 = main.listing
 (./_minted-main/2B83946E723AC5727EFF5EBCBC89A5363CA551B7BE071163D048394618064433.pygtex)
\openout8 = main.listing
 (./_minted-main/BF75664467C1C43993A779A96AE0F31F3CA551B7BE071163D048394618064433.pygtex)
\openout8 = main.listing
 (./_minted-main/71F4BD923CA9036C3F34404F66DBF2233CA551B7BE071163D048394618064433.pygtex) [65] [66]
\openout8 = main.listing
 (./_minted-main/B958C5E9C74E538800937857DDC1F7663CA551B7BE071163D048394618064433.pygtex)
\openout8 = main.listing
 (./_minted-main/2F31C7141981A1DD359B4A1BA0055BEA3CA551B7BE071163D048394618064433.pygtex)
\openout8 = main.listing
 (./_minted-main/C55D87E7A85A5BFDAD3D04BE910DED9B3CA551B7BE071163D048394618064433.pygtex) [67]
\openout8 = main.listing
 (./_minted-main/E96D5DD21880B878BA8282C56A0325103CA551B7BE071163D048394618064433.pygtex)
\openout8 = main.listing
 (./_minted-main/83C747477D84921233B8BBD3E57DAEBF3CA551B7BE071163D048394618064433.pygtex) [68]
\openout8 = main.listing
 (./_minted-main/49CF1A8A12550C74FAA3D8BF3347F1223CA551B7BE071163D048394618064433.pygtex)
\openout8 = main.listing
 (./_minted-main/D4CD9621F27C54E006D05207B2FD221B3CA551B7BE071163D048394618064433.pygtex) [69]
\openout8 = main.listing
 (./_minted-main/95DDE015BB4CFB84B71FBAFB31DF57633CA551B7BE071163D048394618064433.pygtex) [70]
\openout8 = main.listing
 (./_minted-main/04F52915C6BA8E9525F285A2FC5A2A863CA551B7BE071163D048394618064433.pygtex) [71]
\openout8 = main.listing
 (./_minted-main/6B334632E7B14688FF88784586CEC6BE3CA551B7BE071163D048394618064433.pygtex)
\openout8 = main.listing
 (./_minted-main/2118319CBFF4C0B1ED806F9AFDD5BBE73CA551B7BE071163D048394618064433.pygtex)
\openout8 = main.listing
 (./_minted-main/B2964C03628895115C42CE757533FB483CA551B7BE071163D048394618064433.pygtex) [72]
\openout8 = main.listing
 (./_minted-main/58C7E15C6B4D707351921569E63B7ED43CA551B7BE071163D048394618064433.pygtex)
\openout8 = main.listing
 (./_minted-main/21DAD89805026A48DF6A6BA10D89197C3CA551B7BE071163D048394618064433.pygtex) [73]
\openout8 = main.listing
 (./_minted-main/CBFE2F15F713FDF580A0793F1244C3D53CA551B7BE071163D048394618064433.pygtex)
\openout8 = main.listing

(./_minted-main/59A04B99FFFA56D2915E2C325B04F0043CA551B7BE071163D048394618064433.pygtex)
\openout8 = main.listing
 (./_minted-main/D2F24EE7EA45430F7DE4FAED4FAA0A4A3CA551B7BE071163D048394618064433.pygtex) [74]
\openout8 = main.listing
 (./_minted-main/90FB14B6CB8EDB5D36B808A519D14C0B3CA551B7BE071163D048394618064433.pygtex)
\openout8 = main.listing
 (./_minted-main/26E4AAC8BC0CEBB172B9F3BCE005069B3CA551B7BE071163D048394618064433.pygtex) [75]
\openout8 = main.listing
 (./_minted-main/474D3907BF4FE9C6C36BC5B4563AE18B3CA551B7BE071163D048394618064433.pygtex)
\openout8 = main.listing
 (./_minted-main/0F3B88A77B6129BC65A9F3BDF17373333CA551B7BE071163D048394618064433.pygtex) [76]
\openout8 = main.listing
 (./_minted-main/A46713CCD9FB68A2DFF46D3CD7318E9F3CA551B7BE071163D048394618064433.pygtex)
\openout8 = main.listing
 (./_minted-main/8CF69B5472C03295A504B5EC91A792BC3CA551B7BE071163D048394618064433.pygtex)
\openout8 = main.listing
 (./_minted-main/F19F26FCB3536C3F84B64FF62B52437C3CA551B7BE071163D048394618064433.pygtex) [77]
\openout8 = main.listing
 (./_minted-main/995351B0E32D206175E9C645060954C73CA551B7BE071163D048394618064433.pygtex)
\openout8 = main.listing
 (./_minted-main/9BF57975A592FAFA6BDE55D5F06824163CA551B7BE071163D048394618064433.pygtex)
\openout8 = main.listing
 (./_minted-main/4CE7CC565B8F722C661A8FE4E64CAFD43CA551B7BE071163D048394618064433.pygtex) [78]
\openout8 = main.listing
 (./_minted-main/924D2F4B23DCBD87AD920B79D2D67D3B3CA551B7BE071163D048394618064433.pygtex)
\openout8 = main.listing
 (./_minted-main/4E7DE405192C41BE40E5C9E68FE6EFF43CA551B7BE071163D048394618064433.pygtex)
\openout8 = main.listing
 (./_minted-main/EC7199C73DAFD9DB07C3C9D7122B9E043CA551B7BE071163D048394618064433.pygtex) [79]
\openout8 = main.listing
 (./_minted-main/F168C81B2D1CFECFF7B8A3004BDFFDAE3CA551B7BE071163D048394618064433.pygtex)
\openout8 = main.listing
 (./_minted-main/B29533EAA754E75AF67717CD181EAF0F3CA551B7BE071163D048394618064433.pygtex)
\openout8 = main.listing
 (./_minted-main/F88033D1163F2D8DFF1F0B3820EF90DF3CA551B7BE071163D048394618064433.pygtex)
\openout8 = main.listing
 (./_minted-main/6E85DCF3F5B8DBFE547D72B0422795583CA551B7BE071163D048394618064433.pygtex)
\openout8 = main.listing
 (./_minted-main/EDEA21A84715B0EED93F2C58379387B93CA551B7BE071163D048394618064433.pygtex) [80]
\openout8 = main.listing
 (./_minted-main/3564797B4B604880DA19C59CF80051593CA551B7BE071163D048394618064433.pygtex)
\openout8 = main.listing
 (./_minted-main/ADB59AF9BCD1090DE2FBF18CCB30BFFD3CA551B7BE071163D048394618064433.pygtex)
[81] [82]
\openout8 = main.listing
 (./_minted-main/540E5680E2CB858FE4EB0B6B8BE030AF3CA551B7BE071163D048394618064433.pygtex)
\openout8 = main.listing
 (./_minted-main/4653F9B11179A4A0768917D93042D1103CA551B7BE071163D048394618064433.pygtex)
\openout8 = main.listing
 (./_minted-main/2BC97D3F707D7AE537E928D64C0440333CA551B7BE071163D048394618064433.pygtex)
\openout8 = main.listing
 (./_minted-main/61F4A2DC6FADA06E88086CB4682F557F3CA551B7BE071163D048394618064433.pygtex)
./main.tex:3875: Misplaced alignment tab character &.
<argument> Capture by Reference ([&
                        ]):
l.3875 ...\item \textbf{Capture by Reference ([&]):}
                                                   All variables used in the...
I can't figure out why you would want to use a tab mark
here. If you just want an ampersand, the remedy is
simple: Just type `I\&' now. But if some right brace
up above has ended a previous alignment prematurely,
you're probably due for more error messages, and you
might try typing `S' now just to see what is salvageable.


\openout8 = main.listing
(./_minted-main/0D20F2170B967D868529E7A378CED87F3CA551B7BE071163D048394618064433.pygtex)
\openout8 = main.listing
 (./_minted-main/74401171970AD45F31210D30955F4C513CA551B7BE071163D048394618064433.pygtex)
./main.tex:3887: Misplaced alignment tab character &.
<argument> Capture Specific Variable by Reference ([&
                                          x]):
l.3887 ...re Specific Variable by Reference ([&x]):}
                                                   Only the specified variab...
I can't figure out why you would want to use a tab mark
here. If you just want an ampersand, the remedy is
simple: Just type `I\&' now. But if some right brace
up above has ended a previous alignment prematurely,
you're probably due for more error messages, and you
might try typing `S' now just to see what is salvageable.


\openout8 = main.listing
(./_minted-main/3E0480FABAC411B1289C9CDFB0FB6BF33CA551B7BE071163D048394618064433.pygtex) [83]
./main.tex:3893: Misplaced alignment tab character &.
<argument> ...re Some by Value and Others by Reference ([x, &
                                                  y]):
l.3893 ... Value and Others by Reference ([x, &y]):}
                                                   You can mix capturing by ...
I can't figure out why you would want to use a tab mark
here. If you just want an ampersand, the remedy is
simple: Just type `I\&' now. But if some right brace
up above has ended a previous alignment prematurely,
you're probably due for more error messages, and you
might try typing `S' now just to see what is salvageable.


\openout8 = main.listing
(./_minted-main/FB0299A31F1BD796AF1CC97BABE860D83CA551B7BE071163D048394618064433.pygtex)
\openout8 = main.listing
 (./_minted-main/0C0D35E0FEAB0C361C51337C094EDC763CA551B7BE071163D048394618064433.pygtex)
\openout8 = main.listing
 (./_minted-main/CC3FBB252A8E2F6390A8B3187AD4C7E03CA551B7BE071163D048394618064433.pygtex)
./main.tex:3913: Misplaced alignment tab character &.
<argument> ...ult Capture by Reference, Specific by Value ([&
                                                  , x]):
l.3913 ...by Reference, Specific by Value ([&, x]):}
                                                   Captures most variables b...
I can't figure out why you would want to use a tab mark
here. If you just want an ampersand, the remedy is
simple: Just type `I\&' now. But if some right brace
up above has ended a previous alignment prematurely,
you're probably due for more error messages, and you
might try typing `S' now just to see what is salvageable.


\openout8 = main.listing
(./_minted-main/5C063836218EDDE75C34B386925527453CA551B7BE071163D048394618064433.pygtex)
./main.tex:3919: Misplaced alignment tab character &.
<argument> ... Capture by Value, Specific by Reference ([=, &
                                                  y]):
l.3919 ...y Value, Specific by Reference ([=, &y]):}
                                                   Captures most variables b...
I can't figure out why you would want to use a tab mark
here. If you just want an ampersand, the remedy is
simple: Just type `I\&' now. But if some right brace
up above has ended a previous alignment prematurely,
you're probably due for more error messages, and you
might try typing `S' now just to see what is salvageable.


\openout8 = main.listing
(./_minted-main/B1320A93A9260F005B5B8AB04CCFCBFE3CA551B7BE071163D048394618064433.pygtex) [84]
\openout8 = main.listing
 (./_minted-main/B27A0EBA9AEE2CF1511BD156436EF5DA3CA551B7BE071163D048394618064433.pygtex)
\openout8 = main.listing
 (./_minted-main/E143F24CE71E337B348C2A89153B8AE83CA551B7BE071163D048394618064433.pygtex) [85]
\openout8 = main.listing
 (./_minted-main/10A18250FBA2B5EB2EFF5FBDE6908A383CA551B7BE071163D048394618064433.pygtex) [86]
\openout8 = main.listing
 (./_minted-main/AC3A0F071BF29DAE6F46897F45CD5CFA3CA551B7BE071163D048394618064433.pygtex)
\openout8 = main.listing
 (./_minted-main/1567670578A9FAEEB489E6374AEAB7573CA551B7BE071163D048394618064433.pygtex) [87]
\openout8 = main.listing
 (./_minted-main/75144F524F7A4F729B49DE30DA904DB33CA551B7BE071163D048394618064433.pygtex)
\openout8 = main.listing
 (./_minted-main/EB3C9D7755D976E484626CFAAFB8D6AF3CA551B7BE071163D048394618064433.pygtex) [88]
\openout8 = main.listing
 (./_minted-main/6868F31C1EF1F76B45BEA84D1B06AFEA3CA551B7BE071163D048394618064433.pygtex)
\openout8 = main.listing
 (./_minted-main/101FC0976904D5E10A4FDD4F1E7CBA4F3CA551B7BE071163D048394618064433.pygtex) [89]
\openout8 = main.listing
 (./_minted-main/7D435D71378BC1773D87C2DD41A0C8343CA551B7BE071163D048394618064433.pygtex) [90] (./main.aux))

Here is how much of LuaTeX's memory you used:
 59042 strings out of 478285
 195326,2373549 words of node,token memory allocated
 1960 words of node memory still in use:
   31 hlist, 2 vlist, 14 rule, 12 glue, 4 kern, 1 glyph, 93 attribute, 161 glue_spec, 93 attribute_list, 3 write, 24 pdf_literal, 1 pdf_action, 24 pdf_colorstack nodes
   avail lists: 1:1,2:6305,3:882,4:816,5:2145,6:152,7:8920,8:12,9:6246,10:120,11:1898
 73672 multiletter control sequences out of 65536+600000
 68 fonts using 5835871 bytes
 91i,15n,98p,922b,1120s stack positions out of 10000i,1000n,20000p,200000b,200000s
</usr/share/texmf-dist/fonts/opentype/public/lm/lmroman10-bolditalic.otf>{/usr/share/texmf-dist/fonts/enc/dvips/lm/lm-mathex.enc}{/usr/share/texmf-dist/fonts/enc/dvips/lm/lm-rm.enc}{/usr/share/texmf-dist/fonts/enc/dvips/lm/lm-mathsy.enc}</usr/share/texmf-dist/fonts/opentype/public/lm/lmroman6-regular.otf></usr/share/texmf-dist/fonts/opentype/public/lm/lmroman7-regular.otf>{/usr/share/texmf-dist/fonts/enc/dvips/lm/lm-mathit.enc}</usr/share/texmf-dist/fonts/opentype/public/lm/lmroman8-regular.otf></usr/share/texmf-dist/fonts/opentype/public/lm/lmroman7-italic.otf></usr/share/texmf-dist/fonts/opentype/public/fontawesome5/FontAwesome5Free-Solid-900.otf></usr/share/texmf-dist/fonts/opentype/public/lm/lmmonolt10-bold.otf></usr/share/texmf-dist/fonts/opentype/public/lm/lmmono10-regular.otf></usr/share/texmf-dist/fonts/opentype/public/lm/lmroman5-regular.otf></usr/share/texmf-dist/fonts/opentype/public/lm/lmroman10-italic.otf></usr/share/texmf-dist/fonts/opentype/public/lm/lmroman12-bold.otf></usr/share/texmf-dist/fonts/opentype/public/lm/lmroman10-regular.otf></usr/share/texmf-dist/fonts/opentype/public/lm/lmroman10-bold.otf></usr/share/texmf-dist/fonts/type1/public/lm/lmex10.pfb></usr/share/texmf-dist/fonts/type1/public/lm/lmmi10.pfb></usr/share/texmf-dist/fonts/type1/public/lm/lmmi5.pfb></usr/share/texmf-dist/fonts/type1/public/lm/lmr10.pfb></usr/share/texmf-dist/fonts/type1/public/lm/lmr7.pfb></usr/share/texmf-dist/fonts/type1/public/lm/lmsy10.pfb></usr/share/texmf-dist/fonts/type1/public/lm/lmsy5.pfb>
Output written on main.pdf (91 pages, 440602 bytes).

PDF statistics: 1673 PDF objects out of 1728 (max. 8388607)
 1480 compressed objects within 15 object streams
 328 named destinations out of 1000 (max. 131072)
 1912 words of extra memory for PDF output out of 10000 (max. 100000000)

